#log
2023-08-16T12:49:28.930789+0200 INFO Started listening to verification code email.[MAIN.PY]
2023-08-16T12:49:33.931468+0200 INFO Found Opus login code: 283252[MAIN.PY]
2023-08-16T12:54:38.669481+0200 INFO Started listening to verification code email.[MAIN.PY]
2023-08-16T12:54:43.670200+0200 INFO Found Opus login code: 495632[MAIN.PY]
2023-08-16T12:59:25.083570+0200 INFO Started listening to verification code email.[MAIN.PY]
2023-08-16T12:59:30.084570+0200 INFO Found Opus login code: 020033[MAIN.PY]
2023-08-16T13:02:52.057886+0200 INFO Bad proxy! Searching for new one...(1)[MAIN.PY]
2023-08-16T13:03:20.361976+0200 INFO Started listening to verification code email.[MAIN.PY]
2023-08-16T13:03:25.362760+0200 INFO Found Opus login code: 364865[MAIN.PY]
2023-08-16T13:03:42.480403+0200 ERROR Main script ended work with exception: Message: element click intercepted: Element <input aria-invalid="false" autocomplete="off" id=":r5:" placeholder="Drop a YouTube link" type="text" class="MuiInputBase-input MuiOutlinedInput-input MuiInputBase-inputSizeSmall MuiInputBase-inputAdornedStart MuiInputBase-inputAdornedEnd css-1i72gb9" value=""> is not clickable at point (861, 255). Other element would receive the click: <div class="MuiDialog-container MuiDialog-scrollPaper css-18jsq4d" role="presentation" tabindex="-1" style="opacity: 0; transition: opacity 195ms cubic-bezier(0.4, 0, 0.2, 1) 0ms;">...</div>
  (Session info: chrome=114.0.5735.133)
Stacktrace:
#0 0x5571343df4e3 <unknown>
#1 0x55713410ec76 <unknown>
#2 0x5571341509d4 <unknown>
#3 0x55713414ecbd <unknown>
#4 0x55713414cd2e <unknown>
#5 0x55713414c10f <unknown>
#6 0x5571341411da <unknown>
#7 0x55713416a012 <unknown>
#8 0x557134140b03 <unknown>
#9 0x55713416a1de <unknown>
#10 0x55713418230e <unknown>
#11 0x557134169de3 <unknown>
#12 0x55713413f2dd <unknown>
#13 0x55713414034e <unknown>
#14 0x55713439f3e4 <unknown>
#15 0x5571343a33d7 <unknown>
#16 0x5571343adb20 <unknown>
#17 0x5571343a4023 <unknown>
#18 0x5571343721aa <unknown>
#19 0x5571343c86b8 <unknown>
#20 0x5571343c8847 <unknown>
#21 0x5571343d8243 <unknown>
#22 0x7f958c22e609 start_thread
[MAIN.PY]
Traceback (most recent call last):

  File "/home/isfluder/Desktop/automated-yt-upload/sequence.py", line 25, in <module>
    run(1)
    └ <function run at 0x7f1583c71440>

> File "/home/isfluder/Desktop/automated-yt-upload/sequence.py", line 15, in run
    fetcher.register_step_2(code=code, yt_link='https://youtu.be/QlZNGcVfeF0')
    │       │                    └ '364865'
    │       └ <function Fetcher.register_step_2 at 0x7f1581a84540>
    └ <opus_fetcher.Fetcher object at 0x7f1581a81110>

  File "/home/isfluder/Desktop/automated-yt-upload/opus_fetcher.py", line 94, in register_step_2
    search_for_element_and_send_keys(self.driver, By.ID, ':r5:', yt_link)
    │                                │    │       │  │           └ 'https://youtu.be/QlZNGcVfeF0'
    │                                │    │       │  └ 'id'
    │                                │    │       └ <class 'selenium.webdriver.common.by.By'>
    │                                │    └ <undetected_chromedriver.Chrome (session="825124e4cb238c53eec67ed3840ff96c")>
    │                                └ <opus_fetcher.Fetcher object at 0x7f1581a81110>
    └ <function search_for_element_and_send_keys at 0x7f157f4c7920>

  File "/home/isfluder/Desktop/automated-yt-upload/opus_fetcher.py", line 32, in search_for_element_and_send_keys
    element.click()
    │       └ <function WebElement.click at 0x7f1581bc1300>
    └ <undetected_chromedriver.webelement.WebElement (session="825124e4cb238c53eec67ed3840ff96c", element="B4D50B6E10842A1F96981B0A...

  File "/home/isfluder/.local/lib/python3.11/site-packages/selenium/webdriver/remote/webelement.py", line 94, in click
    self._execute(Command.CLICK_ELEMENT)
    │    │        │       └ 'clickElement'
    │    │        └ <class 'selenium.webdriver.remote.command.Command'>
    │    └ <function WebElement._execute at 0x7f1581bc22a0>
    └ <undetected_chromedriver.webelement.WebElement (session="825124e4cb238c53eec67ed3840ff96c", element="B4D50B6E10842A1F96981B0A...
  File "/home/isfluder/.local/lib/python3.11/site-packages/selenium/webdriver/remote/webelement.py", line 395, in _execute
    return self._parent.execute(command, params)
           │    │       │       │        └ {'id': 'B4D50B6E10842A1F96981B0AD8734658_element_32'}
           │    │       │       └ 'clickElement'
           │    │       └ <function WebDriver.execute at 0x7f1581bdcb80>
           │    └ <undetected_chromedriver.Chrome (session="825124e4cb238c53eec67ed3840ff96c")>
           └ <undetected_chromedriver.webelement.WebElement (session="825124e4cb238c53eec67ed3840ff96c", element="B4D50B6E10842A1F96981B0A...
  File "/home/isfluder/.local/lib/python3.11/site-packages/selenium/webdriver/remote/webdriver.py", line 345, in execute
    self.error_handler.check_response(response)
    │    │             │              └ {'status': 400, 'value': '{"value":{"error":"element click intercepted","message":"element click intercepted: Element \\u003C...
    │    │             └ <function ErrorHandler.check_response at 0x7f1581b79300>
    │    └ <selenium.webdriver.remote.errorhandler.ErrorHandler object at 0x7f1581a98b50>
    └ <undetected_chromedriver.Chrome (session="825124e4cb238c53eec67ed3840ff96c")>
  File "/home/isfluder/.local/lib/python3.11/site-packages/selenium/webdriver/remote/errorhandler.py", line 229, in check_response
    raise exception_class(message, screen, stacktrace)
          │               │        │       └ ['#0 0x5571343df4e3 <unknown>', '#1 0x55713410ec76 <unknown>', '#2 0x5571341509d4 <unknown>', '#3 0x55713414ecbd <unknown>', ...
          │               │        └ None
          │               └ 'element click intercepted: Element <input aria-invalid="false" autocomplete="off" id=":r5:" placeholder="Drop a YouTube link...
          └ <class 'selenium.common.exceptions.ElementClickInterceptedException'>

selenium.common.exceptions.ElementClickInterceptedException: Message: element click intercepted: Element <input aria-invalid="false" autocomplete="off" id=":r5:" placeholder="Drop a YouTube link" type="text" class="MuiInputBase-input MuiOutlinedInput-input MuiInputBase-inputSizeSmall MuiInputBase-inputAdornedStart MuiInputBase-inputAdornedEnd css-1i72gb9" value=""> is not clickable at point (861, 255). Other element would receive the click: <div class="MuiDialog-container MuiDialog-scrollPaper css-18jsq4d" role="presentation" tabindex="-1" style="opacity: 0; transition: opacity 195ms cubic-bezier(0.4, 0, 0.2, 1) 0ms;">...</div>
  (Session info: chrome=114.0.5735.133)
Stacktrace:
#0 0x5571343df4e3 <unknown>
#1 0x55713410ec76 <unknown>
#2 0x5571341509d4 <unknown>
#3 0x55713414ecbd <unknown>
#4 0x55713414cd2e <unknown>
#5 0x55713414c10f <unknown>
#6 0x5571341411da <unknown>
#7 0x55713416a012 <unknown>
#8 0x557134140b03 <unknown>
#9 0x55713416a1de <unknown>
#10 0x55713418230e <unknown>
#11 0x557134169de3 <unknown>
#12 0x55713413f2dd <unknown>
#13 0x55713414034e <unknown>
#14 0x55713439f3e4 <unknown>
#15 0x5571343a33d7 <unknown>
#16 0x5571343adb20 <unknown>
#17 0x5571343a4023 <unknown>
#18 0x5571343721aa <unknown>
#19 0x5571343c86b8 <unknown>
#20 0x5571343c8847 <unknown>
#21 0x5571343d8243 <unknown>
#22 0x7f958c22e609 start_thread
2023-08-16T13:34:51.259550+0200 INFO Running program...(0)[MAIN.PY]
2023-08-16T13:35:08.034008+0200 INFO Started listening to verification code email.[MAIN.PY]
2023-08-16T13:35:13.034890+0200 INFO Found Opus login code: 787159[MAIN.PY]
2023-08-16T13:35:52.737884+0200 SUCCESS Finished browsing the web![MAIN.PY]
2023-08-16T13:55:49.279166+0200 INFO Bad proxy! Searching for new one...(1)[MAIN.PY]
2023-08-16T13:56:09.226949+0200 INFO Bad proxy! Searching for new one...(2)[MAIN.PY]
2023-08-16T13:56:23.916985+0200 INFO Running program...(1)[MAIN.PY]
2023-08-16T13:56:39.847377+0200 INFO Started listening to verification code email.[MAIN.PY]
2023-08-16T13:56:44.848198+0200 INFO Found Opus login code: 453654[MAIN.PY]
2023-08-16T13:56:59.765640+0200 WARNING Main script ended work with exception. Class returned: IP Blocked! ... retrying[MAIN.PY]
2023-08-16T13:57:18.218951+0200 INFO Bad proxy! Searching for new one...(1)[MAIN.PY]
2023-08-16T13:57:30.790348+0200 INFO Running program...(1)[MAIN.PY]
2023-08-16T13:57:47.209695+0200 INFO Started listening to verification code email.[MAIN.PY]
2023-08-16T13:57:52.210794+0200 INFO Found Opus login code: 700540[MAIN.PY]
2023-08-16T13:58:11.787936+0200 WARNING Main script ended work with exception. Class returned: IP Blocked! ... retrying[MAIN.PY]
2023-08-16T13:58:30.463624+0200 INFO Bad proxy! Searching for new one...(1)[MAIN.PY]
2023-08-16T13:58:49.712257+0200 INFO Bad proxy! Searching for new one...(2)[MAIN.PY]
2023-08-16T13:59:12.412049+0200 INFO Bad proxy! Searching for new one...(3)[MAIN.PY]
2023-08-16T13:59:32.785928+0200 INFO Bad proxy! Searching for new one...(4)[MAIN.PY]
2023-08-16T13:59:42.000761+0200 INFO Running program...(1)[MAIN.PY]
2023-08-16T14:00:40.239206+0200 INFO Started listening to verification code email.[MAIN.PY]
2023-08-16T14:00:45.240056+0200 INFO Found Opus login code: 366332[MAIN.PY]
2023-08-16T14:01:05.273697+0200 WARNING Main script ended work with exception. Class returned: IP Blocked! ... retrying[MAIN.PY]
2023-08-16T14:01:24.484801+0200 INFO Bad proxy! Searching for new one...(1)[MAIN.PY]
2023-08-16T14:01:44.992396+0200 INFO Bad proxy! Searching for new one...(2)[MAIN.PY]
2023-08-16T14:01:59.369544+0200 INFO Running program...(1)[MAIN.PY]
2023-08-16T14:02:17.290489+0200 INFO Started listening to verification code email.[MAIN.PY]
2023-08-16T14:02:22.291286+0200 INFO Found Opus login code: 474033[MAIN.PY]
2023-08-16T14:03:00.910328+0200 SUCCESS Finished browsing the web![MAIN.PY]
2023-08-16T14:17:48.420219+0200 INFO Running program...(1)[MAIN.PY]
2023-08-16T14:18:05.344631+0200 INFO Started listening to verification code email.[MAIN.PY]
2023-08-16T14:18:10.345341+0200 INFO Found Opus login code: 501479[MAIN.PY]
2023-08-16T14:19:03.975898+0200 INFO Tracking url: https://clip.opus.pro/clip/P00816122thP?utm_source=opus[MAIN.PY]
2023-08-16T14:19:04.056156+0200 SUCCESS Finished browsing the web![MAIN.PY]
2023-08-16T14:45:05.426746+0200 INFO Bad proxy! Searching for new one...(1)[MAIN.PY]
2023-08-16T14:45:29.383301+0200 INFO Bad proxy! Searching for new one...(2)[MAIN.PY]
2023-08-16T14:46:22.252048+0200 INFO Running program...(1)[MAIN.PY]
2023-08-16T14:46:38.401047+0200 INFO Started listening to verification code email.[MAIN.PY]
2023-08-16T14:46:43.402248+0200 INFO Found Opus login code: 629239[MAIN.PY]
2023-08-16T14:47:29.375151+0200 INFO Tracking url: https://clip.opus.pro/clip/P0081612pep5?utm_source=opus[MAIN.PY]
2023-08-16T14:47:29.486477+0200 SUCCESS Finished browsing the web![MAIN.PY]
2023-08-16T16:06:10.167932+0200 INFO Running program...(1)[MAIN.PY]
2023-08-16T16:06:28.708073+0200 INFO Started listening to verification code email.[MAIN.PY]
2023-08-16T16:06:33.708694+0200 INFO Found Opus login code: 253934[MAIN.PY]
2023-08-16T16:06:49.671993+0200 WARNING Main script ended work with exception. Class returned: IP Blocked! ... retrying[MAIN.PY]
2023-08-16T16:06:58.836498+0200 INFO Running program...(1)[MAIN.PY]
2023-08-16T16:07:13.654953+0200 INFO Started listening to verification code email.[MAIN.PY]
2023-08-16T16:07:18.655598+0200 INFO Found Opus login code: 419518[MAIN.PY]
2023-08-16T16:08:04.468228+0200 INFO Tracking url: https://clip.opus.pro/clip/P0081614JoVw?utm_source=opus[MAIN.PY]
2023-08-16T16:08:04.541462+0200 SUCCESS Finished browsing the web![MAIN.PY]
2023-08-16T20:49:42.486966+0200 ERROR Main script ended work with exception: Expecting value: line 1 column 1 (char 0)[MAIN.PY]
Traceback (most recent call last):

  File "/home/isfluder/Desktop/automated-yt-upload/sequence.py", line 47, in <module>
    run(1)
    └ <function run at 0x7fed08c51da0>

> File "/home/isfluder/Desktop/automated-yt-upload/sequence.py", line 31, in run
    link = inbox.listen_for_clip_link()
           │     └ <function YogoInbox.listen_for_clip_link at 0x7fed07307740>
           └ <yogopy.YogoInbox object at 0x7fed0727fb90>

  File "/home/isfluder/Desktop/automated-yt-upload/yogopy.py", line 44, in listen_for_clip_link
    output = self._yogo_binary_interaction("./yogo inbox list "+self.username+" 1 --json")
             │    │                                             │    └ 'stridersneedlecase1937'
             │    │                                             └ <yogopy.YogoInbox object at 0x7fed0727fb90>
             │    └ <function YogoInbox._yogo_binary_interaction at 0x7fed07307600>
             └ <yogopy.YogoInbox object at 0x7fed0727fb90>

  File "/home/isfluder/Desktop/automated-yt-upload/yogopy.py", line 18, in _yogo_binary_interaction
    _output = json.loads(_output)
              │    │     └ 'Error: failure when fetching https://yopmail.com : Get "https://yopmail.com": dial tcp: lookup yopmail.com on 1.1.1.1:53: di...
              │    └ <function loads at 0x7fed0997e020>
              └ <module 'json' from '/usr/lib/python3.11/json/__init__.py'>

  File "/usr/lib/python3.11/json/__init__.py", line 346, in loads
    return _default_decoder.decode(s)
           │                │      └ 'Error: failure when fetching https://yopmail.com : Get "https://yopmail.com": dial tcp: lookup yopmail.com on 1.1.1.1:53: di...
           │                └ <function JSONDecoder.decode at 0x7fed0997d9e0>
           └ <json.decoder.JSONDecoder object at 0x7fed09977810>
  File "/usr/lib/python3.11/json/decoder.py", line 337, in decode
    obj, end = self.raw_decode(s, idx=_w(s, 0).end())
               │    │          │      │  └ 'Error: failure when fetching https://yopmail.com : Get "https://yopmail.com": dial tcp: lookup yopmail.com on 1.1.1.1:53: di...
               │    │          │      └ <built-in method match of re.Pattern object at 0x7fed09b39630>
               │    │          └ 'Error: failure when fetching https://yopmail.com : Get "https://yopmail.com": dial tcp: lookup yopmail.com on 1.1.1.1:53: di...
               │    └ <function JSONDecoder.raw_decode at 0x7fed0997da80>
               └ <json.decoder.JSONDecoder object at 0x7fed09977810>
  File "/usr/lib/python3.11/json/decoder.py", line 355, in raw_decode
    raise JSONDecodeError("Expecting value", s, err.value) from None
          │                                  └ 'Error: failure when fetching https://yopmail.com : Get "https://yopmail.com": dial tcp: lookup yopmail.com on 1.1.1.1:53: di...
          └ <class 'json.decoder.JSONDecodeError'>

json.decoder.JSONDecodeError: Expecting value: line 1 column 1 (char 0)
2023-08-16T20:49:42.499450+0200 SUCCESS Work finished! shutting off...[MAIN.PY]
2023-08-16T21:05:26.510776+0200 ERROR Main script ended work with exception: Message: no such window: target window already closed
from unknown error: web view not found
  (Session info: chrome=114.0.5735.133)
Stacktrace:
#0 0x55de650944e3 <unknown>
#1 0x55de64dc3c76 <unknown>
#2 0x55de64d9dc6c <unknown>
#3 0x55de64e23f8f <unknown>
#4 0x55de64e36d66 <unknown>
#5 0x55de64e1ede3 <unknown>
#6 0x55de64df42dd <unknown>
#7 0x55de64df534e <unknown>
#8 0x55de650543e4 <unknown>
#9 0x55de650583d7 <unknown>
#10 0x55de65062b20 <unknown>
#11 0x55de65059023 <unknown>
#12 0x55de650271aa <unknown>
#13 0x55de6507d6b8 <unknown>
#14 0x55de6507d847 <unknown>
#15 0x55de6508d243 <unknown>
#16 0x7fec38dbc609 start_thread
[MAIN.PY]
Traceback (most recent call last):

  File "/home/isfluder/Desktop/automated-yt-upload/sequence.py", line 21, in run
    fetcher = opus_fetcher.Fetcher()
              │            └ <class 'opus_fetcher.Fetcher'>
              └ <module 'opus_fetcher' from '/home/isfluder/Desktop/automated-yt-upload/opus_fetcher.py'>

  File "/home/isfluder/Desktop/automated-yt-upload/opus_fetcher.py", line 67, in __init__
    frame = WebDriverWait(self.driver, TIMEOUT).until(EC.presence_of_element_located((By.ID, "app-iframe")))
            │             │    │       │              │  │                            │  └ 'id'
            │             │    │       │              │  │                            └ <class 'selenium.webdriver.common.by.By'>
            │             │    │       │              │  └ <function presence_of_element_located at 0x7f848031e200>
            │             │    │       │              └ <module 'selenium.webdriver.support.expected_conditions' from '/home/isfluder/.local/lib/python3.11/site-packages/selenium/we...
            │             │    │       └ 15
            │             │    └ <undetected_chromedriver.Chrome (session="ef12e66e142196a59e6b6e6ed9c08700")>
            │             └ <opus_fetcher.Fetcher object at 0x7f8482480990>
            └ <class 'selenium.webdriver.support.wait.WebDriverWait'>

  File "/home/isfluder/.local/lib/python3.11/site-packages/selenium/webdriver/support/wait.py", line 86, in until
    value = method(self._driver)
            │      │    └ <undetected_chromedriver.Chrome (session="ef12e66e142196a59e6b6e6ed9c08700")>
            │      └ <selenium.webdriver.support.wait.WebDriverWait (session="ef12e66e142196a59e6b6e6ed9c08700")>
            └ <function presence_of_element_located.<locals>._predicate at 0x7f84845fd300>
  File "/home/isfluder/.local/lib/python3.11/site-packages/selenium/webdriver/support/expected_conditions.py", line 82, in _predicate
    return driver.find_element(*locator)
           │      │             └ ('id', 'app-iframe')
           │      └ <function WebDriver.find_element at 0x7f8480279e40>
           └ <undetected_chromedriver.Chrome (session="ef12e66e142196a59e6b6e6ed9c08700")>
  File "/home/isfluder/.local/lib/python3.11/site-packages/selenium/webdriver/remote/webdriver.py", line 739, in find_element
    return self.execute(Command.FIND_ELEMENT, {"using": by, "value": value})["value"]
           │    │       │       │                       │            └ '[id="app-iframe"]'
           │    │       │       │                       └ 'css selector'
           │    │       │       └ 'findElement'
           │    │       └ <class 'selenium.webdriver.remote.command.Command'>
           │    └ <function WebDriver.execute at 0x7f8480278a40>
           └ <undetected_chromedriver.Chrome (session="ef12e66e142196a59e6b6e6ed9c08700")>
  File "/home/isfluder/.local/lib/python3.11/site-packages/selenium/webdriver/remote/webdriver.py", line 345, in execute
    self.error_handler.check_response(response)
    │    │             │              └ {'status': 404, 'value': '{"value":{"error":"no such window","message":"no such window: target window already closed\\nfrom u...
    │    │             └ <function ErrorHandler.check_response at 0x7f84825791c0>
    │    └ <selenium.webdriver.remote.errorhandler.ErrorHandler object at 0x7f8482483c10>
    └ <undetected_chromedriver.Chrome (session="ef12e66e142196a59e6b6e6ed9c08700")>
  File "/home/isfluder/.local/lib/python3.11/site-packages/selenium/webdriver/remote/errorhandler.py", line 229, in check_response
    raise exception_class(message, screen, stacktrace)
          │               │        │       └ ['#0 0x55de650944e3 <unknown>', '#1 0x55de64dc3c76 <unknown>', '#2 0x55de64d9dc6c <unknown>', '#3 0x55de64e23f8f <unknown>', ...
          │               │        └ None
          │               └ 'no such window: target window already closed\nfrom unknown error: web view not found\n  (Session info: chrome=114.0.5735.133)'
          └ <class 'selenium.common.exceptions.NoSuchWindowException'>

selenium.common.exceptions.NoSuchWindowException: Message: no such window: target window already closed
from unknown error: web view not found
  (Session info: chrome=114.0.5735.133)
Stacktrace:
#0 0x55de650944e3 <unknown>
#1 0x55de64dc3c76 <unknown>
#2 0x55de64d9dc6c <unknown>
#3 0x55de64e23f8f <unknown>
#4 0x55de64e36d66 <unknown>
#5 0x55de64e1ede3 <unknown>
#6 0x55de64df42dd <unknown>
#7 0x55de64df534e <unknown>
#8 0x55de650543e4 <unknown>
#9 0x55de650583d7 <unknown>
#10 0x55de65062b20 <unknown>
#11 0x55de65059023 <unknown>
#12 0x55de650271aa <unknown>
#13 0x55de6507d6b8 <unknown>
#14 0x55de6507d847 <unknown>
#15 0x55de6508d243 <unknown>
#16 0x7fec38dbc609 start_thread



During handling of the above exception, another exception occurred:


Traceback (most recent call last):

  File "/home/isfluder/Desktop/automated-yt-upload/sequence.py", line 47, in <module>
    run(1)
    └ <function run at 0x7f8483eb5da0>

> File "/home/isfluder/Desktop/automated-yt-upload/sequence.py", line 37, in run
    if fetcher.wish != None:

UnboundLocalError: cannot access local variable 'fetcher' where it is not associated with a value
2023-08-16T21:05:26.530323+0200 INFO Work finished! shutting off...[MAIN.PY]
2023-08-16T21:06:11.809648+0200 ERROR Main script ended work with exception: Message: no such window: target window already closed
from unknown error: web view not found
  (Session info: chrome=114.0.5735.133)
Stacktrace:
#0 0x5611100bb4e3 <unknown>
#1 0x56110fdeac76 <unknown>
#2 0x56110fdc4c6c <unknown>
#3 0x56110fe4af8f <unknown>
#4 0x56110fe5dd66 <unknown>
#5 0x56110fe45de3 <unknown>
#6 0x56110fe1b2dd <unknown>
#7 0x56110fe1c34e <unknown>
#8 0x56111007b3e4 <unknown>
#9 0x56111007f3d7 <unknown>
#10 0x561110089b20 <unknown>
#11 0x561110080023 <unknown>
#12 0x56111004e1aa <unknown>
#13 0x5611100a46b8 <unknown>
#14 0x5611100a4847 <unknown>
#15 0x5611100b4243 <unknown>
#16 0x7f988fbc3609 start_thread
[MAIN.PY]
Traceback (most recent call last):

  File "/home/isfluder/Desktop/automated-yt-upload/sequence.py", line 21, in run
    fetcher = opus_fetcher.Fetcher()
              │            └ <class 'opus_fetcher.Fetcher'>
              └ <module 'opus_fetcher' from '/home/isfluder/Desktop/automated-yt-upload/opus_fetcher.py'>

  File "/home/isfluder/Desktop/automated-yt-upload/opus_fetcher.py", line 67, in __init__
    frame = WebDriverWait(self.driver, TIMEOUT).until(EC.presence_of_element_located((By.ID, "app-iframe")))
            │             │    │       │              │  │                            │  └ 'id'
            │             │    │       │              │  │                            └ <class 'selenium.webdriver.common.by.By'>
            │             │    │       │              │  └ <function presence_of_element_located at 0x7fb0983d6200>
            │             │    │       │              └ <module 'selenium.webdriver.support.expected_conditions' from '/home/isfluder/.local/lib/python3.11/site-packages/selenium/we...
            │             │    │       └ 15
            │             │    └ <undetected_chromedriver.Chrome (session="40ec300835efdc2dc09be9ab2d2e6906")>
            │             └ <opus_fetcher.Fetcher object at 0x7fb099161ad0>
            └ <class 'selenium.webdriver.support.wait.WebDriverWait'>

  File "/home/isfluder/.local/lib/python3.11/site-packages/selenium/webdriver/support/wait.py", line 86, in until
    value = method(self._driver)
            │      │    └ <undetected_chromedriver.Chrome (session="40ec300835efdc2dc09be9ab2d2e6906")>
            │      └ <selenium.webdriver.support.wait.WebDriverWait (session="40ec300835efdc2dc09be9ab2d2e6906")>
            └ <function presence_of_element_located.<locals>._predicate at 0x7fb09b379300>
  File "/home/isfluder/.local/lib/python3.11/site-packages/selenium/webdriver/support/expected_conditions.py", line 82, in _predicate
    return driver.find_element(*locator)
           │      │             └ ('id', 'app-iframe')
           │      └ <function WebDriver.find_element at 0x7fb098335e40>
           └ <undetected_chromedriver.Chrome (session="40ec300835efdc2dc09be9ab2d2e6906")>
  File "/home/isfluder/.local/lib/python3.11/site-packages/selenium/webdriver/remote/webdriver.py", line 739, in find_element
    return self.execute(Command.FIND_ELEMENT, {"using": by, "value": value})["value"]
           │    │       │       │                       │            └ '[id="app-iframe"]'
           │    │       │       │                       └ 'css selector'
           │    │       │       └ 'findElement'
           │    │       └ <class 'selenium.webdriver.remote.command.Command'>
           │    └ <function WebDriver.execute at 0x7fb098334a40>
           └ <undetected_chromedriver.Chrome (session="40ec300835efdc2dc09be9ab2d2e6906")>
  File "/home/isfluder/.local/lib/python3.11/site-packages/selenium/webdriver/remote/webdriver.py", line 345, in execute
    self.error_handler.check_response(response)
    │    │             │              └ {'status': 404, 'value': '{"value":{"error":"no such window","message":"no such window: target window already closed\\nfrom u...
    │    │             └ <function ErrorHandler.check_response at 0x7fb0992dd1c0>
    │    └ <selenium.webdriver.remote.errorhandler.ErrorHandler object at 0x7fb09914da50>
    └ <undetected_chromedriver.Chrome (session="40ec300835efdc2dc09be9ab2d2e6906")>
  File "/home/isfluder/.local/lib/python3.11/site-packages/selenium/webdriver/remote/errorhandler.py", line 229, in check_response
    raise exception_class(message, screen, stacktrace)
          │               │        │       └ ['#0 0x5611100bb4e3 <unknown>', '#1 0x56110fdeac76 <unknown>', '#2 0x56110fdc4c6c <unknown>', '#3 0x56110fe4af8f <unknown>', ...
          │               │        └ None
          │               └ 'no such window: target window already closed\nfrom unknown error: web view not found\n  (Session info: chrome=114.0.5735.133)'
          └ <class 'selenium.common.exceptions.NoSuchWindowException'>

selenium.common.exceptions.NoSuchWindowException: Message: no such window: target window already closed
from unknown error: web view not found
  (Session info: chrome=114.0.5735.133)
Stacktrace:
#0 0x5611100bb4e3 <unknown>
#1 0x56110fdeac76 <unknown>
#2 0x56110fdc4c6c <unknown>
#3 0x56110fe4af8f <unknown>
#4 0x56110fe5dd66 <unknown>
#5 0x56110fe45de3 <unknown>
#6 0x56110fe1b2dd <unknown>
#7 0x56110fe1c34e <unknown>
#8 0x56111007b3e4 <unknown>
#9 0x56111007f3d7 <unknown>
#10 0x561110089b20 <unknown>
#11 0x561110080023 <unknown>
#12 0x56111004e1aa <unknown>
#13 0x5611100a46b8 <unknown>
#14 0x5611100a4847 <unknown>
#15 0x5611100b4243 <unknown>
#16 0x7f988fbc3609 start_thread



During handling of the above exception, another exception occurred:


Traceback (most recent call last):

  File "/home/isfluder/Desktop/automated-yt-upload/sequence.py", line 47, in <module>
    run(1)
    └ <function run at 0x7fb09abc9da0>

> File "/home/isfluder/Desktop/automated-yt-upload/sequence.py", line 37, in run
    if fetcher.wish != None:

UnboundLocalError: cannot access local variable 'fetcher' where it is not associated with a value
2023-08-16T21:06:11.827197+0200 INFO Work finished! shutting off...[MAIN.PY]
2023-08-16T21:07:16.351515+0200 INFO Running program...(1)[MAIN.PY]
2023-08-16T21:07:32.323942+0200 INFO Started listening to verification code email.[MAIN.PY]
2023-08-16T21:07:37.324578+0200 INFO Found Opus login code: 664040[MAIN.PY]
2023-08-16T21:08:13.529055+0200 ERROR Main script ended work with exception: Message: no such window: target window already closed
from unknown error: web view not found
  (Session info: chrome=114.0.5735.133)
Stacktrace:
#0 0x556fb5b134e3 <unknown>
#1 0x556fb5842c76 <unknown>
#2 0x556fb581cc6c <unknown>
#3 0x556fb58a2f8f <unknown>
#4 0x556fb58b5d66 <unknown>
#5 0x556fb589dde3 <unknown>
#6 0x556fb58732dd <unknown>
#7 0x556fb587434e <unknown>
#8 0x556fb5ad33e4 <unknown>
#9 0x556fb5ad73d7 <unknown>
#10 0x556fb5ae1b20 <unknown>
#11 0x556fb5ad8023 <unknown>
#12 0x556fb5aa61aa <unknown>
#13 0x556fb5afc6b8 <unknown>
#14 0x556fb5afc847 <unknown>
#15 0x556fb5b0c243 <unknown>
#16 0x7fc1086ae609 start_thread
[MAIN.PY]
Traceback (most recent call last):

  File "/home/isfluder/Desktop/automated-yt-upload/sequence.py", line 47, in <module>
    run(1)
    └ <function run at 0x7fb20ba1dda0>

> File "/home/isfluder/Desktop/automated-yt-upload/sequence.py", line 28, in run
    fetcher.register_step_2(code=code, yt_link='https://youtu.be/fFArt844xaY')
    │       │                    └ '664040'
    │       └ <function Fetcher.register_step_2 at 0x7fb209fe4400>
    └ <opus_fetcher.Fetcher object at 0x7fb209fe0810>

  File "/home/isfluder/Desktop/automated-yt-upload/opus_fetcher.py", line 101, in register_step_2
    search_for_element_and_click(self.driver, By.XPATH, '//button[text()="Start clipping"]')
    │                            │    │       │  └ 'xpath'
    │                            │    │       └ <class 'selenium.webdriver.common.by.By'>
    │                            │    └ <undetected_chromedriver.Chrome (session="fb41dc43b49741157a485a6679bd45d9")>
    │                            └ <opus_fetcher.Fetcher object at 0x7fb209fe0810>
    └ <function search_for_element_and_click at 0x7fb20a083240>

  File "/home/isfluder/Desktop/automated-yt-upload/opus_fetcher.py", line 26, in search_for_element_and_click
    element = WebDriverWait(browser, TIMEOUT).until(EC.presence_of_element_located((by, selector)))
              │             │        │              │  │                            │   └ '//button[text()="Start clipping"]'
              │             │        │              │  │                            └ 'xpath'
              │             │        │              │  └ <function presence_of_element_located at 0x7fb2091de200>
              │             │        │              └ <module 'selenium.webdriver.support.expected_conditions' from '/home/isfluder/.local/lib/python3.11/site-packages/selenium/we...
              │             │        └ 15
              │             └ <undetected_chromedriver.Chrome (session="fb41dc43b49741157a485a6679bd45d9")>
              └ <class 'selenium.webdriver.support.wait.WebDriverWait'>

  File "/home/isfluder/.local/lib/python3.11/site-packages/selenium/webdriver/support/wait.py", line 86, in until
    value = method(self._driver)
            │      │    └ <undetected_chromedriver.Chrome (session="fb41dc43b49741157a485a6679bd45d9")>
            │      └ <selenium.webdriver.support.wait.WebDriverWait (session="fb41dc43b49741157a485a6679bd45d9")>
            └ <function presence_of_element_located.<locals>._predicate at 0x7fb209fe4540>
  File "/home/isfluder/.local/lib/python3.11/site-packages/selenium/webdriver/support/expected_conditions.py", line 82, in _predicate
    return driver.find_element(*locator)
           │      │             └ ('xpath', '//button[text()="Start clipping"]')
           │      └ <function WebDriver.find_element at 0x7fb20913de40>
           └ <undetected_chromedriver.Chrome (session="fb41dc43b49741157a485a6679bd45d9")>
  File "/home/isfluder/.local/lib/python3.11/site-packages/selenium/webdriver/remote/webdriver.py", line 739, in find_element
    return self.execute(Command.FIND_ELEMENT, {"using": by, "value": value})["value"]
           │    │       │       │                       │            └ '//button[text()="Start clipping"]'
           │    │       │       │                       └ 'xpath'
           │    │       │       └ 'findElement'
           │    │       └ <class 'selenium.webdriver.remote.command.Command'>
           │    └ <function WebDriver.execute at 0x7fb20913ca40>
           └ <undetected_chromedriver.Chrome (session="fb41dc43b49741157a485a6679bd45d9")>
  File "/home/isfluder/.local/lib/python3.11/site-packages/selenium/webdriver/remote/webdriver.py", line 345, in execute
    self.error_handler.check_response(response)
    │    │             │              └ {'status': 404, 'value': '{"value":{"error":"no such window","message":"no such window: target window already closed\\nfrom u...
    │    │             └ <function ErrorHandler.check_response at 0x7fb20a0dd1c0>
    │    └ <selenium.webdriver.remote.errorhandler.ErrorHandler object at 0x7fb209f825d0>
    └ <undetected_chromedriver.Chrome (session="fb41dc43b49741157a485a6679bd45d9")>
  File "/home/isfluder/.local/lib/python3.11/site-packages/selenium/webdriver/remote/errorhandler.py", line 229, in check_response
    raise exception_class(message, screen, stacktrace)
          │               │        │       └ ['#0 0x556fb5b134e3 <unknown>', '#1 0x556fb5842c76 <unknown>', '#2 0x556fb581cc6c <unknown>', '#3 0x556fb58a2f8f <unknown>', ...
          │               │        └ None
          │               └ 'no such window: target window already closed\nfrom unknown error: web view not found\n  (Session info: chrome=114.0.5735.133)'
          └ <class 'selenium.common.exceptions.NoSuchWindowException'>

selenium.common.exceptions.NoSuchWindowException: Message: no such window: target window already closed
from unknown error: web view not found
  (Session info: chrome=114.0.5735.133)
Stacktrace:
#0 0x556fb5b134e3 <unknown>
#1 0x556fb5842c76 <unknown>
#2 0x556fb581cc6c <unknown>
#3 0x556fb58a2f8f <unknown>
#4 0x556fb58b5d66 <unknown>
#5 0x556fb589dde3 <unknown>
#6 0x556fb58732dd <unknown>
#7 0x556fb587434e <unknown>
#8 0x556fb5ad33e4 <unknown>
#9 0x556fb5ad73d7 <unknown>
#10 0x556fb5ae1b20 <unknown>
#11 0x556fb5ad8023 <unknown>
#12 0x556fb5aa61aa <unknown>
#13 0x556fb5afc6b8 <unknown>
#14 0x556fb5afc847 <unknown>
#15 0x556fb5b0c243 <unknown>
#16 0x7fc1086ae609 start_thread

2023-08-16T21:08:13.544447+0200 INFO Work finished! shutting off...[MAIN.PY]
2023-08-16T21:08:44.337273+0200 INFO Bad proxy! Searching for new one...(1)[MAIN.PY]
2023-08-16T21:09:03.270345+0200 INFO Running program...(1)[MAIN.PY]
2023-08-16T21:09:21.361244+0200 INFO Started listening to verification code email.[MAIN.PY]
2023-08-16T21:09:26.362053+0200 INFO Found Opus login code: 678229[MAIN.PY]
2023-08-16T21:11:28.945490+0200 INFO Bad proxy! Searching for new one...(1)[MAIN.PY]
2023-08-16T21:11:42.919992+0200 INFO Running program...(1)[MAIN.PY]
2023-08-16T21:12:03.389306+0200 INFO Started listening to verification code email.[MAIN.PY]
2023-08-16T21:12:08.390607+0200 INFO Found Opus login code: 719028[MAIN.PY]
2023-08-16T21:12:24.084391+0200 WARNING Main script ended work with exception. Class returned: IP Blocked! ... retrying[MAIN.PY]
2023-08-16T21:12:39.789978+0200 INFO Running program...(1)[MAIN.PY]
2023-08-16T21:12:56.135381+0200 INFO Started listening to verification code email.[MAIN.PY]
2023-08-16T21:13:01.136054+0200 INFO Found Opus login code: 383690[MAIN.PY]
2023-08-16T21:14:27.378084+0200 ERROR Main script ended work with exception: <urlopen error [Errno -2] Name or service not known>[MAIN.PY]
Traceback (most recent call last):

  File "/usr/lib/python3.11/urllib/request.py", line 1348, in do_open
    h.request(req.get_method(), req.selector, req.data, headers,
    │ │       │   │             │   │         │   │     └ {'Host': 'chromedriver.storage.googleapis.com', 'User-Agent': 'Python-urllib/3.11', 'Connection': 'close'}
    │ │       │   │             │   │         │   └ <property object at 0x7fc734caa570>
    │ │       │   │             │   │         └ <urllib.request.Request object at 0x7fc732ff3210>
    │ │       │   │             │   └ '/LATEST_RELEASE'
    │ │       │   │             └ <urllib.request.Request object at 0x7fc732ff3210>
    │ │       │   └ <function Request.get_method at 0x7fc734cc09a0>
    │ │       └ <urllib.request.Request object at 0x7fc732ff3210>
    │ └ <function HTTPConnection.request at 0x7fc735187f60>
    └ <http.client.HTTPSConnection object at 0x7fc733091b50>
  File "/usr/lib/python3.11/http/client.py", line 1286, in request
    self._send_request(method, url, body, headers, encode_chunked)
    │    │             │       │    │     │        └ False
    │    │             │       │    │     └ {'Host': 'chromedriver.storage.googleapis.com', 'User-Agent': 'Python-urllib/3.11', 'Connection': 'close'}
    │    │             │       │    └ None
    │    │             │       └ '/LATEST_RELEASE'
    │    │             └ 'GET'
    │    └ <function HTTPConnection._send_request at 0x7fc73518c040>
    └ <http.client.HTTPSConnection object at 0x7fc733091b50>
  File "/usr/lib/python3.11/http/client.py", line 1332, in _send_request
    self.endheaders(body, encode_chunked=encode_chunked)
    │    │          │                    └ False
    │    │          └ None
    │    └ <function HTTPConnection.endheaders at 0x7fc735187ec0>
    └ <http.client.HTTPSConnection object at 0x7fc733091b50>
  File "/usr/lib/python3.11/http/client.py", line 1281, in endheaders
    self._send_output(message_body, encode_chunked=encode_chunked)
    │    │            │                            └ False
    │    │            └ None
    │    └ <function HTTPConnection._send_output at 0x7fc735187a60>
    └ <http.client.HTTPSConnection object at 0x7fc733091b50>
  File "/usr/lib/python3.11/http/client.py", line 1041, in _send_output
    self.send(msg)
    │    │    └ b'GET /LATEST_RELEASE HTTP/1.1\r\nAccept-Encoding: identity\r\nHost: chromedriver.storage.googleapis.com\r\nUser-Agent: Pytho...
    │    └ <function HTTPConnection.send at 0x7fc735187880>
    └ <http.client.HTTPSConnection object at 0x7fc733091b50>
  File "/usr/lib/python3.11/http/client.py", line 979, in send
    self.connect()
    │    └ <function HTTPSConnection.connect at 0x7fc7351f9620>
    └ <http.client.HTTPSConnection object at 0x7fc733091b50>
  File "/usr/lib/python3.11/http/client.py", line 1451, in connect
    super().connect()
  File "/usr/lib/python3.11/http/client.py", line 945, in connect
    self.sock = self._create_connection(
    │    │      │    └ <function create_connection at 0x7fc7354aed40>
    │    │      └ <http.client.HTTPSConnection object at 0x7fc733091b50>
    │    └ None
    └ <http.client.HTTPSConnection object at 0x7fc733091b50>
  File "/usr/lib/python3.11/socket.py", line 827, in create_connection
    for res in getaddrinfo(host, port, 0, SOCK_STREAM):
               │           │     │        └ <SocketKind.SOCK_STREAM: 1>
               │           │     └ 443
               │           └ 'chromedriver.storage.googleapis.com'
               └ <function getaddrinfo at 0x7fc7354aef20>
  File "/usr/lib/python3.11/socket.py", line 962, in getaddrinfo
    for res in _socket.getaddrinfo(host, port, family, type, proto, flags):
               │       │           │     │     │       │     │      └ 0
               │       │           │     │     │       │     └ 0
               │       │           │     │     │       └ <SocketKind.SOCK_STREAM: 1>
               │       │           │     │     └ 0
               │       │           │     └ 443
               │       │           └ 'chromedriver.storage.googleapis.com'
               │       └ <built-in function getaddrinfo>
               └ <module '_socket' (built-in)>

socket.gaierror: [Errno -2] Name or service not known


During handling of the above exception, another exception occurred:


Traceback (most recent call last):

  File "/home/isfluder/Desktop/automated-yt-upload/sequence.py", line 21, in run
    fetcher = opus_fetcher.Fetcher()
              │            └ <class 'opus_fetcher.Fetcher'>
              └ <module 'opus_fetcher' from '/home/isfluder/Desktop/automated-yt-upload/opus_fetcher.py'>

  File "/home/isfluder/Desktop/automated-yt-upload/opus_fetcher.py", line 64, in __init__
    self.driver = chromedriver.Chrome(headless=False,use_subprocess=False, options=self.opt)
    │             │            │                                                   │    └ <selenium.webdriver.chrome.options.Options object at 0x7fc733090d50>
    │             │            │                                                   └ <opus_fetcher.Fetcher object at 0x7fc733090e10>
    │             │            └ <class 'undetected_chromedriver.Chrome'>
    │             └ <module 'undetected_chromedriver' from '/home/isfluder/.local/lib/python3.11/site-packages/undetected_chromedriver/__init__.py'>
    └ <opus_fetcher.Fetcher object at 0x7fc733090e10>

  File "/home/isfluder/.local/lib/python3.11/site-packages/undetected_chromedriver/__init__.py", line 258, in __init__
    self.patcher.auto()
    │    │       └ <function Patcher.auto at 0x7fc732f88040>
    │    └ Patcher(/home/isfluder/.local/share/undetected_chromedriver/undetected_chromedriver)
    └ <undetected_chromedriver.Chrome (session="None")>
  File "/home/isfluder/.local/lib/python3.11/site-packages/undetected_chromedriver/patcher.py", line 157, in auto
    release = self.fetch_release_number()
              │    └ <function Patcher.fetch_release_number at 0x7fc732f882c0>
              └ Patcher(/home/isfluder/.local/share/undetected_chromedriver/undetected_chromedriver)
  File "/home/isfluder/.local/lib/python3.11/site-packages/undetected_chromedriver/patcher.py", line 225, in fetch_release_number
    return LooseVersion(urlopen(self.url_repo + path).read().decode())
           │            │       │    │          └ '/LATEST_RELEASE'
           │            │       │    └ 'https://chromedriver.storage.googleapis.com'
           │            │       └ Patcher(/home/isfluder/.local/share/undetected_chromedriver/undetected_chromedriver)
           │            └ <function urlopen at 0x7fc734c72a20>
           └ <class 'distutils.version.LooseVersion'>
  File "/usr/lib/python3.11/urllib/request.py", line 216, in urlopen
    return opener.open(url, data, timeout)
           │      │    │    │     └ <object object at 0x7fc735aa0800>
           │      │    │    └ None
           │      │    └ 'https://chromedriver.storage.googleapis.com/LATEST_RELEASE'
           │      └ <function OpenerDirector.open at 0x7fc734cc1260>
           └ <urllib.request.OpenerDirector object at 0x7fc732ff2d90>
  File "/usr/lib/python3.11/urllib/request.py", line 519, in open
    response = self._open(req, data)
               │    │     │    └ None
               │    │     └ <urllib.request.Request object at 0x7fc732ff3210>
               │    └ <function OpenerDirector._open at 0x7fc734cc1300>
               └ <urllib.request.OpenerDirector object at 0x7fc732ff2d90>
  File "/usr/lib/python3.11/urllib/request.py", line 536, in _open
    result = self._call_chain(self.handle_open, protocol, protocol +
             │    │           │    │            │         └ 'https'
             │    │           │    │            └ 'https'
             │    │           │    └ {'unknown': [<urllib.request.UnknownHandler object at 0x7fc7330036d0>], 'http': [<urllib.request.HTTPHandler object at 0x7fc7...
             │    │           └ <urllib.request.OpenerDirector object at 0x7fc732ff2d90>
             │    └ <function OpenerDirector._call_chain at 0x7fc734cc11c0>
             └ <urllib.request.OpenerDirector object at 0x7fc732ff2d90>
  File "/usr/lib/python3.11/urllib/request.py", line 496, in _call_chain
    result = func(*args)
             │     └ (<urllib.request.Request object at 0x7fc732ff3210>,)
             └ <bound method HTTPSHandler.https_open of <urllib.request.HTTPSHandler object at 0x7fc733091890>>
  File "/usr/lib/python3.11/urllib/request.py", line 1391, in https_open
    return self.do_open(http.client.HTTPSConnection, req,
           │    │       │    │      │                └ <urllib.request.Request object at 0x7fc732ff3210>
           │    │       │    │      └ <class 'http.client.HTTPSConnection'>
           │    │       │    └ <module 'http.client' from '/usr/lib/python3.11/http/client.py'>
           │    │       └ <module 'http' from '/usr/lib/python3.11/http/__init__.py'>
           │    └ <function AbstractHTTPHandler.do_open at 0x7fc734cc31a0>
           └ <urllib.request.HTTPSHandler object at 0x7fc733091890>
  File "/usr/lib/python3.11/urllib/request.py", line 1351, in do_open
    raise URLError(err)
          └ <class 'urllib.error.URLError'>

urllib.error.URLError: <urlopen error [Errno -2] Name or service not known>


During handling of the above exception, another exception occurred:


Traceback (most recent call last):

  File "/home/isfluder/Desktop/automated-yt-upload/sequence.py", line 47, in <module>
    run(1)
    └ <function run at 0x7fc734a99da0>

> File "/home/isfluder/Desktop/automated-yt-upload/sequence.py", line 37, in run
    if fetcher.wish != None:

UnboundLocalError: cannot access local variable 'fetcher' where it is not associated with a value
2023-08-16T21:14:27.397076+0200 INFO Work finished! shutting off...[MAIN.PY]
2023-08-16T21:15:50.660968+0200 INFO Running program...(1)[MAIN.PY]
2023-08-16T21:16:09.382455+0200 INFO Started listening to verification code email.[MAIN.PY]
2023-08-16T21:16:14.384479+0200 INFO Found Opus login code: 565253[MAIN.PY]
2023-08-16T21:17:04.017259+0200 INFO Tracking url: https://clip.opus.pro/clip/P0081619FfUV?utm_source=opus[MAIN.PY]
2023-08-16T21:17:04.111403+0200 SUCCESS Finished browsing the web![MAIN.PY]
2023-08-17T17:27:25.181227+0200 INFO Bad proxy! Searching for new one...(1)[MAIN.PY]
2023-08-17T17:27:50.445911+0200 INFO Bad proxy! Searching for new one...(2)[MAIN.PY]
2023-08-17T17:28:07.418966+0200 INFO Running program...(1)[MAIN.PY]
2023-08-17T17:28:07.421125+0200 ERROR Main script ended work with exception: Message: invalid session id
Stacktrace:
#0 0x5563ad94e4e3 <unknown>
#1 0x5563ad67db00 <unknown>
#2 0x5563ad6ad919 <unknown>
#3 0x5563ad6d8f16 <unknown>
#4 0x5563ad6d517a <unknown>
#5 0x5563ad6d48a6 <unknown>
#6 0x5563ad64d263 <unknown>
#7 0x5563ad90e3e4 <unknown>
#8 0x5563ad9123d7 <unknown>
#9 0x5563ad91cb20 <unknown>
#10 0x5563ad913023 <unknown>
#11 0x5563ad8e11aa <unknown>
#12 0x5563ad64ba43 <unknown>
#13 0x7fd322caf0b3 __libc_start_main
[MAIN.PY]
Traceback (most recent call last):

  File "/home/isfluder/Desktop/automated-yt-upload/sequence.py", line 52, in <module>
    run(['https://youtu.be/7doXTqVp16g'])
    └ <function run at 0x7fbc94f19da0>

> File "/home/isfluder/Desktop/automated-yt-upload/sequence.py", line 26, in run
    fetcher.register_step_1(email=email)
    │       │                     └ 'housecleanedboggiest1967@yopmail.com'
    │       └ <function Fetcher.register_step_1 at 0x7fbc92f14220>
    └ <opus_fetcher.Fetcher object at 0x7fbc92e80cd0>

  File "/home/isfluder/Desktop/automated-yt-upload/opus_fetcher.py", line 85, in register_step_1
    search_for_element_and_send_keys(self.driver, By.ID, ':r0:', email)
    │                                │    │       │  │           └ 'housecleanedboggiest1967@yopmail.com'
    │                                │    │       │  └ 'id'
    │                                │    │       └ <class 'selenium.webdriver.common.by.By'>
    │                                │    └ <undetected_chromedriver.Chrome (session="3155ac410e4e2b97a1ee45a3c228b9ab")>
    │                                └ <opus_fetcher.Fetcher object at 0x7fbc92e80cd0>
    └ <function search_for_element_and_send_keys at 0x7fbc935036a0>

  File "/home/isfluder/Desktop/automated-yt-upload/opus_fetcher.py", line 40, in search_for_element_and_send_keys
    element = WebDriverWait(browser, TIMEOUT).until(EC.presence_of_element_located((by, selector)))
              │             │        │              │  │                            │   └ ':r0:'
              │             │        │              │  │                            └ 'id'
              │             │        │              │  └ <function presence_of_element_located at 0x7fbc935020c0>
              │             │        │              └ <module 'selenium.webdriver.support.expected_conditions' from '/home/isfluder/.local/lib/python3.11/site-packages/selenium/we...
              │             │        └ 15
              │             └ <undetected_chromedriver.Chrome (session="3155ac410e4e2b97a1ee45a3c228b9ab")>
              └ <class 'selenium.webdriver.support.wait.WebDriverWait'>

  File "/home/isfluder/.local/lib/python3.11/site-packages/selenium/webdriver/support/wait.py", line 86, in until
    value = method(self._driver)
            │      │    └ <undetected_chromedriver.Chrome (session="3155ac410e4e2b97a1ee45a3c228b9ab")>
            │      └ <selenium.webdriver.support.wait.WebDriverWait (session="3155ac410e4e2b97a1ee45a3c228b9ab")>
            └ <function presence_of_element_located.<locals>._predicate at 0x7fbc92f17920>
  File "/home/isfluder/.local/lib/python3.11/site-packages/selenium/webdriver/support/expected_conditions.py", line 82, in _predicate
    return driver.find_element(*locator)
           │      │             └ ('id', ':r0:')
           │      └ <function WebDriver.find_element at 0x7fbc93665d00>
           └ <undetected_chromedriver.Chrome (session="3155ac410e4e2b97a1ee45a3c228b9ab")>
  File "/home/isfluder/.local/lib/python3.11/site-packages/selenium/webdriver/remote/webdriver.py", line 739, in find_element
    return self.execute(Command.FIND_ELEMENT, {"using": by, "value": value})["value"]
           │    │       │       │                       │            └ '[id=":r0:"]'
           │    │       │       │                       └ 'css selector'
           │    │       │       └ 'findElement'
           │    │       └ <class 'selenium.webdriver.remote.command.Command'>
           │    └ <function WebDriver.execute at 0x7fbc93664900>
           └ <undetected_chromedriver.Chrome (session="3155ac410e4e2b97a1ee45a3c228b9ab")>
  File "/home/isfluder/.local/lib/python3.11/site-packages/selenium/webdriver/remote/webdriver.py", line 345, in execute
    self.error_handler.check_response(response)
    │    │             │              └ {'status': 404, 'value': '{"value":{"error":"invalid session id","message":"invalid session id","stacktrace":"#0 0x5563ad94e4...
    │    │             └ <function ErrorHandler.check_response at 0x7fbc93609080>
    │    └ <selenium.webdriver.remote.errorhandler.ErrorHandler object at 0x7fbc92f25410>
    └ <undetected_chromedriver.Chrome (session="3155ac410e4e2b97a1ee45a3c228b9ab")>
  File "/home/isfluder/.local/lib/python3.11/site-packages/selenium/webdriver/remote/errorhandler.py", line 229, in check_response
    raise exception_class(message, screen, stacktrace)
          │               │        │       └ ['#0 0x5563ad94e4e3 <unknown>', '#1 0x5563ad67db00 <unknown>', '#2 0x5563ad6ad919 <unknown>', '#3 0x5563ad6d8f16 <unknown>', ...
          │               │        └ None
          │               └ 'invalid session id'
          └ <class 'selenium.common.exceptions.InvalidSessionIdException'>

selenium.common.exceptions.InvalidSessionIdException: Message: invalid session id
Stacktrace:
#0 0x5563ad94e4e3 <unknown>
#1 0x5563ad67db00 <unknown>
#2 0x5563ad6ad919 <unknown>
#3 0x5563ad6d8f16 <unknown>
#4 0x5563ad6d517a <unknown>
#5 0x5563ad6d48a6 <unknown>
#6 0x5563ad64d263 <unknown>
#7 0x5563ad90e3e4 <unknown>
#8 0x5563ad9123d7 <unknown>
#9 0x5563ad91cb20 <unknown>
#10 0x5563ad913023 <unknown>
#11 0x5563ad8e11aa <unknown>
#12 0x5563ad64ba43 <unknown>
#13 0x7fd322caf0b3 __libc_start_main

2023-08-17T17:28:07.427817+0200 INFO Work finished! shutting off...[MAIN.PY]
2023-08-17T17:28:48.106298+0200 INFO Running program...(1)[MAIN.PY]
2023-08-17T17:28:48.110076+0200 ERROR Main script ended work with exception: Message: invalid session id
Stacktrace:
#0 0x558efc2514e3 <unknown>
#1 0x558efbf80b00 <unknown>
#2 0x558efbfb0919 <unknown>
#3 0x558efbfdbf16 <unknown>
#4 0x558efbfd817a <unknown>
#5 0x558efbfd78a6 <unknown>
#6 0x558efbf50263 <unknown>
#7 0x558efc2113e4 <unknown>
#8 0x558efc2153d7 <unknown>
#9 0x558efc21fb20 <unknown>
#10 0x558efc216023 <unknown>
#11 0x558efc1e41aa <unknown>
#12 0x558efbf4ea43 <unknown>
#13 0x7f0ff2b570b3 __libc_start_main
[MAIN.PY]
Traceback (most recent call last):

  File "/home/isfluder/Desktop/automated-yt-upload/sequence.py", line 52, in <module>
    run(['https://youtu.be/7doXTqVp16g'])
    └ <function run at 0x7f7344285da0>

> File "/home/isfluder/Desktop/automated-yt-upload/sequence.py", line 26, in run
    fetcher.register_step_1(email=email)
    │       │                     └ 'uniateworriter1915@yopmail.com'
    │       └ <function Fetcher.register_step_1 at 0x7f7342290220>
    └ <opus_fetcher.Fetcher object at 0x7f7342865790>

  File "/home/isfluder/Desktop/automated-yt-upload/opus_fetcher.py", line 85, in register_step_1
    search_for_element_and_send_keys(self.driver, By.ID, ':r0:', email)
    │                                │    │       │  │           └ 'uniateworriter1915@yopmail.com'
    │                                │    │       │  └ 'id'
    │                                │    │       └ <class 'selenium.webdriver.common.by.By'>
    │                                │    └ <undetected_chromedriver.Chrome (session="b145d79246da368b636c231d9b0db68b")>
    │                                └ <opus_fetcher.Fetcher object at 0x7f7342865790>
    └ <function search_for_element_and_send_keys at 0x7f734287b6a0>

  File "/home/isfluder/Desktop/automated-yt-upload/opus_fetcher.py", line 40, in search_for_element_and_send_keys
    element = WebDriverWait(browser, TIMEOUT).until(EC.presence_of_element_located((by, selector)))
              │             │        │              │  │                            │   └ ':r0:'
              │             │        │              │  │                            └ 'id'
              │             │        │              │  └ <function presence_of_element_located at 0x7f734287a0c0>
              │             │        │              └ <module 'selenium.webdriver.support.expected_conditions' from '/home/isfluder/.local/lib/python3.11/site-packages/selenium/we...
              │             │        └ 15
              │             └ <undetected_chromedriver.Chrome (session="b145d79246da368b636c231d9b0db68b")>
              └ <class 'selenium.webdriver.support.wait.WebDriverWait'>

  File "/home/isfluder/.local/lib/python3.11/site-packages/selenium/webdriver/support/wait.py", line 86, in until
    value = method(self._driver)
            │      │    └ <undetected_chromedriver.Chrome (session="b145d79246da368b636c231d9b0db68b")>
            │      └ <selenium.webdriver.support.wait.WebDriverWait (session="b145d79246da368b636c231d9b0db68b")>
            └ <function presence_of_element_located.<locals>._predicate at 0x7f7344a6d300>
  File "/home/isfluder/.local/lib/python3.11/site-packages/selenium/webdriver/support/expected_conditions.py", line 82, in _predicate
    return driver.find_element(*locator)
           │      │             └ ('id', ':r0:')
           │      └ <function WebDriver.find_element at 0x7f73427ddd00>
           └ <undetected_chromedriver.Chrome (session="b145d79246da368b636c231d9b0db68b")>
  File "/home/isfluder/.local/lib/python3.11/site-packages/selenium/webdriver/remote/webdriver.py", line 739, in find_element
    return self.execute(Command.FIND_ELEMENT, {"using": by, "value": value})["value"]
           │    │       │       │                       │            └ '[id=":r0:"]'
           │    │       │       │                       └ 'css selector'
           │    │       │       └ 'findElement'
           │    │       └ <class 'selenium.webdriver.remote.command.Command'>
           │    └ <function WebDriver.execute at 0x7f73427dc900>
           └ <undetected_chromedriver.Chrome (session="b145d79246da368b636c231d9b0db68b")>
  File "/home/isfluder/.local/lib/python3.11/site-packages/selenium/webdriver/remote/webdriver.py", line 345, in execute
    self.error_handler.check_response(response)
    │    │             │              └ {'status': 404, 'value': '{"value":{"error":"invalid session id","message":"invalid session id","stacktrace":"#0 0x558efc2514...
    │    │             └ <function ErrorHandler.check_response at 0x7f734297d080>
    │    └ <selenium.webdriver.remote.errorhandler.ErrorHandler object at 0x7f73421fc190>
    └ <undetected_chromedriver.Chrome (session="b145d79246da368b636c231d9b0db68b")>
  File "/home/isfluder/.local/lib/python3.11/site-packages/selenium/webdriver/remote/errorhandler.py", line 229, in check_response
    raise exception_class(message, screen, stacktrace)
          │               │        │       └ ['#0 0x558efc2514e3 <unknown>', '#1 0x558efbf80b00 <unknown>', '#2 0x558efbfb0919 <unknown>', '#3 0x558efbfdbf16 <unknown>', ...
          │               │        └ None
          │               └ 'invalid session id'
          └ <class 'selenium.common.exceptions.InvalidSessionIdException'>

selenium.common.exceptions.InvalidSessionIdException: Message: invalid session id
Stacktrace:
#0 0x558efc2514e3 <unknown>
#1 0x558efbf80b00 <unknown>
#2 0x558efbfb0919 <unknown>
#3 0x558efbfdbf16 <unknown>
#4 0x558efbfd817a <unknown>
#5 0x558efbfd78a6 <unknown>
#6 0x558efbf50263 <unknown>
#7 0x558efc2113e4 <unknown>
#8 0x558efc2153d7 <unknown>
#9 0x558efc21fb20 <unknown>
#10 0x558efc216023 <unknown>
#11 0x558efc1e41aa <unknown>
#12 0x558efbf4ea43 <unknown>
#13 0x7f0ff2b570b3 __libc_start_main

2023-08-17T17:28:48.118000+0200 INFO Work finished! shutting off...[MAIN.PY]
2023-08-17T17:32:10.600002+0200 INFO Running program...(1)[MAIN.PY]
2023-08-17T17:32:27.448507+0200 INFO Started listening to verification code email.[MAIN.PY]
2023-08-17T17:32:32.448991+0200 INFO Found Opus login code: 192914[MAIN.PY]
2023-08-17T17:40:50.756254+0200 ERROR Main script ended work with exception: Message: no such window: target window already closed
from unknown error: web view not found
  (Session info: chrome=114.0.5735.133)
Stacktrace:
#0 0x555f6aedd4e3 <unknown>
#1 0x555f6ac0cc76 <unknown>
#2 0x555f6abe6c6c <unknown>
#3 0x555f6ac6cf8f <unknown>
#4 0x555f6ac7fd66 <unknown>
#5 0x555f6ac67de3 <unknown>
#6 0x555f6ac3d2dd <unknown>
#7 0x555f6ac3e34e <unknown>
#8 0x555f6ae9d3e4 <unknown>
#9 0x555f6aea13d7 <unknown>
#10 0x555f6aeabb20 <unknown>
#11 0x555f6aea2023 <unknown>
#12 0x555f6ae701aa <unknown>
#13 0x555f6aec66b8 <unknown>
#14 0x555f6aec6847 <unknown>
#15 0x555f6aed6243 <unknown>
#16 0x7fadb09a9609 start_thread
[MAIN.PY]
Traceback (most recent call last):

  File "/home/isfluder/Desktop/automated-yt-upload/sequence.py", line 52, in <module>
    run(['https://youtu.be/7doXTqVp16g'])
    └ <function run at 0x7fa031ed5da0>

> File "/home/isfluder/Desktop/automated-yt-upload/sequence.py", line 29, in run
    fetcher.register_step_2(code=code, yt_link=vids[times])
    │       │                    │             │    └ 0
    │       │                    │             └ ['https://youtu.be/7doXTqVp16g']
    │       │                    └ '192914'
    │       └ <function Fetcher.register_step_2 at 0x7fa02fed02c0>
    └ <opus_fetcher.Fetcher object at 0x7fa02fecd710>

  File "/home/isfluder/Desktop/automated-yt-upload/opus_fetcher.py", line 110, in register_step_2
    search_for_element_and_click(self.driver, By.XPATH, '//button[text()="'+lenght+'"]')
    │                            │    │       │  │                          └ '30s~60s'
    │                            │    │       │  └ 'xpath'
    │                            │    │       └ <class 'selenium.webdriver.common.by.By'>
    │                            │    └ <undetected_chromedriver.Chrome (session="e270cc27cc4a39d03cfe3f6cc32ea680")>
    │                            └ <opus_fetcher.Fetcher object at 0x7fa02fecd710>
    └ <function search_for_element_and_click at 0x7fa030563100>

  File "/home/isfluder/Desktop/automated-yt-upload/opus_fetcher.py", line 27, in search_for_element_and_click
    element = WebDriverWait(browser, TIMEOUT).until(EC.presence_of_element_located((by, selector)))
              │             │        │              │  │                            │   └ '//button[text()="30s~60s"]'
              │             │        │              │  │                            └ 'xpath'
              │             │        │              │  └ <function presence_of_element_located at 0x7fa0304be0c0>
              │             │        │              └ <module 'selenium.webdriver.support.expected_conditions' from '/home/isfluder/.local/lib/python3.11/site-packages/selenium/we...
              │             │        └ 15
              │             └ <undetected_chromedriver.Chrome (session="e270cc27cc4a39d03cfe3f6cc32ea680")>
              └ <class 'selenium.webdriver.support.wait.WebDriverWait'>

  File "/home/isfluder/.local/lib/python3.11/site-packages/selenium/webdriver/support/wait.py", line 86, in until
    value = method(self._driver)
            │      │    └ <undetected_chromedriver.Chrome (session="e270cc27cc4a39d03cfe3f6cc32ea680")>
            │      └ <selenium.webdriver.support.wait.WebDriverWait (session="e270cc27cc4a39d03cfe3f6cc32ea680")>
            └ <function presence_of_element_located.<locals>._predicate at 0x7fa02fed3b00>
  File "/home/isfluder/.local/lib/python3.11/site-packages/selenium/webdriver/support/expected_conditions.py", line 82, in _predicate
    return driver.find_element(*locator)
           │      │             └ ('xpath', '//button[text()="30s~60s"]')
           │      └ <function WebDriver.find_element at 0x7fa030621d00>
           └ <undetected_chromedriver.Chrome (session="e270cc27cc4a39d03cfe3f6cc32ea680")>
  File "/home/isfluder/.local/lib/python3.11/site-packages/selenium/webdriver/remote/webdriver.py", line 739, in find_element
    return self.execute(Command.FIND_ELEMENT, {"using": by, "value": value})["value"]
           │    │       │       │                       │            └ '//button[text()="30s~60s"]'
           │    │       │       │                       └ 'xpath'
           │    │       │       └ 'findElement'
           │    │       └ <class 'selenium.webdriver.remote.command.Command'>
           │    └ <function WebDriver.execute at 0x7fa030620900>
           └ <undetected_chromedriver.Chrome (session="e270cc27cc4a39d03cfe3f6cc32ea680")>
  File "/home/isfluder/.local/lib/python3.11/site-packages/selenium/webdriver/remote/webdriver.py", line 345, in execute
    self.error_handler.check_response(response)
    │    │             │              └ {'status': 404, 'value': '{"value":{"error":"no such window","message":"no such window: target window already closed\\nfrom u...
    │    │             └ <function ErrorHandler.check_response at 0x7fa0305c1080>
    │    └ <selenium.webdriver.remote.errorhandler.ErrorHandler object at 0x7fa02fe4c150>
    └ <undetected_chromedriver.Chrome (session="e270cc27cc4a39d03cfe3f6cc32ea680")>
  File "/home/isfluder/.local/lib/python3.11/site-packages/selenium/webdriver/remote/errorhandler.py", line 229, in check_response
    raise exception_class(message, screen, stacktrace)
          │               │        │       └ ['#0 0x555f6aedd4e3 <unknown>', '#1 0x555f6ac0cc76 <unknown>', '#2 0x555f6abe6c6c <unknown>', '#3 0x555f6ac6cf8f <unknown>', ...
          │               │        └ None
          │               └ 'no such window: target window already closed\nfrom unknown error: web view not found\n  (Session info: chrome=114.0.5735.133)'
          └ <class 'selenium.common.exceptions.NoSuchWindowException'>

selenium.common.exceptions.NoSuchWindowException: Message: no such window: target window already closed
from unknown error: web view not found
  (Session info: chrome=114.0.5735.133)
Stacktrace:
#0 0x555f6aedd4e3 <unknown>
#1 0x555f6ac0cc76 <unknown>
#2 0x555f6abe6c6c <unknown>
#3 0x555f6ac6cf8f <unknown>
#4 0x555f6ac7fd66 <unknown>
#5 0x555f6ac67de3 <unknown>
#6 0x555f6ac3d2dd <unknown>
#7 0x555f6ac3e34e <unknown>
#8 0x555f6ae9d3e4 <unknown>
#9 0x555f6aea13d7 <unknown>
#10 0x555f6aeabb20 <unknown>
#11 0x555f6aea2023 <unknown>
#12 0x555f6ae701aa <unknown>
#13 0x555f6aec66b8 <unknown>
#14 0x555f6aec6847 <unknown>
#15 0x555f6aed6243 <unknown>
#16 0x7fadb09a9609 start_thread

2023-08-17T17:40:50.769989+0200 INFO Work finished! shutting off...[MAIN.PY]
2023-08-17T17:43:19.982509+0200 INFO Running program...(1)[MAIN.PY]
2023-08-17T17:43:42.400914+0200 INFO Started listening to verification code email.[MAIN.PY]
2023-08-17T17:43:47.401671+0200 INFO Found Opus login code: 606340[MAIN.PY]
2023-08-17T17:44:08.603702+0200 ERROR Main script ended work with exception: Message: invalid selector: Unable to locate an element with the xpath expression //contains[text(), "Looks like you're connecting through a VPN, proxy or "unblocker" service but are not active subscriber. To start using Opus Clip with free or trial credits, please turn off any of these services and try again."] because of the following error:
SyntaxError: Failed to execute 'evaluate' on 'Document': The string '//contains[text(), "Looks like you're connecting through a VPN, proxy or "unblocker" service but are not active subscriber. To start using Opus Clip with free or trial credits, please turn off any of these services and try again."]' is not a valid XPath expression.
  (Session info: chrome=114.0.5735.133); For documentation on this error, please visit: https://www.selenium.dev/documentation/webdriver/troubleshooting/errors#invalid-selector-exception
Stacktrace:
#0 0x55fd006714e3 <unknown>
#1 0x55fd003a0c76 <unknown>
#2 0x55fd003a553c <unknown>
#3 0x55fd003a697e <unknown>
#4 0x55fd003a6a4c <unknown>
#5 0x55fd003dc86a <unknown>
#6 0x55fd003dcdc1 <unknown>
#7 0x55fd004167f4 <unknown>
#8 0x55fd003fc03d <unknown>
#9 0x55fd0041430e <unknown>
#10 0x55fd003fbde3 <unknown>
#11 0x55fd003d12dd <unknown>
#12 0x55fd003d234e <unknown>
#13 0x55fd006313e4 <unknown>
#14 0x55fd006353d7 <unknown>
#15 0x55fd0063fb20 <unknown>
#16 0x55fd00636023 <unknown>
#17 0x55fd006041aa <unknown>
#18 0x55fd0065a6b8 <unknown>
#19 0x55fd0065a847 <unknown>
#20 0x55fd0066a243 <unknown>
#21 0x7f3013292609 start_thread
[MAIN.PY]
Traceback (most recent call last):

  File "/home/isfluder/Desktop/automated-yt-upload/sequence.py", line 52, in <module>
    run(['https://youtu.be/7doXTqVp16g'])
    └ <function run at 0x7f58cafa1da0>

> File "/home/isfluder/Desktop/automated-yt-upload/sequence.py", line 29, in run
    fetcher.register_step_2(code=code, yt_link=vids[times])
    │       │                    │             │    └ 0
    │       │                    │             └ ['https://youtu.be/7doXTqVp16g']
    │       │                    └ '606340'
    │       └ <function Fetcher.register_step_2 at 0x7f58c8f9c2c0>
    └ <opus_fetcher.Fetcher object at 0x7f58c8f08cd0>

  File "/home/isfluder/Desktop/automated-yt-upload/opus_fetcher.py", line 106, in register_step_2
    element = WebDriverWait(self.driver, TIMEOUT).until(EC.presence_of_element_located((By.XPATH, "//contains[text(), \"Looks like you're connecting through a VPN, proxy or \"unblocker\" service but are not active subscriber. To start using Opus Clip with free or trial credits, please turn off any of these services and try again.\"]")))
              │             │    │       │              │  │                            │  └ 'xpath'
              │             │    │       │              │  │                            └ <class 'selenium.webdriver.common.by.By'>
              │             │    │       │              │  └ <function presence_of_element_located at 0x7f58c958a0c0>
              │             │    │       │              └ <module 'selenium.webdriver.support.expected_conditions' from '/home/isfluder/.local/lib/python3.11/site-packages/selenium/we...
              │             │    │       └ 15
              │             │    └ <undetected_chromedriver.Chrome (session="17cae11bfc35048966ab530e3ab57794")>
              │             └ <opus_fetcher.Fetcher object at 0x7f58c8f08cd0>
              └ <class 'selenium.webdriver.support.wait.WebDriverWait'>

  File "/home/isfluder/.local/lib/python3.11/site-packages/selenium/webdriver/support/wait.py", line 86, in until
    value = method(self._driver)
            │      │    └ <undetected_chromedriver.Chrome (session="17cae11bfc35048966ab530e3ab57794")>
            │      └ <selenium.webdriver.support.wait.WebDriverWait (session="17cae11bfc35048966ab530e3ab57794")>
            └ <function presence_of_element_located.<locals>._predicate at 0x7f58c8f9ff60>
  File "/home/isfluder/.local/lib/python3.11/site-packages/selenium/webdriver/support/expected_conditions.py", line 82, in _predicate
    return driver.find_element(*locator)
           │      │             └ ('xpath', '//contains[text(), "Looks like you\'re connecting through a VPN, proxy or "unblocker" service but are not active s...
           │      └ <function WebDriver.find_element at 0x7f58c96edd00>
           └ <undetected_chromedriver.Chrome (session="17cae11bfc35048966ab530e3ab57794")>
  File "/home/isfluder/.local/lib/python3.11/site-packages/selenium/webdriver/remote/webdriver.py", line 739, in find_element
    return self.execute(Command.FIND_ELEMENT, {"using": by, "value": value})["value"]
           │    │       │       │                       │            └ '//contains[text(), "Looks like you\'re connecting through a VPN, proxy or "unblocker" service but are not active subscriber....
           │    │       │       │                       └ 'xpath'
           │    │       │       └ 'findElement'
           │    │       └ <class 'selenium.webdriver.remote.command.Command'>
           │    └ <function WebDriver.execute at 0x7f58c96ec900>
           └ <undetected_chromedriver.Chrome (session="17cae11bfc35048966ab530e3ab57794")>
  File "/home/isfluder/.local/lib/python3.11/site-packages/selenium/webdriver/remote/webdriver.py", line 345, in execute
    self.error_handler.check_response(response)
    │    │             │              └ {'status': 400, 'value': '{"value":{"error":"invalid selector","message":"invalid selector: Unable to locate an element with ...
    │    │             └ <function ErrorHandler.check_response at 0x7f58c9691080>
    │    └ <selenium.webdriver.remote.errorhandler.ErrorHandler object at 0x7f58cafd45d0>
    └ <undetected_chromedriver.Chrome (session="17cae11bfc35048966ab530e3ab57794")>
  File "/home/isfluder/.local/lib/python3.11/site-packages/selenium/webdriver/remote/errorhandler.py", line 229, in check_response
    raise exception_class(message, screen, stacktrace)
          │               │        │       └ ['#0 0x55fd006714e3 <unknown>', '#1 0x55fd003a0c76 <unknown>', '#2 0x55fd003a553c <unknown>', '#3 0x55fd003a697e <unknown>', ...
          │               │        └ None
          │               └ 'invalid selector: Unable to locate an element with the xpath expression //contains[text(), "Looks like you\'re connecting th...
          └ <class 'selenium.common.exceptions.InvalidSelectorException'>

selenium.common.exceptions.InvalidSelectorException: Message: invalid selector: Unable to locate an element with the xpath expression //contains[text(), "Looks like you're connecting through a VPN, proxy or "unblocker" service but are not active subscriber. To start using Opus Clip with free or trial credits, please turn off any of these services and try again."] because of the following error:
SyntaxError: Failed to execute 'evaluate' on 'Document': The string '//contains[text(), "Looks like you're connecting through a VPN, proxy or "unblocker" service but are not active subscriber. To start using Opus Clip with free or trial credits, please turn off any of these services and try again."]' is not a valid XPath expression.
  (Session info: chrome=114.0.5735.133); For documentation on this error, please visit: https://www.selenium.dev/documentation/webdriver/troubleshooting/errors#invalid-selector-exception
Stacktrace:
#0 0x55fd006714e3 <unknown>
#1 0x55fd003a0c76 <unknown>
#2 0x55fd003a553c <unknown>
#3 0x55fd003a697e <unknown>
#4 0x55fd003a6a4c <unknown>
#5 0x55fd003dc86a <unknown>
#6 0x55fd003dcdc1 <unknown>
#7 0x55fd004167f4 <unknown>
#8 0x55fd003fc03d <unknown>
#9 0x55fd0041430e <unknown>
#10 0x55fd003fbde3 <unknown>
#11 0x55fd003d12dd <unknown>
#12 0x55fd003d234e <unknown>
#13 0x55fd006313e4 <unknown>
#14 0x55fd006353d7 <unknown>
#15 0x55fd0063fb20 <unknown>
#16 0x55fd00636023 <unknown>
#17 0x55fd006041aa <unknown>
#18 0x55fd0065a6b8 <unknown>
#19 0x55fd0065a847 <unknown>
#20 0x55fd0066a243 <unknown>
#21 0x7f3013292609 start_thread

2023-08-17T17:44:08.618390+0200 INFO Work finished! shutting off...[MAIN.PY]
2023-08-17T17:47:38.635197+0200 INFO Running program...(1)[MAIN.PY]
2023-08-17T17:47:58.570484+0200 INFO Started listening to verification code email.[MAIN.PY]
2023-08-17T17:48:03.571073+0200 INFO Found Opus login code: 935413[MAIN.PY]
2023-08-17T17:48:19.895468+0200 WARNING Main script ended work with exception. Class returned: IP Blocked! ... retrying[MAIN.PY]
2023-08-17T17:48:38.210490+0200 INFO Running program...(1)[MAIN.PY]
2023-08-17T17:48:59.029853+0200 INFO Started listening to verification code email.[MAIN.PY]
2023-08-17T17:49:04.030417+0200 INFO Found Opus login code: 676600[MAIN.PY]
2023-08-17T17:49:21.467218+0200 WARNING Main script ended work with exception. Class returned: IP Blocked! ... retrying[MAIN.PY]
2023-08-17T17:49:37.597356+0200 INFO Running program...(1)[MAIN.PY]
2023-08-17T17:49:57.863506+0200 INFO Started listening to verification code email.[MAIN.PY]
2023-08-17T17:50:02.868867+0200 INFO Found Opus login code: 914636[MAIN.PY]
2023-08-17T17:50:23.908439+0200 ERROR Main script ended work with exception: Message: invalid selector: Unable to locate an element with the xpath expression //span[contains(., "Looks like you're connecting through a VPN, proxy or "unblocker" service but are not active subscriber. To start using Opus Clip with free or trial credits, please turn off any of these services and try again.")] because of the following error:
SyntaxError: Failed to execute 'evaluate' on 'Document': The string '//span[contains(., "Looks like you're connecting through a VPN, proxy or "unblocker" service but are not active subscriber. To start using Opus Clip with free or trial credits, please turn off any of these services and try again.")]' is not a valid XPath expression.
  (Session info: chrome=114.0.5735.133); For documentation on this error, please visit: https://www.selenium.dev/documentation/webdriver/troubleshooting/errors#invalid-selector-exception
Stacktrace:
#0 0x55e723b724e3 <unknown>
#1 0x55e7238a1c76 <unknown>
#2 0x55e7238a653c <unknown>
#3 0x55e7238a797e <unknown>
#4 0x55e7238a7a4c <unknown>
#5 0x55e7238dd86a <unknown>
#6 0x55e7238dddc1 <unknown>
#7 0x55e7239177f4 <unknown>
#8 0x55e7238fd03d <unknown>
#9 0x55e72391530e <unknown>
#10 0x55e7238fcde3 <unknown>
#11 0x55e7238d22dd <unknown>
#12 0x55e7238d334e <unknown>
#13 0x55e723b323e4 <unknown>
#14 0x55e723b363d7 <unknown>
#15 0x55e723b40b20 <unknown>
#16 0x55e723b37023 <unknown>
#17 0x55e723b051aa <unknown>
#18 0x55e723b5b6b8 <unknown>
#19 0x55e723b5b847 <unknown>
#20 0x55e723b6b243 <unknown>
#21 0x7f645c750609 start_thread
[MAIN.PY]
Traceback (most recent call last):

  File "/home/isfluder/Desktop/automated-yt-upload/sequence.py", line 52, in <module>
    run(['https://youtu.be/7doXTqVp16g'])
    └ <function run at 0x7f4839e3dda0>

> File "/home/isfluder/Desktop/automated-yt-upload/sequence.py", line 29, in run
    fetcher.register_step_2(code=code, yt_link=vids[times])
    │       │                    │             │    └ 0
    │       │                    │             └ ['https://youtu.be/7doXTqVp16g']
    │       │                    └ '914636'
    │       └ <function Fetcher.register_step_2 at 0x7f4837e482c0>
    └ <opus_fetcher.Fetcher object at 0x7f4837e5af10>

  File "/home/isfluder/Desktop/automated-yt-upload/opus_fetcher.py", line 106, in register_step_2
    element = WebDriverWait(self.driver, TIMEOUT).until(EC.presence_of_element_located((By.XPATH, "//span[contains(., \"Looks like you're connecting through a VPN, proxy or \"unblocker\" service but are not active subscriber. To start using Opus Clip with free or trial credits, please turn off any of these services and try again.\")]")))
              │             │    │       │              │  │                            │  └ 'xpath'
              │             │    │       │              │  │                            └ <class 'selenium.webdriver.common.by.By'>
              │             │    │       │              │  └ <function presence_of_element_located at 0x7f48384320c0>
              │             │    │       │              └ <module 'selenium.webdriver.support.expected_conditions' from '/home/isfluder/.local/lib/python3.11/site-packages/selenium/we...
              │             │    │       └ 15
              │             │    └ <undetected_chromedriver.Chrome (session="2c82f4ed659146989227e9dcd7f2fd58")>
              │             └ <opus_fetcher.Fetcher object at 0x7f4837e5af10>
              └ <class 'selenium.webdriver.support.wait.WebDriverWait'>

  File "/home/isfluder/.local/lib/python3.11/site-packages/selenium/webdriver/support/wait.py", line 86, in until
    value = method(self._driver)
            │      │    └ <undetected_chromedriver.Chrome (session="2c82f4ed659146989227e9dcd7f2fd58")>
            │      └ <selenium.webdriver.support.wait.WebDriverWait (session="2c82f4ed659146989227e9dcd7f2fd58")>
            └ <function presence_of_element_located.<locals>._predicate at 0x7f4837e647c0>
  File "/home/isfluder/.local/lib/python3.11/site-packages/selenium/webdriver/support/expected_conditions.py", line 82, in _predicate
    return driver.find_element(*locator)
           │      │             └ ('xpath', '//span[contains(., "Looks like you\'re connecting through a VPN, proxy or "unblocker" service but are not active s...
           │      └ <function WebDriver.find_element at 0x7f4838395d00>
           └ <undetected_chromedriver.Chrome (session="2c82f4ed659146989227e9dcd7f2fd58")>
  File "/home/isfluder/.local/lib/python3.11/site-packages/selenium/webdriver/remote/webdriver.py", line 739, in find_element
    return self.execute(Command.FIND_ELEMENT, {"using": by, "value": value})["value"]
           │    │       │       │                       │            └ '//span[contains(., "Looks like you\'re connecting through a VPN, proxy or "unblocker" service but are not active subscriber....
           │    │       │       │                       └ 'xpath'
           │    │       │       └ 'findElement'
           │    │       └ <class 'selenium.webdriver.remote.command.Command'>
           │    └ <function WebDriver.execute at 0x7f4838394900>
           └ <undetected_chromedriver.Chrome (session="2c82f4ed659146989227e9dcd7f2fd58")>
  File "/home/isfluder/.local/lib/python3.11/site-packages/selenium/webdriver/remote/webdriver.py", line 345, in execute
    self.error_handler.check_response(response)
    │    │             │              └ {'status': 400, 'value': '{"value":{"error":"invalid selector","message":"invalid selector: Unable to locate an element with ...
    │    │             └ <function ErrorHandler.check_response at 0x7f4838535080>
    │    └ <selenium.webdriver.remote.errorhandler.ErrorHandler object at 0x7f4837e61890>
    └ <undetected_chromedriver.Chrome (session="2c82f4ed659146989227e9dcd7f2fd58")>
  File "/home/isfluder/.local/lib/python3.11/site-packages/selenium/webdriver/remote/errorhandler.py", line 229, in check_response
    raise exception_class(message, screen, stacktrace)
          │               │        │       └ ['#0 0x55e723b724e3 <unknown>', '#1 0x55e7238a1c76 <unknown>', '#2 0x55e7238a653c <unknown>', '#3 0x55e7238a797e <unknown>', ...
          │               │        └ None
          │               └ 'invalid selector: Unable to locate an element with the xpath expression //span[contains(., "Looks like you\'re connecting th...
          └ <class 'selenium.common.exceptions.InvalidSelectorException'>

selenium.common.exceptions.InvalidSelectorException: Message: invalid selector: Unable to locate an element with the xpath expression //span[contains(., "Looks like you're connecting through a VPN, proxy or "unblocker" service but are not active subscriber. To start using Opus Clip with free or trial credits, please turn off any of these services and try again.")] because of the following error:
SyntaxError: Failed to execute 'evaluate' on 'Document': The string '//span[contains(., "Looks like you're connecting through a VPN, proxy or "unblocker" service but are not active subscriber. To start using Opus Clip with free or trial credits, please turn off any of these services and try again.")]' is not a valid XPath expression.
  (Session info: chrome=114.0.5735.133); For documentation on this error, please visit: https://www.selenium.dev/documentation/webdriver/troubleshooting/errors#invalid-selector-exception
Stacktrace:
#0 0x55e723b724e3 <unknown>
#1 0x55e7238a1c76 <unknown>
#2 0x55e7238a653c <unknown>
#3 0x55e7238a797e <unknown>
#4 0x55e7238a7a4c <unknown>
#5 0x55e7238dd86a <unknown>
#6 0x55e7238dddc1 <unknown>
#7 0x55e7239177f4 <unknown>
#8 0x55e7238fd03d <unknown>
#9 0x55e72391530e <unknown>
#10 0x55e7238fcde3 <unknown>
#11 0x55e7238d22dd <unknown>
#12 0x55e7238d334e <unknown>
#13 0x55e723b323e4 <unknown>
#14 0x55e723b363d7 <unknown>
#15 0x55e723b40b20 <unknown>
#16 0x55e723b37023 <unknown>
#17 0x55e723b051aa <unknown>
#18 0x55e723b5b6b8 <unknown>
#19 0x55e723b5b847 <unknown>
#20 0x55e723b6b243 <unknown>
#21 0x7f645c750609 start_thread

2023-08-17T17:50:23.924269+0200 INFO Work finished! shutting off...[MAIN.PY]
2023-08-17T17:54:52.909327+0200 INFO Bad proxy! Searching for new one...(1)[MAIN.PY]
2023-08-17T17:55:35.287540+0200 INFO Running program...(1)[MAIN.PY]
2023-08-17T17:55:55.105709+0200 INFO Started listening to verification code email.[MAIN.PY]
2023-08-17T17:56:00.106311+0200 INFO Found Opus login code: 755681[MAIN.PY]
2023-08-17T17:56:22.080847+0200 ERROR Main script ended work with exception: Message: invalid selector: Unable to locate an element with the xpath expression //*[contains(text(), 'Looks like you're connecting through a VPN')] because of the following error:
SyntaxError: Failed to execute 'evaluate' on 'Document': The string '//*[contains(text(), 'Looks like you're connecting through a VPN')]' is not a valid XPath expression.
  (Session info: chrome=114.0.5735.133); For documentation on this error, please visit: https://www.selenium.dev/documentation/webdriver/troubleshooting/errors#invalid-selector-exception
Stacktrace:
#0 0x556f303114e3 <unknown>
#1 0x556f30040c76 <unknown>
#2 0x556f3004553c <unknown>
#3 0x556f3004697e <unknown>
#4 0x556f30046a4c <unknown>
#5 0x556f3007c86a <unknown>
#6 0x556f3007cdc1 <unknown>
#7 0x556f300b67f4 <unknown>
#8 0x556f3009c03d <unknown>
#9 0x556f300b430e <unknown>
#10 0x556f3009bde3 <unknown>
#11 0x556f300712dd <unknown>
#12 0x556f3007234e <unknown>
#13 0x556f302d13e4 <unknown>
#14 0x556f302d53d7 <unknown>
#15 0x556f302dfb20 <unknown>
#16 0x556f302d6023 <unknown>
#17 0x556f302a41aa <unknown>
#18 0x556f302fa6b8 <unknown>
#19 0x556f302fa847 <unknown>
#20 0x556f3030a243 <unknown>
#21 0x7fd69fc7c609 start_thread
[MAIN.PY]
Traceback (most recent call last):

  File "/home/isfluder/Desktop/automated-yt-upload/sequence.py", line 52, in <module>
    run(['https://youtu.be/7doXTqVp16g'])
    └ <function run at 0x7fec7faadda0>

> File "/home/isfluder/Desktop/automated-yt-upload/sequence.py", line 29, in run
    fetcher.register_step_2(code=code, yt_link=vids[times])
    │       │                    │             │    └ 0
    │       │                    │             └ ['https://youtu.be/7doXTqVp16g']
    │       │                    └ '755681'
    │       └ <function Fetcher.register_step_2 at 0x7fec7dfc82c0>
    └ <opus_fetcher.Fetcher object at 0x7fec7df28cd0>

  File "/home/isfluder/Desktop/automated-yt-upload/opus_fetcher.py", line 106, in register_step_2
    element = WebDriverWait(self.driver, TIMEOUT).until(EC.presence_of_element_located((By.XPATH, "//*[contains(text(), 'Looks like you're connecting through a VPN')]")))
              │             │    │       │              │  │                            │  └ 'xpath'
              │             │    │       │              │  │                            └ <class 'selenium.webdriver.common.by.By'>
              │             │    │       │              │  └ <function presence_of_element_located at 0x7fec7e0c20c0>
              │             │    │       │              └ <module 'selenium.webdriver.support.expected_conditions' from '/home/isfluder/.local/lib/python3.11/site-packages/selenium/we...
              │             │    │       └ 15
              │             │    └ <undetected_chromedriver.Chrome (session="c377ff5a744bab9c497b66d5136b2243")>
              │             └ <opus_fetcher.Fetcher object at 0x7fec7df28cd0>
              └ <class 'selenium.webdriver.support.wait.WebDriverWait'>

  File "/home/isfluder/.local/lib/python3.11/site-packages/selenium/webdriver/support/wait.py", line 86, in until
    value = method(self._driver)
            │      │    └ <undetected_chromedriver.Chrome (session="c377ff5a744bab9c497b66d5136b2243")>
            │      └ <selenium.webdriver.support.wait.WebDriverWait (session="c377ff5a744bab9c497b66d5136b2243")>
            └ <function presence_of_element_located.<locals>._predicate at 0x7fec7dfcb920>
  File "/home/isfluder/.local/lib/python3.11/site-packages/selenium/webdriver/support/expected_conditions.py", line 82, in _predicate
    return driver.find_element(*locator)
           │      │             └ ('xpath', "//*[contains(text(), 'Looks like you're connecting through a VPN')]")
           │      └ <function WebDriver.find_element at 0x7fec7e025d00>
           └ <undetected_chromedriver.Chrome (session="c377ff5a744bab9c497b66d5136b2243")>
  File "/home/isfluder/.local/lib/python3.11/site-packages/selenium/webdriver/remote/webdriver.py", line 739, in find_element
    return self.execute(Command.FIND_ELEMENT, {"using": by, "value": value})["value"]
           │    │       │       │                       │            └ "//*[contains(text(), 'Looks like you're connecting through a VPN')]"
           │    │       │       │                       └ 'xpath'
           │    │       │       └ 'findElement'
           │    │       └ <class 'selenium.webdriver.remote.command.Command'>
           │    └ <function WebDriver.execute at 0x7fec7e024900>
           └ <undetected_chromedriver.Chrome (session="c377ff5a744bab9c497b66d5136b2243")>
  File "/home/isfluder/.local/lib/python3.11/site-packages/selenium/webdriver/remote/webdriver.py", line 345, in execute
    self.error_handler.check_response(response)
    │    │             │              └ {'status': 400, 'value': '{"value":{"error":"invalid selector","message":"invalid selector: Unable to locate an element with ...
    │    │             └ <function ErrorHandler.check_response at 0x7fec7e1c5080>
    │    └ <selenium.webdriver.remote.errorhandler.ErrorHandler object at 0x7fec7dfd9410>
    └ <undetected_chromedriver.Chrome (session="c377ff5a744bab9c497b66d5136b2243")>
  File "/home/isfluder/.local/lib/python3.11/site-packages/selenium/webdriver/remote/errorhandler.py", line 229, in check_response
    raise exception_class(message, screen, stacktrace)
          │               │        │       └ ['#0 0x556f303114e3 <unknown>', '#1 0x556f30040c76 <unknown>', '#2 0x556f3004553c <unknown>', '#3 0x556f3004697e <unknown>', ...
          │               │        └ None
          │               └ "invalid selector: Unable to locate an element with the xpath expression //*[contains(text(), 'Looks like you're connecting t...
          └ <class 'selenium.common.exceptions.InvalidSelectorException'>

selenium.common.exceptions.InvalidSelectorException: Message: invalid selector: Unable to locate an element with the xpath expression //*[contains(text(), 'Looks like you're connecting through a VPN')] because of the following error:
SyntaxError: Failed to execute 'evaluate' on 'Document': The string '//*[contains(text(), 'Looks like you're connecting through a VPN')]' is not a valid XPath expression.
  (Session info: chrome=114.0.5735.133); For documentation on this error, please visit: https://www.selenium.dev/documentation/webdriver/troubleshooting/errors#invalid-selector-exception
Stacktrace:
#0 0x556f303114e3 <unknown>
#1 0x556f30040c76 <unknown>
#2 0x556f3004553c <unknown>
#3 0x556f3004697e <unknown>
#4 0x556f30046a4c <unknown>
#5 0x556f3007c86a <unknown>
#6 0x556f3007cdc1 <unknown>
#7 0x556f300b67f4 <unknown>
#8 0x556f3009c03d <unknown>
#9 0x556f300b430e <unknown>
#10 0x556f3009bde3 <unknown>
#11 0x556f300712dd <unknown>
#12 0x556f3007234e <unknown>
#13 0x556f302d13e4 <unknown>
#14 0x556f302d53d7 <unknown>
#15 0x556f302dfb20 <unknown>
#16 0x556f302d6023 <unknown>
#17 0x556f302a41aa <unknown>
#18 0x556f302fa6b8 <unknown>
#19 0x556f302fa847 <unknown>
#20 0x556f3030a243 <unknown>
#21 0x7fd69fc7c609 start_thread

2023-08-17T17:56:22.092866+0200 INFO Work finished! shutting off...[MAIN.PY]
2023-08-17T18:07:24.983247+0200 INFO Running program...(1)[MAIN.PY]
2023-08-17T18:08:15.289946+0200 INFO Bad proxy! Searching for new one...(1)[MAIN.PY]
2023-08-17T18:08:43.746119+0200 INFO Running program...(1)[MAIN.PY]
2023-08-17T18:09:01.149331+0200 INFO Started listening to verification code email.[MAIN.PY]
2023-08-17T18:09:06.149956+0200 INFO Found Opus login code: 824802[MAIN.PY]
2023-08-17T18:09:28.451464+0200 ERROR Main script ended work with exception: Message: invalid selector: Unable to locate an element with the xpath expression //*[text()[contains(.,'Looks like you're connecting through a VPN')]] because of the following error:
SyntaxError: Failed to execute 'evaluate' on 'Document': The string '//*[text()[contains(.,'Looks like you're connecting through a VPN')]]' is not a valid XPath expression.
  (Session info: chrome=114.0.5735.133); For documentation on this error, please visit: https://www.selenium.dev/documentation/webdriver/troubleshooting/errors#invalid-selector-exception
Stacktrace:
#0 0x55e8c2b564e3 <unknown>
#1 0x55e8c2885c76 <unknown>
#2 0x55e8c288a53c <unknown>
#3 0x55e8c288b97e <unknown>
#4 0x55e8c288ba4c <unknown>
#5 0x55e8c28c186a <unknown>
#6 0x55e8c28c1dc1 <unknown>
#7 0x55e8c28fb7f4 <unknown>
#8 0x55e8c28e103d <unknown>
#9 0x55e8c28f930e <unknown>
#10 0x55e8c28e0de3 <unknown>
#11 0x55e8c28b62dd <unknown>
#12 0x55e8c28b734e <unknown>
#13 0x55e8c2b163e4 <unknown>
#14 0x55e8c2b1a3d7 <unknown>
#15 0x55e8c2b24b20 <unknown>
#16 0x55e8c2b1b023 <unknown>
#17 0x55e8c2ae91aa <unknown>
#18 0x55e8c2b3f6b8 <unknown>
#19 0x55e8c2b3f847 <unknown>
#20 0x55e8c2b4f243 <unknown>
#21 0x7fe964a67609 start_thread
[MAIN.PY]
Traceback (most recent call last):

  File "/home/isfluder/Desktop/automated-yt-upload/sequence.py", line 52, in <module>
    run(['https://youtu.be/7doXTqVp16g'])
    └ <function run at 0x7f722372dda0>

> File "/home/isfluder/Desktop/automated-yt-upload/sequence.py", line 29, in run
    fetcher.register_step_2(code=code, yt_link=vids[times])
    │       │                    │             │    └ 0
    │       │                    │             └ ['https://youtu.be/7doXTqVp16g']
    │       │                    └ '824802'
    │       └ <function Fetcher.register_step_2 at 0x7f72217282c0>
    └ <opus_fetcher.Fetcher object at 0x7f7221725850>

  File "/home/isfluder/Desktop/automated-yt-upload/opus_fetcher.py", line 106, in register_step_2
    element = WebDriverWait(self.driver, TIMEOUT).until(EC.presence_of_element_located((By.XPATH, "//*[text()[contains(.,'Looks like you're connecting through a VPN')]]")))
              │             │    │       │              │  │                            │  └ 'xpath'
              │             │    │       │              │  │                            └ <class 'selenium.webdriver.common.by.By'>
              │             │    │       │              │  └ <function presence_of_element_located at 0x7f7221d160c0>
              │             │    │       │              └ <module 'selenium.webdriver.support.expected_conditions' from '/home/isfluder/.local/lib/python3.11/site-packages/selenium/we...
              │             │    │       └ 15
              │             │    └ <undetected_chromedriver.Chrome (session="61879920f82614417f41c0f643fbba6a")>
              │             └ <opus_fetcher.Fetcher object at 0x7f7221725850>
              └ <class 'selenium.webdriver.support.wait.WebDriverWait'>

  File "/home/isfluder/.local/lib/python3.11/site-packages/selenium/webdriver/support/wait.py", line 86, in until
    value = method(self._driver)
            │      │    └ <undetected_chromedriver.Chrome (session="61879920f82614417f41c0f643fbba6a")>
            │      └ <selenium.webdriver.support.wait.WebDriverWait (session="61879920f82614417f41c0f643fbba6a")>
            └ <function presence_of_element_located.<locals>._predicate at 0x7f722172ba60>
  File "/home/isfluder/.local/lib/python3.11/site-packages/selenium/webdriver/support/expected_conditions.py", line 82, in _predicate
    return driver.find_element(*locator)
           │      │             └ ('xpath', "//*[text()[contains(.,'Looks like you're connecting through a VPN')]]")
           │      └ <function WebDriver.find_element at 0x7f7221e79d00>
           └ <undetected_chromedriver.Chrome (session="61879920f82614417f41c0f643fbba6a")>
  File "/home/isfluder/.local/lib/python3.11/site-packages/selenium/webdriver/remote/webdriver.py", line 739, in find_element
    return self.execute(Command.FIND_ELEMENT, {"using": by, "value": value})["value"]
           │    │       │       │                       │            └ "//*[text()[contains(.,'Looks like you're connecting through a VPN')]]"
           │    │       │       │                       └ 'xpath'
           │    │       │       └ 'findElement'
           │    │       └ <class 'selenium.webdriver.remote.command.Command'>
           │    └ <function WebDriver.execute at 0x7f7221e78900>
           └ <undetected_chromedriver.Chrome (session="61879920f82614417f41c0f643fbba6a")>
  File "/home/isfluder/.local/lib/python3.11/site-packages/selenium/webdriver/remote/webdriver.py", line 345, in execute
    self.error_handler.check_response(response)
    │    │             │              └ {'status': 400, 'value': '{"value":{"error":"invalid selector","message":"invalid selector: Unable to locate an element with ...
    │    │             └ <function ErrorHandler.check_response at 0x7f7221e1d080>
    │    └ <selenium.webdriver.remote.errorhandler.ErrorHandler object at 0x7f7221738ad0>
    └ <undetected_chromedriver.Chrome (session="61879920f82614417f41c0f643fbba6a")>
  File "/home/isfluder/.local/lib/python3.11/site-packages/selenium/webdriver/remote/errorhandler.py", line 229, in check_response
    raise exception_class(message, screen, stacktrace)
          │               │        │       └ ['#0 0x55e8c2b564e3 <unknown>', '#1 0x55e8c2885c76 <unknown>', '#2 0x55e8c288a53c <unknown>', '#3 0x55e8c288b97e <unknown>', ...
          │               │        └ None
          │               └ "invalid selector: Unable to locate an element with the xpath expression //*[text()[contains(.,'Looks like you're connecting ...
          └ <class 'selenium.common.exceptions.InvalidSelectorException'>

selenium.common.exceptions.InvalidSelectorException: Message: invalid selector: Unable to locate an element with the xpath expression //*[text()[contains(.,'Looks like you're connecting through a VPN')]] because of the following error:
SyntaxError: Failed to execute 'evaluate' on 'Document': The string '//*[text()[contains(.,'Looks like you're connecting through a VPN')]]' is not a valid XPath expression.
  (Session info: chrome=114.0.5735.133); For documentation on this error, please visit: https://www.selenium.dev/documentation/webdriver/troubleshooting/errors#invalid-selector-exception
Stacktrace:
#0 0x55e8c2b564e3 <unknown>
#1 0x55e8c2885c76 <unknown>
#2 0x55e8c288a53c <unknown>
#3 0x55e8c288b97e <unknown>
#4 0x55e8c288ba4c <unknown>
#5 0x55e8c28c186a <unknown>
#6 0x55e8c28c1dc1 <unknown>
#7 0x55e8c28fb7f4 <unknown>
#8 0x55e8c28e103d <unknown>
#9 0x55e8c28f930e <unknown>
#10 0x55e8c28e0de3 <unknown>
#11 0x55e8c28b62dd <unknown>
#12 0x55e8c28b734e <unknown>
#13 0x55e8c2b163e4 <unknown>
#14 0x55e8c2b1a3d7 <unknown>
#15 0x55e8c2b24b20 <unknown>
#16 0x55e8c2b1b023 <unknown>
#17 0x55e8c2ae91aa <unknown>
#18 0x55e8c2b3f6b8 <unknown>
#19 0x55e8c2b3f847 <unknown>
#20 0x55e8c2b4f243 <unknown>
#21 0x7fe964a67609 start_thread

2023-08-17T18:09:28.465122+0200 INFO Work finished! shutting off...[MAIN.PY]
2023-08-17T18:11:07.065851+0200 INFO Running program...(1)[MAIN.PY]
2023-08-17T18:11:25.573602+0200 INFO Started listening to verification code email.[MAIN.PY]
2023-08-17T18:11:30.574338+0200 INFO Found Opus login code: 250453[MAIN.PY]
2023-08-17T18:13:46.261937+0200 INFO Bad proxy! Searching for new one...(1)[MAIN.PY]
2023-08-17T18:14:30.220611+0200 INFO Running program...(1)[MAIN.PY]
2023-08-17T18:14:55.089868+0200 ERROR Main script ended work with exception: 'NoneType' object is not subscriptable[MAIN.PY]
Traceback (most recent call last):

  File "/home/isfluder/Desktop/automated-yt-upload/sequence.py", line 52, in <module>
    run(['https://youtu.be/7doXTqVp16g'])
    └ <function run at 0x7f800c72dda0>

> File "/home/isfluder/Desktop/automated-yt-upload/sequence.py", line 28, in run
    code=inbox.listen_for_verification_code()
         │     └ <function YogoInbox.listen_for_verification_code at 0x7f800adbf420>
         └ <yogopy.YogoInbox object at 0x7f800a748e90>

  File "/home/isfluder/Desktop/automated-yt-upload/yogopy.py", line 31, in listen_for_verification_code
    try: last_mail = output["mails"][0]; break
                     └ None

TypeError: 'NoneType' object is not subscriptable
2023-08-17T18:14:55.099776+0200 INFO Work finished! shutting off...[MAIN.PY]
2023-08-17T18:17:42.163254+0200 INFO Running program...(1)[MAIN.PY]
2023-08-17T18:18:06.443337+0200 INFO Started listening to verification code email.[MAIN.PY]
2023-08-17T18:18:11.443941+0200 INFO Found Opus login code: 534281[MAIN.PY]
2023-08-17T18:21:28.552359+0200 ERROR Main script ended work with exception: Message: no such window: target window already closed
from unknown error: web view not found
  (Session info: chrome=114.0.5735.133)
Stacktrace:
#0 0x55ec9f2fd4e3 <unknown>
#1 0x55ec9f02cc76 <unknown>
#2 0x55ec9f006c6c <unknown>
#3 0x55ec9f08cf8f <unknown>
#4 0x55ec9f09fd66 <unknown>
#5 0x55ec9f087de3 <unknown>
#6 0x55ec9f05d2dd <unknown>
#7 0x55ec9f05e34e <unknown>
#8 0x55ec9f2bd3e4 <unknown>
#9 0x55ec9f2c13d7 <unknown>
#10 0x55ec9f2cbb20 <unknown>
#11 0x55ec9f2c2023 <unknown>
#12 0x55ec9f2901aa <unknown>
#13 0x55ec9f2e66b8 <unknown>
#14 0x55ec9f2e6847 <unknown>
#15 0x55ec9f2f6243 <unknown>
#16 0x7f4b24c95609 start_thread
[MAIN.PY]
Traceback (most recent call last):

  File "/home/isfluder/Desktop/automated-yt-upload/sequence.py", line 53, in <module>
    run(['https://youtu.be/7doXTqVp16g'])
    └ <function run at 0x7fd6d535dda0>

> File "/home/isfluder/Desktop/automated-yt-upload/sequence.py", line 29, in run
    fetcher.register_step_2(code=code, yt_link=vids[times])
    │       │                    │             │    └ 1
    │       │                    │             └ ['https://youtu.be/7doXTqVp16g']
    │       │                    └ '534281'
    │       └ <function Fetcher.register_step_2 at 0x7fd6d38282c0>
    └ <opus_fetcher.Fetcher object at 0x7fd6d3825790>

  File "/home/isfluder/Desktop/automated-yt-upload/opus_fetcher.py", line 116, in register_step_2
    #Click on free trial acceptance button

  File "/home/isfluder/Desktop/automated-yt-upload/opus_fetcher.py", line 27, in search_for_element_and_click
    element = WebDriverWait(browser, TIMEOUT).until(EC.presence_of_element_located((by, selector)))
              │             │        │              │  │                            │   └ '//button[text()="Start clipping"]'
              │             │        │              │  │                            └ 'xpath'
              │             │        │              │  └ <function presence_of_element_located at 0x7fd6d39220c0>
              │             │        │              └ <module 'selenium.webdriver.support.expected_conditions' from '/home/isfluder/.local/lib/python3.11/site-packages/selenium/we...
              │             │        └ 20
              │             └ <undetected_chromedriver.Chrome (session="4a7e15f71e8085c8c42ccecc515885cd")>
              └ <class 'selenium.webdriver.support.wait.WebDriverWait'>

  File "/home/isfluder/.local/lib/python3.11/site-packages/selenium/webdriver/support/wait.py", line 86, in until
    value = method(self._driver)
            │      │    └ <undetected_chromedriver.Chrome (session="4a7e15f71e8085c8c42ccecc515885cd")>
            │      └ <selenium.webdriver.support.wait.WebDriverWait (session="4a7e15f71e8085c8c42ccecc515885cd")>
            └ <function presence_of_element_located.<locals>._predicate at 0x7fd6d382bf60>
  File "/home/isfluder/.local/lib/python3.11/site-packages/selenium/webdriver/support/expected_conditions.py", line 82, in _predicate
    return driver.find_element(*locator)
           │      │             └ ('xpath', '//button[text()="Start clipping"]')
           │      └ <function WebDriver.find_element at 0x7fd6d3885d00>
           └ <undetected_chromedriver.Chrome (session="4a7e15f71e8085c8c42ccecc515885cd")>
  File "/home/isfluder/.local/lib/python3.11/site-packages/selenium/webdriver/remote/webdriver.py", line 739, in find_element
    return self.execute(Command.FIND_ELEMENT, {"using": by, "value": value})["value"]
           │    │       │       │                       │            └ '//button[text()="Start clipping"]'
           │    │       │       │                       └ 'xpath'
           │    │       │       └ 'findElement'
           │    │       └ <class 'selenium.webdriver.remote.command.Command'>
           │    └ <function WebDriver.execute at 0x7fd6d3884900>
           └ <undetected_chromedriver.Chrome (session="4a7e15f71e8085c8c42ccecc515885cd")>
  File "/home/isfluder/.local/lib/python3.11/site-packages/selenium/webdriver/remote/webdriver.py", line 345, in execute
    self.error_handler.check_response(response)
    │    │             │              └ {'status': 404, 'value': '{"value":{"error":"no such window","message":"no such window: target window already closed\\nfrom u...
    │    │             └ <function ErrorHandler.check_response at 0x7fd6d3a25080>
    │    └ <selenium.webdriver.remote.errorhandler.ErrorHandler object at 0x7fd6d3796e50>
    └ <undetected_chromedriver.Chrome (session="4a7e15f71e8085c8c42ccecc515885cd")>
  File "/home/isfluder/.local/lib/python3.11/site-packages/selenium/webdriver/remote/errorhandler.py", line 229, in check_response
    raise exception_class(message, screen, stacktrace)
          │               │        │       └ ['#0 0x55ec9f2fd4e3 <unknown>', '#1 0x55ec9f02cc76 <unknown>', '#2 0x55ec9f006c6c <unknown>', '#3 0x55ec9f08cf8f <unknown>', ...
          │               │        └ None
          │               └ 'no such window: target window already closed\nfrom unknown error: web view not found\n  (Session info: chrome=114.0.5735.133)'
          └ <class 'selenium.common.exceptions.NoSuchWindowException'>

selenium.common.exceptions.NoSuchWindowException: Message: no such window: target window already closed
from unknown error: web view not found
  (Session info: chrome=114.0.5735.133)
Stacktrace:
#0 0x55ec9f2fd4e3 <unknown>
#1 0x55ec9f02cc76 <unknown>
#2 0x55ec9f006c6c <unknown>
#3 0x55ec9f08cf8f <unknown>
#4 0x55ec9f09fd66 <unknown>
#5 0x55ec9f087de3 <unknown>
#6 0x55ec9f05d2dd <unknown>
#7 0x55ec9f05e34e <unknown>
#8 0x55ec9f2bd3e4 <unknown>
#9 0x55ec9f2c13d7 <unknown>
#10 0x55ec9f2cbb20 <unknown>
#11 0x55ec9f2c2023 <unknown>
#12 0x55ec9f2901aa <unknown>
#13 0x55ec9f2e66b8 <unknown>
#14 0x55ec9f2e6847 <unknown>
#15 0x55ec9f2f6243 <unknown>
#16 0x7f4b24c95609 start_thread

2023-08-17T18:22:05.780887+0200 INFO Running program...(1)[MAIN.PY]
2023-08-17T18:23:21.188732+0200 INFO Started listening to verification code email.[MAIN.PY]
2023-08-17T18:23:26.189322+0200 INFO Found Opus login code: 847100[MAIN.PY]
2023-08-17T18:23:46.478986+0200 WARNING Main script ended work with exception. Class returned: IP Blocked! ... retrying[MAIN.PY]
2023-08-17T18:24:10.218922+0200 INFO Running program...(1)[MAIN.PY]
2023-08-17T18:24:41.734364+0200 INFO Started listening to verification code email.[MAIN.PY]
2023-08-17T18:24:46.734959+0200 INFO Found Opus login code: 415739[MAIN.PY]
2023-08-17T18:26:07.130155+0200 INFO Running program...(1)[MAIN.PY]
2023-08-17T18:26:24.655232+0200 INFO Started listening to verification code email.[MAIN.PY]
2023-08-17T18:26:29.656050+0200 INFO Found Opus login code: 773750[MAIN.PY]
2023-08-17T18:27:25.215154+0200 INFO Tracking url: https://clip.opus.pro/clip/P0081716rNhh?utm_source=opus[MAIN.PY]
2023-08-17T18:27:25.282896+0200 SUCCESS Finished browsing the web![MAIN.PY]
2023-08-17T18:36:53.107785+0200 ERROR Main script ended work with exception: 'NoneType' object is not subscriptable[MAIN.PY]
Traceback (most recent call last):

  File "/usr/lib/python3.11/runpy.py", line 198, in _run_module_as_main
    return _run_code(code, main_globals, None,
           │         │     └ {'__name__': '__main__', '__doc__': None, '__package__': '', '__loader__': <_frozen_importlib_external.SourceFileLoader objec...
           │         └ <code object <module> at 0x7fe8f6a289d0, file "/home/isfluder/.vscode/extensions/ms-python.python-2023.14.0/pythonFiles/lib/p...
           └ <function _run_code at 0x7fe8f682e8e0>
  File "/usr/lib/python3.11/runpy.py", line 88, in _run_code
    exec(code, run_globals)
         │     └ {'__name__': '__main__', '__doc__': None, '__package__': '', '__loader__': <_frozen_importlib_external.SourceFileLoader objec...
         └ <code object <module> at 0x7fe8f6a289d0, file "/home/isfluder/.vscode/extensions/ms-python.python-2023.14.0/pythonFiles/lib/p...

  File "/home/isfluder/.vscode/extensions/ms-python.python-2023.14.0/pythonFiles/lib/python/debugpy/adapter/../../debugpy/launcher/../../debugpy/__main__.py", line 39, in <module>
    cli.main()
    │   └ <function main at 0x7fe8f5632020>
    └ <module 'debugpy.server.cli' from '/home/isfluder/.vscode/extensions/ms-python.python-2023.14.0/pythonFiles/lib/python/debugp...

  File "/home/isfluder/.vscode/extensions/ms-python.python-2023.14.0/pythonFiles/lib/python/debugpy/adapter/../../debugpy/launcher/../../debugpy/../debugpy/server/cli.py", line 430, in main
    run()
    └ <function run_file at 0x7fe8f5631da0>

  File "/home/isfluder/.vscode/extensions/ms-python.python-2023.14.0/pythonFiles/lib/python/debugpy/adapter/../../debugpy/launcher/../../debugpy/../debugpy/server/cli.py", line 284, in run_file
    runpy.run_path(target, run_name="__main__")
    │     │        └ '/home/isfluder/Desktop/automated-yt-upload/sequence.py'
    │     └ <function run_path at 0x7fe8f58d89a0>
    └ <module '_pydevd_bundle.pydevd_runpy' from '/home/isfluder/.vscode/extensions/ms-python.python-2023.14.0/pythonFiles/lib/pyth...

  File "/home/isfluder/.vscode/extensions/ms-python.python-2023.14.0/pythonFiles/lib/python/debugpy/_vendored/pydevd/_pydevd_bundle/pydevd_runpy.py", line 321, in run_path
    return _run_module_code(code, init_globals, run_name,
           │                │     │             └ '__main__'
           │                │     └ None
           │                └ <code object <module> at 0x7fe8f56d24f0, file "/home/isfluder/Desktop/automated-yt-upload/sequence.py", line 1>
           └ <function _run_module_code at 0x7fe8f58d85e0>

  File "/home/isfluder/.vscode/extensions/ms-python.python-2023.14.0/pythonFiles/lib/python/debugpy/_vendored/pydevd/_pydevd_bundle/pydevd_runpy.py", line 135, in _run_module_code
    _run_code(code, mod_globals, init_globals,
    │         │     │            └ None
    │         │     └ {'__name__': '__main__', '__doc__': None, '__package__': '', '__loader__': None, '__spec__': None, '__file__': '/home/isflude...
    │         └ <code object <module> at 0x7fe8f56d24f0, file "/home/isfluder/Desktop/automated-yt-upload/sequence.py", line 1>
    └ <function _run_code at 0x7fe8f58d8180>

  File "/home/isfluder/.vscode/extensions/ms-python.python-2023.14.0/pythonFiles/lib/python/debugpy/_vendored/pydevd/_pydevd_bundle/pydevd_runpy.py", line 124, in _run_code
    exec(code, run_globals)
         │     └ {'__name__': '__main__', '__doc__': None, '__package__': '', '__loader__': None, '__spec__': None, '__file__': '/home/isflude...
         └ <code object <module> at 0x7fe8f56d24f0, file "/home/isfluder/Desktop/automated-yt-upload/sequence.py", line 1>

  File "/home/isfluder/Desktop/automated-yt-upload/sequence.py", line 53, in <module>
    run(['https://youtu.be/7doXTqVp16g'])
    └ <function run at 0x7fe8ee1e07c0>

> File "/home/isfluder/Desktop/automated-yt-upload/sequence.py", line 32, in run
    link = inbox.listen_for_clip_link()
           │     └ <function YogoInbox.listen_for_clip_link at 0x7fe8ec830cc0>
           └ <yogopy.YogoInbox object at 0x7fe8ec2279d0>

  File "/home/isfluder/Desktop/automated-yt-upload/yogopy.py", line 52, in listen_for_clip_link
    last_mail = output["mails"][0]
                └ None

TypeError: 'NoneType' object is not subscriptable
2023-08-17T18:37:21.166215+0200 ERROR Main script ended work with exception: <urlopen error [Errno -2] Name or service not known>[MAIN.PY]
Traceback (most recent call last):

  File "/usr/lib/python3.11/urllib/request.py", line 1348, in do_open
    h.request(req.get_method(), req.selector, req.data, headers,
    │ │       │   │             │   │         │   │     └ {'Host': 'chromedriver.storage.googleapis.com', 'User-Agent': 'Python-urllib/3.11', 'Connection': 'close'}
    │ │       │   │             │   │         │   └ <property object at 0x7fe8ee36dd00>
    │ │       │   │             │   │         └ <urllib.request.Request object at 0x7fe8ec151150>
    │ │       │   │             │   └ '/LATEST_RELEASE'
    │ │       │   │             └ <urllib.request.Request object at 0x7fe8ec151150>
    │ │       │   └ <function Request.get_method at 0x7fe8ee370680>
    │ │       └ <urllib.request.Request object at 0x7fe8ec151150>
    │ └ <function HTTPConnection.request at 0x7fe8f6360720>
    └ <http.client.HTTPSConnection object at 0x7fe8ec061110>
  File "/usr/lib/python3.11/http/client.py", line 1286, in request
    self._send_request(method, url, body, headers, encode_chunked)
    │    │             │       │    │     │        └ False
    │    │             │       │    │     └ {'Host': 'chromedriver.storage.googleapis.com', 'User-Agent': 'Python-urllib/3.11', 'Connection': 'close'}
    │    │             │       │    └ None
    │    │             │       └ '/LATEST_RELEASE'
    │    │             └ 'GET'
    │    └ <function HTTPConnection._send_request at 0x7fe8f63607c0>
    └ <http.client.HTTPSConnection object at 0x7fe8ec061110>
  File "/usr/lib/python3.11/http/client.py", line 1332, in _send_request
    self.endheaders(body, encode_chunked=encode_chunked)
    │    │          │                    └ False
    │    │          └ None
    │    └ <function HTTPConnection.endheaders at 0x7fe8f6360680>
    └ <http.client.HTTPSConnection object at 0x7fe8ec061110>
  File "/usr/lib/python3.11/http/client.py", line 1281, in endheaders
    self._send_output(message_body, encode_chunked=encode_chunked)
    │    │            │                            └ False
    │    │            └ None
    │    └ <function HTTPConnection._send_output at 0x7fe8f6360220>
    └ <http.client.HTTPSConnection object at 0x7fe8ec061110>
  File "/usr/lib/python3.11/http/client.py", line 1041, in _send_output
    self.send(msg)
    │    │    └ b'GET /LATEST_RELEASE HTTP/1.1\r\nAccept-Encoding: identity\r\nHost: chromedriver.storage.googleapis.com\r\nUser-Agent: Pytho...
    │    └ <function HTTPConnection.send at 0x7fe8f6360040>
    └ <http.client.HTTPSConnection object at 0x7fe8ec061110>
  File "/usr/lib/python3.11/http/client.py", line 979, in send
    self.connect()
    │    └ <function HTTPSConnection.connect at 0x7fe8f63bdda0>
    └ <http.client.HTTPSConnection object at 0x7fe8ec061110>
  File "/usr/lib/python3.11/http/client.py", line 1451, in connect
    super().connect()
  File "/usr/lib/python3.11/http/client.py", line 945, in connect
    self.sock = self._create_connection(
    │    │      │    └ <function create_connection at 0x7fe8f66104a0>
    │    │      └ <http.client.HTTPSConnection object at 0x7fe8ec061110>
    │    └ None
    └ <http.client.HTTPSConnection object at 0x7fe8ec061110>
  File "/usr/lib/python3.11/socket.py", line 827, in create_connection
    for res in getaddrinfo(host, port, 0, SOCK_STREAM):
               │           │     │        └ <SocketKind.SOCK_STREAM: 1>
               │           │     └ 443
               │           └ 'chromedriver.storage.googleapis.com'
               └ <function getaddrinfo at 0x7fe8f6610680>
  File "/usr/lib/python3.11/socket.py", line 962, in getaddrinfo
    for res in _socket.getaddrinfo(host, port, family, type, proto, flags):
               │       │           │     │     │       │     │      └ 0
               │       │           │     │     │       │     └ 0
               │       │           │     │     │       └ <SocketKind.SOCK_STREAM: 1>
               │       │           │     │     └ 0
               │       │           │     └ 443
               │       │           └ 'chromedriver.storage.googleapis.com'
               │       └ <built-in function getaddrinfo>
               └ <module '_socket' (built-in)>

socket.gaierror: [Errno -2] Name or service not known


During handling of the above exception, another exception occurred:


Traceback (most recent call last):

  File "/usr/lib/python3.11/runpy.py", line 198, in _run_module_as_main
    return _run_code(code, main_globals, None,
           │         │     └ {'__name__': '__main__', '__doc__': None, '__package__': '', '__loader__': <_frozen_importlib_external.SourceFileLoader objec...
           │         └ <code object <module> at 0x7fe8f6a289d0, file "/home/isfluder/.vscode/extensions/ms-python.python-2023.14.0/pythonFiles/lib/p...
           └ <function _run_code at 0x7fe8f682e8e0>
  File "/usr/lib/python3.11/runpy.py", line 88, in _run_code
    exec(code, run_globals)
         │     └ {'__name__': '__main__', '__doc__': None, '__package__': '', '__loader__': <_frozen_importlib_external.SourceFileLoader objec...
         └ <code object <module> at 0x7fe8f6a289d0, file "/home/isfluder/.vscode/extensions/ms-python.python-2023.14.0/pythonFiles/lib/p...

  File "/home/isfluder/.vscode/extensions/ms-python.python-2023.14.0/pythonFiles/lib/python/debugpy/adapter/../../debugpy/launcher/../../debugpy/__main__.py", line 39, in <module>
    cli.main()
    │   └ <function main at 0x7fe8f5632020>
    └ <module 'debugpy.server.cli' from '/home/isfluder/.vscode/extensions/ms-python.python-2023.14.0/pythonFiles/lib/python/debugp...

  File "/home/isfluder/.vscode/extensions/ms-python.python-2023.14.0/pythonFiles/lib/python/debugpy/adapter/../../debugpy/launcher/../../debugpy/../debugpy/server/cli.py", line 430, in main
    run()
    └ <function run_file at 0x7fe8f5631da0>

  File "/home/isfluder/.vscode/extensions/ms-python.python-2023.14.0/pythonFiles/lib/python/debugpy/adapter/../../debugpy/launcher/../../debugpy/../debugpy/server/cli.py", line 284, in run_file
    runpy.run_path(target, run_name="__main__")
    │     │        └ '/home/isfluder/Desktop/automated-yt-upload/sequence.py'
    │     └ <function run_path at 0x7fe8f58d89a0>
    └ <module '_pydevd_bundle.pydevd_runpy' from '/home/isfluder/.vscode/extensions/ms-python.python-2023.14.0/pythonFiles/lib/pyth...

  File "/home/isfluder/.vscode/extensions/ms-python.python-2023.14.0/pythonFiles/lib/python/debugpy/_vendored/pydevd/_pydevd_bundle/pydevd_runpy.py", line 321, in run_path
    return _run_module_code(code, init_globals, run_name,
           │                │     │             └ '__main__'
           │                │     └ None
           │                └ <code object <module> at 0x7fe8f56d24f0, file "/home/isfluder/Desktop/automated-yt-upload/sequence.py", line 1>
           └ <function _run_module_code at 0x7fe8f58d85e0>

  File "/home/isfluder/.vscode/extensions/ms-python.python-2023.14.0/pythonFiles/lib/python/debugpy/_vendored/pydevd/_pydevd_bundle/pydevd_runpy.py", line 135, in _run_module_code
    _run_code(code, mod_globals, init_globals,
    │         │     │            └ None
    │         │     └ {'__name__': '__main__', '__doc__': None, '__package__': '', '__loader__': None, '__spec__': None, '__file__': '/home/isflude...
    │         └ <code object <module> at 0x7fe8f56d24f0, file "/home/isfluder/Desktop/automated-yt-upload/sequence.py", line 1>
    └ <function _run_code at 0x7fe8f58d8180>

  File "/home/isfluder/.vscode/extensions/ms-python.python-2023.14.0/pythonFiles/lib/python/debugpy/_vendored/pydevd/_pydevd_bundle/pydevd_runpy.py", line 124, in _run_code
    exec(code, run_globals)
         │     └ {'__name__': '__main__', '__doc__': None, '__package__': '', '__loader__': None, '__spec__': None, '__file__': '/home/isflude...
         └ <code object <module> at 0x7fe8f56d24f0, file "/home/isfluder/Desktop/automated-yt-upload/sequence.py", line 1>

  File "/home/isfluder/Desktop/automated-yt-upload/sequence.py", line 53, in <module>
    run(['https://youtu.be/7doXTqVp16g'])
    └ <function run at 0x7fe8ee1e07c0>

> File "/home/isfluder/Desktop/automated-yt-upload/sequence.py", line 22, in run
    fetcher = opus_fetcher.Fetcher()
              │            └ <class 'opus_fetcher.Fetcher'>
              └ <module 'opus_fetcher' from '/home/isfluder/Desktop/automated-yt-upload/opus_fetcher.py'>

  File "/home/isfluder/Desktop/automated-yt-upload/opus_fetcher.py", line 69, in __init__
    self.driver = chromedriver.Chrome(headless=False,use_subprocess=False, options=self.opt)
    │             │            │                                                   │    └ <selenium.webdriver.chrome.options.Options object at 0x7fe8ec1d3b90>
    │             │            │                                                   └ <opus_fetcher.Fetcher object at 0x7fe8ec225690>
    │             │            └ <class 'undetected_chromedriver.Chrome'>
    │             └ <module 'undetected_chromedriver' from '/home/isfluder/.local/lib/python3.11/site-packages/undetected_chromedriver/__init__.py'>
    └ <opus_fetcher.Fetcher object at 0x7fe8ec225690>

  File "/home/isfluder/.local/lib/python3.11/site-packages/undetected_chromedriver/__init__.py", line 258, in __init__
    self.patcher.auto()
    │    │       └ <function Patcher.auto at 0x7fe8ec7c1800>
    │    └ Patcher(/home/isfluder/.local/share/undetected_chromedriver/undetected_chromedriver)
    └ <undetected_chromedriver.Chrome (session="None")>
  File "/home/isfluder/.local/lib/python3.11/site-packages/undetected_chromedriver/patcher.py", line 157, in auto
    release = self.fetch_release_number()
              │    └ <function Patcher.fetch_release_number at 0x7fe8ec7c1a80>
              └ Patcher(/home/isfluder/.local/share/undetected_chromedriver/undetected_chromedriver)
  File "/home/isfluder/.local/lib/python3.11/site-packages/undetected_chromedriver/patcher.py", line 225, in fetch_release_number
    return LooseVersion(urlopen(self.url_repo + path).read().decode())
           │            │       │    │          └ '/LATEST_RELEASE'
           │            │       │    └ 'https://chromedriver.storage.googleapis.com'
           │            │       └ Patcher(/home/isfluder/.local/share/undetected_chromedriver/undetected_chromedriver)
           │            └ <function urlopen at 0x7fe8ee331da0>
           └ <class 'distutils.version.LooseVersion'>
  File "/usr/lib/python3.11/urllib/request.py", line 216, in urlopen
    return opener.open(url, data, timeout)
           │      │    │    │     └ <object object at 0x7fe8f69cc420>
           │      │    │    └ None
           │      │    └ 'https://chromedriver.storage.googleapis.com/LATEST_RELEASE'
           │      └ <function OpenerDirector.open at 0x7fe8ee370fe0>
           └ <urllib.request.OpenerDirector object at 0x7fe8ec1d1e10>
  File "/usr/lib/python3.11/urllib/request.py", line 519, in open
    response = self._open(req, data)
               │    │     │    └ None
               │    │     └ <urllib.request.Request object at 0x7fe8ec151150>
               │    └ <function OpenerDirector._open at 0x7fe8ee371080>
               └ <urllib.request.OpenerDirector object at 0x7fe8ec1d1e10>
  File "/usr/lib/python3.11/urllib/request.py", line 536, in _open
    result = self._call_chain(self.handle_open, protocol, protocol +
             │    │           │    │            │         └ 'https'
             │    │           │    │            └ 'https'
             │    │           │    └ {'unknown': [<urllib.request.UnknownHandler object at 0x7fe8ec1d2cd0>], 'http': [<urllib.request.HTTPHandler object at 0x7fe8...
             │    │           └ <urllib.request.OpenerDirector object at 0x7fe8ec1d1e10>
             │    └ <function OpenerDirector._call_chain at 0x7fe8ee370f40>
             └ <urllib.request.OpenerDirector object at 0x7fe8ec1d1e10>
  File "/usr/lib/python3.11/urllib/request.py", line 496, in _call_chain
    result = func(*args)
             │     └ (<urllib.request.Request object at 0x7fe8ec151150>,)
             └ <bound method HTTPSHandler.https_open of <urllib.request.HTTPSHandler object at 0x7fe8ec1d3690>>
  File "/usr/lib/python3.11/urllib/request.py", line 1391, in https_open
    return self.do_open(http.client.HTTPSConnection, req,
           │    │       │    │      │                └ <urllib.request.Request object at 0x7fe8ec151150>
           │    │       │    │      └ <class 'http.client.HTTPSConnection'>
           │    │       │    └ <module 'http.client' from '/usr/lib/python3.11/http/client.py'>
           │    │       └ <module 'http' from '/usr/lib/python3.11/http/__init__.py'>
           │    └ <function AbstractHTTPHandler.do_open at 0x7fe8ee372f20>
           └ <urllib.request.HTTPSHandler object at 0x7fe8ec1d3690>
  File "/usr/lib/python3.11/urllib/request.py", line 1351, in do_open
    raise URLError(err)
          └ <class 'urllib.error.URLError'>

urllib.error.URLError: <urlopen error [Errno -2] Name or service not known>
2023-08-17T18:37:49.221587+0200 ERROR Main script ended work with exception: <urlopen error [Errno -2] Name or service not known>[MAIN.PY]
Traceback (most recent call last):

  File "/usr/lib/python3.11/urllib/request.py", line 1348, in do_open
    h.request(req.get_method(), req.selector, req.data, headers,
    │ │       │   │             │   │         │   │     └ {'Host': 'chromedriver.storage.googleapis.com', 'User-Agent': 'Python-urllib/3.11', 'Connection': 'close'}
    │ │       │   │             │   │         │   └ <property object at 0x7fe8ee36dd00>
    │ │       │   │             │   │         └ <urllib.request.Request object at 0x7fe8ec1d1ad0>
    │ │       │   │             │   └ '/LATEST_RELEASE'
    │ │       │   │             └ <urllib.request.Request object at 0x7fe8ec1d1ad0>
    │ │       │   └ <function Request.get_method at 0x7fe8ee370680>
    │ │       └ <urllib.request.Request object at 0x7fe8ec1d1ad0>
    │ └ <function HTTPConnection.request at 0x7fe8f6360720>
    └ <http.client.HTTPSConnection object at 0x7fe8ec079f10>
  File "/usr/lib/python3.11/http/client.py", line 1286, in request
    self._send_request(method, url, body, headers, encode_chunked)
    │    │             │       │    │     │        └ False
    │    │             │       │    │     └ {'Host': 'chromedriver.storage.googleapis.com', 'User-Agent': 'Python-urllib/3.11', 'Connection': 'close'}
    │    │             │       │    └ None
    │    │             │       └ '/LATEST_RELEASE'
    │    │             └ 'GET'
    │    └ <function HTTPConnection._send_request at 0x7fe8f63607c0>
    └ <http.client.HTTPSConnection object at 0x7fe8ec079f10>
  File "/usr/lib/python3.11/http/client.py", line 1332, in _send_request
    self.endheaders(body, encode_chunked=encode_chunked)
    │    │          │                    └ False
    │    │          └ None
    │    └ <function HTTPConnection.endheaders at 0x7fe8f6360680>
    └ <http.client.HTTPSConnection object at 0x7fe8ec079f10>
  File "/usr/lib/python3.11/http/client.py", line 1281, in endheaders
    self._send_output(message_body, encode_chunked=encode_chunked)
    │    │            │                            └ False
    │    │            └ None
    │    └ <function HTTPConnection._send_output at 0x7fe8f6360220>
    └ <http.client.HTTPSConnection object at 0x7fe8ec079f10>
  File "/usr/lib/python3.11/http/client.py", line 1041, in _send_output
    self.send(msg)
    │    │    └ b'GET /LATEST_RELEASE HTTP/1.1\r\nAccept-Encoding: identity\r\nHost: chromedriver.storage.googleapis.com\r\nUser-Agent: Pytho...
    │    └ <function HTTPConnection.send at 0x7fe8f6360040>
    └ <http.client.HTTPSConnection object at 0x7fe8ec079f10>
  File "/usr/lib/python3.11/http/client.py", line 979, in send
    self.connect()
    │    └ <function HTTPSConnection.connect at 0x7fe8f63bdda0>
    └ <http.client.HTTPSConnection object at 0x7fe8ec079f10>
  File "/usr/lib/python3.11/http/client.py", line 1451, in connect
    super().connect()
  File "/usr/lib/python3.11/http/client.py", line 945, in connect
    self.sock = self._create_connection(
    │    │      │    └ <function create_connection at 0x7fe8f66104a0>
    │    │      └ <http.client.HTTPSConnection object at 0x7fe8ec079f10>
    │    └ None
    └ <http.client.HTTPSConnection object at 0x7fe8ec079f10>
  File "/usr/lib/python3.11/socket.py", line 827, in create_connection
    for res in getaddrinfo(host, port, 0, SOCK_STREAM):
               │           │     │        └ <SocketKind.SOCK_STREAM: 1>
               │           │     └ 443
               │           └ 'chromedriver.storage.googleapis.com'
               └ <function getaddrinfo at 0x7fe8f6610680>
  File "/usr/lib/python3.11/socket.py", line 962, in getaddrinfo
    for res in _socket.getaddrinfo(host, port, family, type, proto, flags):
               │       │           │     │     │       │     │      └ 0
               │       │           │     │     │       │     └ 0
               │       │           │     │     │       └ <SocketKind.SOCK_STREAM: 1>
               │       │           │     │     └ 0
               │       │           │     └ 443
               │       │           └ 'chromedriver.storage.googleapis.com'
               │       └ <built-in function getaddrinfo>
               └ <module '_socket' (built-in)>

socket.gaierror: [Errno -2] Name or service not known


During handling of the above exception, another exception occurred:


Traceback (most recent call last):

  File "/usr/lib/python3.11/runpy.py", line 198, in _run_module_as_main
    return _run_code(code, main_globals, None,
           │         │     └ {'__name__': '__main__', '__doc__': None, '__package__': '', '__loader__': <_frozen_importlib_external.SourceFileLoader objec...
           │         └ <code object <module> at 0x7fe8f6a289d0, file "/home/isfluder/.vscode/extensions/ms-python.python-2023.14.0/pythonFiles/lib/p...
           └ <function _run_code at 0x7fe8f682e8e0>
  File "/usr/lib/python3.11/runpy.py", line 88, in _run_code
    exec(code, run_globals)
         │     └ {'__name__': '__main__', '__doc__': None, '__package__': '', '__loader__': <_frozen_importlib_external.SourceFileLoader objec...
         └ <code object <module> at 0x7fe8f6a289d0, file "/home/isfluder/.vscode/extensions/ms-python.python-2023.14.0/pythonFiles/lib/p...

  File "/home/isfluder/.vscode/extensions/ms-python.python-2023.14.0/pythonFiles/lib/python/debugpy/adapter/../../debugpy/launcher/../../debugpy/__main__.py", line 39, in <module>
    cli.main()
    │   └ <function main at 0x7fe8f5632020>
    └ <module 'debugpy.server.cli' from '/home/isfluder/.vscode/extensions/ms-python.python-2023.14.0/pythonFiles/lib/python/debugp...

  File "/home/isfluder/.vscode/extensions/ms-python.python-2023.14.0/pythonFiles/lib/python/debugpy/adapter/../../debugpy/launcher/../../debugpy/../debugpy/server/cli.py", line 430, in main
    run()
    └ <function run_file at 0x7fe8f5631da0>

  File "/home/isfluder/.vscode/extensions/ms-python.python-2023.14.0/pythonFiles/lib/python/debugpy/adapter/../../debugpy/launcher/../../debugpy/../debugpy/server/cli.py", line 284, in run_file
    runpy.run_path(target, run_name="__main__")
    │     │        └ '/home/isfluder/Desktop/automated-yt-upload/sequence.py'
    │     └ <function run_path at 0x7fe8f58d89a0>
    └ <module '_pydevd_bundle.pydevd_runpy' from '/home/isfluder/.vscode/extensions/ms-python.python-2023.14.0/pythonFiles/lib/pyth...

  File "/home/isfluder/.vscode/extensions/ms-python.python-2023.14.0/pythonFiles/lib/python/debugpy/_vendored/pydevd/_pydevd_bundle/pydevd_runpy.py", line 321, in run_path
    return _run_module_code(code, init_globals, run_name,
           │                │     │             └ '__main__'
           │                │     └ None
           │                └ <code object <module> at 0x7fe8f56d24f0, file "/home/isfluder/Desktop/automated-yt-upload/sequence.py", line 1>
           └ <function _run_module_code at 0x7fe8f58d85e0>

  File "/home/isfluder/.vscode/extensions/ms-python.python-2023.14.0/pythonFiles/lib/python/debugpy/_vendored/pydevd/_pydevd_bundle/pydevd_runpy.py", line 135, in _run_module_code
    _run_code(code, mod_globals, init_globals,
    │         │     │            └ None
    │         │     └ {'__name__': '__main__', '__doc__': None, '__package__': '', '__loader__': None, '__spec__': None, '__file__': '/home/isflude...
    │         └ <code object <module> at 0x7fe8f56d24f0, file "/home/isfluder/Desktop/automated-yt-upload/sequence.py", line 1>
    └ <function _run_code at 0x7fe8f58d8180>

  File "/home/isfluder/.vscode/extensions/ms-python.python-2023.14.0/pythonFiles/lib/python/debugpy/_vendored/pydevd/_pydevd_bundle/pydevd_runpy.py", line 124, in _run_code
    exec(code, run_globals)
         │     └ {'__name__': '__main__', '__doc__': None, '__package__': '', '__loader__': None, '__spec__': None, '__file__': '/home/isflude...
         └ <code object <module> at 0x7fe8f56d24f0, file "/home/isfluder/Desktop/automated-yt-upload/sequence.py", line 1>

  File "/home/isfluder/Desktop/automated-yt-upload/sequence.py", line 53, in <module>
    run(['https://youtu.be/7doXTqVp16g'])
    └ <function run at 0x7fe8ee1e07c0>

> File "/home/isfluder/Desktop/automated-yt-upload/sequence.py", line 22, in run
    fetcher = opus_fetcher.Fetcher()
              │            └ <class 'opus_fetcher.Fetcher'>
              └ <module 'opus_fetcher' from '/home/isfluder/Desktop/automated-yt-upload/opus_fetcher.py'>

  File "/home/isfluder/Desktop/automated-yt-upload/opus_fetcher.py", line 69, in __init__
    self.driver = chromedriver.Chrome(headless=False,use_subprocess=False, options=self.opt)
    │             │            │                                                   │    └ <selenium.webdriver.chrome.options.Options object at 0x7fe8ec03c1d0>
    │             │            │                                                   └ <opus_fetcher.Fetcher object at 0x7fe8ec061e50>
    │             │            └ <class 'undetected_chromedriver.Chrome'>
    │             └ <module 'undetected_chromedriver' from '/home/isfluder/.local/lib/python3.11/site-packages/undetected_chromedriver/__init__.py'>
    └ <opus_fetcher.Fetcher object at 0x7fe8ec061e50>

  File "/home/isfluder/.local/lib/python3.11/site-packages/undetected_chromedriver/__init__.py", line 258, in __init__
    self.patcher.auto()
    │    │       └ <function Patcher.auto at 0x7fe8ec7c1800>
    │    └ Patcher(/home/isfluder/.local/share/undetected_chromedriver/undetected_chromedriver)
    └ <undetected_chromedriver.Chrome (session="None")>
  File "/home/isfluder/.local/lib/python3.11/site-packages/undetected_chromedriver/patcher.py", line 157, in auto
    release = self.fetch_release_number()
              │    └ <function Patcher.fetch_release_number at 0x7fe8ec7c1a80>
              └ Patcher(/home/isfluder/.local/share/undetected_chromedriver/undetected_chromedriver)
  File "/home/isfluder/.local/lib/python3.11/site-packages/undetected_chromedriver/patcher.py", line 225, in fetch_release_number
    return LooseVersion(urlopen(self.url_repo + path).read().decode())
           │            │       │    │          └ '/LATEST_RELEASE'
           │            │       │    └ 'https://chromedriver.storage.googleapis.com'
           │            │       └ Patcher(/home/isfluder/.local/share/undetected_chromedriver/undetected_chromedriver)
           │            └ <function urlopen at 0x7fe8ee331da0>
           └ <class 'distutils.version.LooseVersion'>
  File "/usr/lib/python3.11/urllib/request.py", line 216, in urlopen
    return opener.open(url, data, timeout)
           │      │    │    │     └ <object object at 0x7fe8f69cc420>
           │      │    │    └ None
           │      │    └ 'https://chromedriver.storage.googleapis.com/LATEST_RELEASE'
           │      └ <function OpenerDirector.open at 0x7fe8ee370fe0>
           └ <urllib.request.OpenerDirector object at 0x7fe8ec1d1e10>
  File "/usr/lib/python3.11/urllib/request.py", line 519, in open
    response = self._open(req, data)
               │    │     │    └ None
               │    │     └ <urllib.request.Request object at 0x7fe8ec1d1ad0>
               │    └ <function OpenerDirector._open at 0x7fe8ee371080>
               └ <urllib.request.OpenerDirector object at 0x7fe8ec1d1e10>
  File "/usr/lib/python3.11/urllib/request.py", line 536, in _open
    result = self._call_chain(self.handle_open, protocol, protocol +
             │    │           │    │            │         └ 'https'
             │    │           │    │            └ 'https'
             │    │           │    └ {'unknown': [<urllib.request.UnknownHandler object at 0x7fe8ec1d2cd0>], 'http': [<urllib.request.HTTPHandler object at 0x7fe8...
             │    │           └ <urllib.request.OpenerDirector object at 0x7fe8ec1d1e10>
             │    └ <function OpenerDirector._call_chain at 0x7fe8ee370f40>
             └ <urllib.request.OpenerDirector object at 0x7fe8ec1d1e10>
  File "/usr/lib/python3.11/urllib/request.py", line 496, in _call_chain
    result = func(*args)
             │     └ (<urllib.request.Request object at 0x7fe8ec1d1ad0>,)
             └ <bound method HTTPSHandler.https_open of <urllib.request.HTTPSHandler object at 0x7fe8ec1d3690>>
  File "/usr/lib/python3.11/urllib/request.py", line 1391, in https_open
    return self.do_open(http.client.HTTPSConnection, req,
           │    │       │    │      │                └ <urllib.request.Request object at 0x7fe8ec1d1ad0>
           │    │       │    │      └ <class 'http.client.HTTPSConnection'>
           │    │       │    └ <module 'http.client' from '/usr/lib/python3.11/http/client.py'>
           │    │       └ <module 'http' from '/usr/lib/python3.11/http/__init__.py'>
           │    └ <function AbstractHTTPHandler.do_open at 0x7fe8ee372f20>
           └ <urllib.request.HTTPSHandler object at 0x7fe8ec1d3690>
  File "/usr/lib/python3.11/urllib/request.py", line 1351, in do_open
    raise URLError(err)
          └ <class 'urllib.error.URLError'>

urllib.error.URLError: <urlopen error [Errno -2] Name or service not known>
2023-08-17T18:38:19.858980+0200 INFO Running program...(1)[MAIN.PY]
2023-08-17T18:38:41.272931+0200 INFO Started listening to verification code email.[MAIN.PY]
2023-08-17T18:38:46.273875+0200 INFO Found Opus login code: 059562[MAIN.PY]
2023-08-17T18:38:46.282045+0200 ERROR Main script ended work with exception: Message: no such window: target window already closed
from unknown error: web view not found
  (Session info: chrome=114.0.5735.133)
Stacktrace:
#0 0x5604094694e3 <unknown>
#1 0x560409198c76 <unknown>
#2 0x560409172c6c <unknown>
#3 0x5604091f8f8f <unknown>
#4 0x56040920bd66 <unknown>
#5 0x5604091f3de3 <unknown>
#6 0x5604091c92dd <unknown>
#7 0x5604091ca34e <unknown>
#8 0x5604094293e4 <unknown>
#9 0x56040942d3d7 <unknown>
#10 0x560409437b20 <unknown>
#11 0x56040942e023 <unknown>
#12 0x5604093fc1aa <unknown>
#13 0x5604094526b8 <unknown>
#14 0x560409452847 <unknown>
#15 0x560409462243 <unknown>
#16 0x7f090f98d609 start_thread
[MAIN.PY]
Traceback (most recent call last):

  File "/usr/lib/python3.11/runpy.py", line 198, in _run_module_as_main
    return _run_code(code, main_globals, None,
           │         │     └ {'__name__': '__main__', '__doc__': None, '__package__': '', '__loader__': <_frozen_importlib_external.SourceFileLoader objec...
           │         └ <code object <module> at 0x7fe8f6a289d0, file "/home/isfluder/.vscode/extensions/ms-python.python-2023.14.0/pythonFiles/lib/p...
           └ <function _run_code at 0x7fe8f682e8e0>
  File "/usr/lib/python3.11/runpy.py", line 88, in _run_code
    exec(code, run_globals)
         │     └ {'__name__': '__main__', '__doc__': None, '__package__': '', '__loader__': <_frozen_importlib_external.SourceFileLoader objec...
         └ <code object <module> at 0x7fe8f6a289d0, file "/home/isfluder/.vscode/extensions/ms-python.python-2023.14.0/pythonFiles/lib/p...

  File "/home/isfluder/.vscode/extensions/ms-python.python-2023.14.0/pythonFiles/lib/python/debugpy/adapter/../../debugpy/launcher/../../debugpy/__main__.py", line 39, in <module>
    cli.main()
    │   └ <function main at 0x7fe8f5632020>
    └ <module 'debugpy.server.cli' from '/home/isfluder/.vscode/extensions/ms-python.python-2023.14.0/pythonFiles/lib/python/debugp...

  File "/home/isfluder/.vscode/extensions/ms-python.python-2023.14.0/pythonFiles/lib/python/debugpy/adapter/../../debugpy/launcher/../../debugpy/../debugpy/server/cli.py", line 430, in main
    run()
    └ <function run_file at 0x7fe8f5631da0>

  File "/home/isfluder/.vscode/extensions/ms-python.python-2023.14.0/pythonFiles/lib/python/debugpy/adapter/../../debugpy/launcher/../../debugpy/../debugpy/server/cli.py", line 284, in run_file
    runpy.run_path(target, run_name="__main__")
    │     │        └ '/home/isfluder/Desktop/automated-yt-upload/sequence.py'
    │     └ <function run_path at 0x7fe8f58d89a0>
    └ <module '_pydevd_bundle.pydevd_runpy' from '/home/isfluder/.vscode/extensions/ms-python.python-2023.14.0/pythonFiles/lib/pyth...

  File "/home/isfluder/.vscode/extensions/ms-python.python-2023.14.0/pythonFiles/lib/python/debugpy/_vendored/pydevd/_pydevd_bundle/pydevd_runpy.py", line 321, in run_path
    return _run_module_code(code, init_globals, run_name,
           │                │     │             └ '__main__'
           │                │     └ None
           │                └ <code object <module> at 0x7fe8f56d24f0, file "/home/isfluder/Desktop/automated-yt-upload/sequence.py", line 1>
           └ <function _run_module_code at 0x7fe8f58d85e0>

  File "/home/isfluder/.vscode/extensions/ms-python.python-2023.14.0/pythonFiles/lib/python/debugpy/_vendored/pydevd/_pydevd_bundle/pydevd_runpy.py", line 135, in _run_module_code
    _run_code(code, mod_globals, init_globals,
    │         │     │            └ None
    │         │     └ {'__name__': '__main__', '__doc__': None, '__package__': '', '__loader__': None, '__spec__': None, '__file__': '/home/isflude...
    │         └ <code object <module> at 0x7fe8f56d24f0, file "/home/isfluder/Desktop/automated-yt-upload/sequence.py", line 1>
    └ <function _run_code at 0x7fe8f58d8180>

  File "/home/isfluder/.vscode/extensions/ms-python.python-2023.14.0/pythonFiles/lib/python/debugpy/_vendored/pydevd/_pydevd_bundle/pydevd_runpy.py", line 124, in _run_code
    exec(code, run_globals)
         │     └ {'__name__': '__main__', '__doc__': None, '__package__': '', '__loader__': None, '__spec__': None, '__file__': '/home/isflude...
         └ <code object <module> at 0x7fe8f56d24f0, file "/home/isfluder/Desktop/automated-yt-upload/sequence.py", line 1>

  File "/home/isfluder/Desktop/automated-yt-upload/sequence.py", line 53, in <module>
    run(['https://youtu.be/7doXTqVp16g'])
    └ <function run at 0x7fe8ee1e07c0>

> File "/home/isfluder/Desktop/automated-yt-upload/sequence.py", line 29, in run
    fetcher.register_step_2(code=code, yt_link=vids[times])
    │       │                    │             │    └ 1
    │       │                    │             └ ['https://youtu.be/7doXTqVp16g']
    │       │                    └ '059562'
    │       └ <function Fetcher.register_step_2 at 0x7fe8ec1cc7c0>
    └ <opus_fetcher.Fetcher object at 0x7fe8ec03e290>

  File "/home/isfluder/Desktop/automated-yt-upload/opus_fetcher.py", line 93, in register_step_2
    search_for_element_and_send_keys(self.driver, By.ID, ':r3:', code)
    │                                │    │       │  │           └ '059562'
    │                                │    │       │  └ 'id'
    │                                │    │       └ <class 'selenium.webdriver.common.by.By'>
    │                                │    └ <undetected_chromedriver.Chrome (session="1f4b22a077d83cc1dc8778d45ac7a47d")>
    │                                └ <opus_fetcher.Fetcher object at 0x7fe8ec03e290>
    └ <function search_for_element_and_send_keys at 0x7fe8ec7e0fe0>

  File "/home/isfluder/Desktop/automated-yt-upload/opus_fetcher.py", line 40, in search_for_element_and_send_keys
    element = WebDriverWait(browser, TIMEOUT).until(EC.presence_of_element_located((by, selector)))
              │             │        │              │  │                            │   └ ':r3:'
              │             │        │              │  │                            └ 'id'
              │             │        │              │  └ <function presence_of_element_located at 0x7fe8ec7c3ce0>
              │             │        │              └ <module 'selenium.webdriver.support.expected_conditions' from '/home/isfluder/.local/lib/python3.11/site-packages/selenium/we...
              │             │        └ 20
              │             └ <undetected_chromedriver.Chrome (session="1f4b22a077d83cc1dc8778d45ac7a47d")>
              └ <class 'selenium.webdriver.support.wait.WebDriverWait'>

  File "/home/isfluder/.local/lib/python3.11/site-packages/selenium/webdriver/support/wait.py", line 86, in until
    value = method(self._driver)
            │      │    └ <undetected_chromedriver.Chrome (session="1f4b22a077d83cc1dc8778d45ac7a47d")>
            │      └ <selenium.webdriver.support.wait.WebDriverWait (session="1f4b22a077d83cc1dc8778d45ac7a47d")>
            └ <function presence_of_element_located.<locals>._predicate at 0x7fe8ec217380>
  File "/home/isfluder/.local/lib/python3.11/site-packages/selenium/webdriver/support/expected_conditions.py", line 82, in _predicate
    return driver.find_element(*locator)
           │      │             └ ('id', ':r3:')
           │      └ <function WebDriver.find_element at 0x7fe8ec904e00>
           └ <undetected_chromedriver.Chrome (session="1f4b22a077d83cc1dc8778d45ac7a47d")>
  File "/home/isfluder/.local/lib/python3.11/site-packages/selenium/webdriver/remote/webdriver.py", line 739, in find_element
    return self.execute(Command.FIND_ELEMENT, {"using": by, "value": value})["value"]
           │    │       │       │                       │            └ '[id=":r3:"]'
           │    │       │       │                       └ 'css selector'
           │    │       │       └ 'findElement'
           │    │       └ <class 'selenium.webdriver.remote.command.Command'>
           │    └ <function WebDriver.execute at 0x7fe8ec8f79c0>
           └ <undetected_chromedriver.Chrome (session="1f4b22a077d83cc1dc8778d45ac7a47d")>
  File "/home/isfluder/.local/lib/python3.11/site-packages/selenium/webdriver/remote/webdriver.py", line 345, in execute
    self.error_handler.check_response(response)
    │    │             │              └ {'status': 404, 'value': '{"value":{"error":"no such window","message":"no such window: target window already closed\\nfrom u...
    │    │             └ <function ErrorHandler.check_response at 0x7fe8ec86f1a0>
    │    └ <selenium.webdriver.remote.errorhandler.ErrorHandler object at 0x7fe8ec079850>
    └ <undetected_chromedriver.Chrome (session="1f4b22a077d83cc1dc8778d45ac7a47d")>
  File "/home/isfluder/.local/lib/python3.11/site-packages/selenium/webdriver/remote/errorhandler.py", line 229, in check_response
    raise exception_class(message, screen, stacktrace)
          │               │        │       └ ['#0 0x5604094694e3 <unknown>', '#1 0x560409198c76 <unknown>', '#2 0x560409172c6c <unknown>', '#3 0x5604091f8f8f <unknown>', ...
          │               │        └ None
          │               └ 'no such window: target window already closed\nfrom unknown error: web view not found\n  (Session info: chrome=114.0.5735.133)'
          └ <class 'selenium.common.exceptions.NoSuchWindowException'>

selenium.common.exceptions.NoSuchWindowException: Message: no such window: target window already closed
from unknown error: web view not found
  (Session info: chrome=114.0.5735.133)
Stacktrace:
#0 0x5604094694e3 <unknown>
#1 0x560409198c76 <unknown>
#2 0x560409172c6c <unknown>
#3 0x5604091f8f8f <unknown>
#4 0x56040920bd66 <unknown>
#5 0x5604091f3de3 <unknown>
#6 0x5604091c92dd <unknown>
#7 0x5604091ca34e <unknown>
#8 0x5604094293e4 <unknown>
#9 0x56040942d3d7 <unknown>
#10 0x560409437b20 <unknown>
#11 0x56040942e023 <unknown>
#12 0x5604093fc1aa <unknown>
#13 0x5604094526b8 <unknown>
#14 0x560409452847 <unknown>
#15 0x560409462243 <unknown>
#16 0x7f090f98d609 start_thread

2023-08-17T18:42:41.198328+0200 INFO Running program...(1)[MAIN.PY]
2023-08-17T18:42:59.569618+0200 INFO Started listening to verification code email.[MAIN.PY]
2023-08-17T18:43:04.570243+0200 INFO Found Opus login code: 192026[MAIN.PY]
2023-08-17T18:44:00.719260+0200 INFO Tracking url: https://clip.opus.pro/clip/P00817160Pj6?utm_source=opus[MAIN.PY]
2023-08-17T18:44:00.790097+0200 SUCCESS Finished browsing the web![MAIN.PY]
2023-08-17T19:12:20.911778+0200 INFO Link aquired! https://clip.opus.pro/clip/P00817160Pj6[MAIN.PY]
2023-08-17T19:12:20.912296+0200 ERROR Main script ended work with exception: Fetcher.download_videos() got an unexpected keyword argument 'link'[MAIN.PY]
Traceback (most recent call last):

  File "/home/isfluder/Desktop/automated-yt-upload/sequence.py", line 53, in <module>
    run(['https://youtu.be/7doXTqVp16g'])
    └ <function run at 0x7fae6f089da0>

> File "/home/isfluder/Desktop/automated-yt-upload/sequence.py", line 35, in run
    fetcher.download_videos(link=link)
    │       │                    └ 'https://clip.opus.pro/clip/P00817160Pj6'
    │       └ <function Fetcher.download_videos at 0x7fae6d554360>
    └ <opus_fetcher.Fetcher object at 0x7fae6d4d0cd0>

TypeError: Fetcher.download_videos() got an unexpected keyword argument 'link'
2023-08-17T19:13:08.517737+0200 INFO Running program...(1)[MAIN.PY]
2023-08-17T19:13:27.537002+0200 INFO Started listening to verification code email.[MAIN.PY]
2023-08-17T19:13:32.537620+0200 INFO Found Opus login code: 731149[MAIN.PY]
2023-08-17T19:14:00.289664+0200 WARNING Main script ended work with exception. Class returned: IP Blocked! ... retrying[MAIN.PY]
2023-08-17T19:14:23.441059+0200 INFO Running program...(1)[MAIN.PY]
2023-08-17T19:17:54.601747+0200 INFO Link aquired! https://clip.opus.pro/clip/P00817160Pj6[MAIN.PY]
2023-08-17T19:18:29.261267+0200 ERROR Main script ended work with exception: Message: stale element reference: stale element not found
  (Session info: chrome=114.0.5735.133); For documentation on this error, please visit: https://www.selenium.dev/documentation/webdriver/troubleshooting/errors#stale-element-reference-exception
Stacktrace:
#0 0x5591d550a4e3 <unknown>
#1 0x5591d5239c76 <unknown>
#2 0x5591d523e53c <unknown>
#3 0x5591d523f97e <unknown>
#4 0x5591d523fa4c <unknown>
#5 0x5591d52773c2 <unknown>
#6 0x5591d526c021 <unknown>
#7 0x5591d5295012 <unknown>
#8 0x5591d526bb03 <unknown>
#9 0x5591d52951de <unknown>
#10 0x5591d52ad30e <unknown>
#11 0x5591d5294de3 <unknown>
#12 0x5591d526a2dd <unknown>
#13 0x5591d526b34e <unknown>
#14 0x5591d54ca3e4 <unknown>
#15 0x5591d54ce3d7 <unknown>
#16 0x5591d54d8b20 <unknown>
#17 0x5591d54cf023 <unknown>
#18 0x5591d549d1aa <unknown>
#19 0x5591d54f36b8 <unknown>
#20 0x5591d54f3847 <unknown>
#21 0x5591d5503243 <unknown>
#22 0x7fefb045a609 start_thread
[MAIN.PY]
Traceback (most recent call last):

  File "/home/isfluder/Desktop/automated-yt-upload/sequence.py", line 54, in <module>
    run(['https://youtu.be/7doXTqVp16g'])
    └ <function run at 0x7ff16ed79e40>

> File "/home/isfluder/Desktop/automated-yt-upload/sequence.py", line 36, in run
    fetcher.download_videos(url=link)
    │       │                   └ 'https://clip.opus.pro/clip/P00817160Pj6'
    │       └ <function Fetcher.download_videos at 0x7ff16d294400>
    └ <opus_fetcher.Fetcher object at 0x7ff16d210cd0>

  File "/home/isfluder/Desktop/automated-yt-upload/opus_fetcher.py", line 142, in download_videos
    search_for_element_and_click(self.driver, By.XPATH, '//button[text()="Download"]')
    │                            │    │       │  └ 'xpath'
    │                            │    │       └ <class 'selenium.webdriver.common.by.By'>
    │                            │    └ <undetected_chromedriver.Chrome (session="04d39be45110dcc0a53ce2ed85acffb1")>
    │                            └ <opus_fetcher.Fetcher object at 0x7ff16d210cd0>
    └ <function search_for_element_and_click at 0x7ff16d42f1a0>

  File "/home/isfluder/Desktop/automated-yt-upload/opus_fetcher.py", line 29, in search_for_element_and_click
    element.click()
    │       └ <function WebElement.click at 0x7ff16d2d9120>
    └ <undetected_chromedriver.webelement.WebElement (session="04d39be45110dcc0a53ce2ed85acffb1", element="1A763F12CDECB5DFF73A05EC...

  File "/home/isfluder/.local/lib/python3.11/site-packages/selenium/webdriver/remote/webelement.py", line 94, in click
    self._execute(Command.CLICK_ELEMENT)
    │    │        │       └ 'clickElement'
    │    │        └ <class 'selenium.webdriver.remote.command.Command'>
    │    └ <function WebElement._execute at 0x7ff16d2da0c0>
    └ <undetected_chromedriver.webelement.WebElement (session="04d39be45110dcc0a53ce2ed85acffb1", element="1A763F12CDECB5DFF73A05EC...
  File "/home/isfluder/.local/lib/python3.11/site-packages/selenium/webdriver/remote/webelement.py", line 395, in _execute
    return self._parent.execute(command, params)
           │    │       │       │        └ {'id': '1A763F12CDECB5DFF73A05ECE322723D_element_22'}
           │    │       │       └ 'clickElement'
           │    │       └ <function WebDriver.execute at 0x7ff16d2f09a0>
           │    └ <undetected_chromedriver.Chrome (session="04d39be45110dcc0a53ce2ed85acffb1")>
           └ <undetected_chromedriver.webelement.WebElement (session="04d39be45110dcc0a53ce2ed85acffb1", element="1A763F12CDECB5DFF73A05EC...
  File "/home/isfluder/.local/lib/python3.11/site-packages/selenium/webdriver/remote/webdriver.py", line 345, in execute
    self.error_handler.check_response(response)
    │    │             │              └ {'status': 404, 'value': '{"value":{"error":"stale element reference","message":"stale element reference: stale element not f...
    │    │             └ <function ErrorHandler.check_response at 0x7ff16d48d120>
    │    └ <selenium.webdriver.remote.errorhandler.ErrorHandler object at 0x7ff16d2a4d50>
    └ <undetected_chromedriver.Chrome (session="04d39be45110dcc0a53ce2ed85acffb1")>
  File "/home/isfluder/.local/lib/python3.11/site-packages/selenium/webdriver/remote/errorhandler.py", line 229, in check_response
    raise exception_class(message, screen, stacktrace)
          │               │        │       └ ['#0 0x5591d550a4e3 <unknown>', '#1 0x5591d5239c76 <unknown>', '#2 0x5591d523e53c <unknown>', '#3 0x5591d523f97e <unknown>', ...
          │               │        └ None
          │               └ 'stale element reference: stale element not found\n  (Session info: chrome=114.0.5735.133)'
          └ <class 'selenium.common.exceptions.StaleElementReferenceException'>

selenium.common.exceptions.StaleElementReferenceException: Message: stale element reference: stale element not found
  (Session info: chrome=114.0.5735.133); For documentation on this error, please visit: https://www.selenium.dev/documentation/webdriver/troubleshooting/errors#stale-element-reference-exception
Stacktrace:
#0 0x5591d550a4e3 <unknown>
#1 0x5591d5239c76 <unknown>
#2 0x5591d523e53c <unknown>
#3 0x5591d523f97e <unknown>
#4 0x5591d523fa4c <unknown>
#5 0x5591d52773c2 <unknown>
#6 0x5591d526c021 <unknown>
#7 0x5591d5295012 <unknown>
#8 0x5591d526bb03 <unknown>
#9 0x5591d52951de <unknown>
#10 0x5591d52ad30e <unknown>
#11 0x5591d5294de3 <unknown>
#12 0x5591d526a2dd <unknown>
#13 0x5591d526b34e <unknown>
#14 0x5591d54ca3e4 <unknown>
#15 0x5591d54ce3d7 <unknown>
#16 0x5591d54d8b20 <unknown>
#17 0x5591d54cf023 <unknown>
#18 0x5591d549d1aa <unknown>
#19 0x5591d54f36b8 <unknown>
#20 0x5591d54f3847 <unknown>
#21 0x5591d5503243 <unknown>
#22 0x7fefb045a609 start_thread

2023-08-17T19:19:08.097017+0200 INFO Link aquired! https://clip.opus.pro/clip/P00817160Pj6[MAIN.PY]
2023-08-17T19:19:29.471479+0200 ERROR Main script ended work with exception: Message: no such window: target window already closed
from unknown error: web view not found
  (Session info: chrome=114.0.5735.133)
Stacktrace:
#0 0x559a628584e3 <unknown>
#1 0x559a62587c76 <unknown>
#2 0x559a62561c6c <unknown>
#3 0x559a625e7f8f <unknown>
#4 0x559a625fad66 <unknown>
#5 0x559a625e2de3 <unknown>
#6 0x559a625b82dd <unknown>
#7 0x559a625b934e <unknown>
#8 0x559a628183e4 <unknown>
#9 0x559a6281c3d7 <unknown>
#10 0x559a62826b20 <unknown>
#11 0x559a6281d023 <unknown>
#12 0x559a627eb1aa <unknown>
#13 0x559a628416b8 <unknown>
#14 0x559a62841847 <unknown>
#15 0x559a62851243 <unknown>
#16 0x7f51ede84609 start_thread
[MAIN.PY]
Traceback (most recent call last):

  File "/home/isfluder/Desktop/automated-yt-upload/sequence.py", line 54, in <module>
    run(['https://youtu.be/7doXTqVp16g'])
    └ <function run at 0x7ff16ed79e40>

> File "/home/isfluder/Desktop/automated-yt-upload/sequence.py", line 36, in run
    fetcher.download_videos(url=link)
    │       │                   └ 'https://clip.opus.pro/clip/P00817160Pj6'
    │       └ <function Fetcher.download_videos at 0x7ff16d294400>
    └ <opus_fetcher.Fetcher object at 0x7ff16d220490>

  File "/home/isfluder/Desktop/automated-yt-upload/opus_fetcher.py", line 137, in download_videos
    search_for_element_and_click(self.driver, By.XPATH, '//p[text()="Have questions?"]')
    │                            │    │       │  └ 'xpath'
    │                            │    │       └ <class 'selenium.webdriver.common.by.By'>
    │                            │    └ <undetected_chromedriver.Chrome (session="20283c09fb15511efbd0c0d97120ece4")>
    │                            └ <opus_fetcher.Fetcher object at 0x7ff16d220490>
    └ <function search_for_element_and_click at 0x7ff16d42f1a0>

  File "/home/isfluder/Desktop/automated-yt-upload/opus_fetcher.py", line 29, in search_for_element_and_click
    element.click()
    │       └ <function WebElement.click at 0x7ff16d2d9120>
    └ <undetected_chromedriver.webelement.WebElement (session="20283c09fb15511efbd0c0d97120ece4", element="D8925B00ADDD6EC6F1E0A52F...

  File "/home/isfluder/.local/lib/python3.11/site-packages/selenium/webdriver/remote/webelement.py", line 94, in click
    self._execute(Command.CLICK_ELEMENT)
    │    │        │       └ 'clickElement'
    │    │        └ <class 'selenium.webdriver.remote.command.Command'>
    │    └ <function WebElement._execute at 0x7ff16d2da0c0>
    └ <undetected_chromedriver.webelement.WebElement (session="20283c09fb15511efbd0c0d97120ece4", element="D8925B00ADDD6EC6F1E0A52F...
  File "/home/isfluder/.local/lib/python3.11/site-packages/selenium/webdriver/remote/webelement.py", line 395, in _execute
    return self._parent.execute(command, params)
           │    │       │       │        └ {'id': 'D8925B00ADDD6EC6F1E0A52F6B6842A0_element_5'}
           │    │       │       └ 'clickElement'
           │    │       └ <function WebDriver.execute at 0x7ff16d2f09a0>
           │    └ <undetected_chromedriver.Chrome (session="20283c09fb15511efbd0c0d97120ece4")>
           └ <undetected_chromedriver.webelement.WebElement (session="20283c09fb15511efbd0c0d97120ece4", element="D8925B00ADDD6EC6F1E0A52F...
  File "/home/isfluder/.local/lib/python3.11/site-packages/selenium/webdriver/remote/webdriver.py", line 345, in execute
    self.error_handler.check_response(response)
    │    │             │              └ {'status': 404, 'value': '{"value":{"error":"no such window","message":"no such window: target window already closed\\nfrom u...
    │    │             └ <function ErrorHandler.check_response at 0x7ff16d48d120>
    │    └ <selenium.webdriver.remote.errorhandler.ErrorHandler object at 0x7ff16cb8d910>
    └ <undetected_chromedriver.Chrome (session="20283c09fb15511efbd0c0d97120ece4")>
  File "/home/isfluder/.local/lib/python3.11/site-packages/selenium/webdriver/remote/errorhandler.py", line 229, in check_response
    raise exception_class(message, screen, stacktrace)
          │               │        │       └ ['#0 0x559a628584e3 <unknown>', '#1 0x559a62587c76 <unknown>', '#2 0x559a62561c6c <unknown>', '#3 0x559a625e7f8f <unknown>', ...
          │               │        └ None
          │               └ 'no such window: target window already closed\nfrom unknown error: web view not found\n  (Session info: chrome=114.0.5735.133)'
          └ <class 'selenium.common.exceptions.NoSuchWindowException'>

selenium.common.exceptions.NoSuchWindowException: Message: no such window: target window already closed
from unknown error: web view not found
  (Session info: chrome=114.0.5735.133)
Stacktrace:
#0 0x559a628584e3 <unknown>
#1 0x559a62587c76 <unknown>
#2 0x559a62561c6c <unknown>
#3 0x559a625e7f8f <unknown>
#4 0x559a625fad66 <unknown>
#5 0x559a625e2de3 <unknown>
#6 0x559a625b82dd <unknown>
#7 0x559a625b934e <unknown>
#8 0x559a628183e4 <unknown>
#9 0x559a6281c3d7 <unknown>
#10 0x559a62826b20 <unknown>
#11 0x559a6281d023 <unknown>
#12 0x559a627eb1aa <unknown>
#13 0x559a628416b8 <unknown>
#14 0x559a62841847 <unknown>
#15 0x559a62851243 <unknown>
#16 0x7f51ede84609 start_thread

2023-08-17T19:20:46.938346+0200 INFO Link aquired! https://clip.opus.pro/clip/P00817160Pj6[MAIN.PY]
2023-08-17T19:21:25.744379+0200 ERROR Main script ended work with exception: Message: stale element reference: stale element not found
  (Session info: chrome=114.0.5735.133); For documentation on this error, please visit: https://www.selenium.dev/documentation/webdriver/troubleshooting/errors#stale-element-reference-exception
Stacktrace:
#0 0x5583d56df4e3 <unknown>
#1 0x5583d540ec76 <unknown>
#2 0x5583d541353c <unknown>
#3 0x5583d541497e <unknown>
#4 0x5583d5414a4c <unknown>
#5 0x5583d544c3c2 <unknown>
#6 0x5583d5441021 <unknown>
#7 0x5583d546a012 <unknown>
#8 0x5583d5440b03 <unknown>
#9 0x5583d546a1de <unknown>
#10 0x5583d548230e <unknown>
#11 0x5583d5469de3 <unknown>
#12 0x5583d543f2dd <unknown>
#13 0x5583d544034e <unknown>
#14 0x5583d569f3e4 <unknown>
#15 0x5583d56a33d7 <unknown>
#16 0x5583d56adb20 <unknown>
#17 0x5583d56a4023 <unknown>
#18 0x5583d56721aa <unknown>
#19 0x5583d56c86b8 <unknown>
#20 0x5583d56c8847 <unknown>
#21 0x5583d56d8243 <unknown>
#22 0x7f8fc1a80609 start_thread
[MAIN.PY]
Traceback (most recent call last):

  File "/home/isfluder/Desktop/automated-yt-upload/sequence.py", line 54, in <module>
    run(['https://youtu.be/7doXTqVp16g'])
    └ <function run at 0x7fa8357a9e40>

> File "/home/isfluder/Desktop/automated-yt-upload/sequence.py", line 36, in run
    fetcher.download_videos(url=link)
    │       │                   └ 'https://clip.opus.pro/clip/P00817160Pj6'
    │       └ <function Fetcher.download_videos at 0x7fa8337a4400>
    └ <opus_fetcher.Fetcher object at 0x7fa836668210>

  File "/home/isfluder/Desktop/automated-yt-upload/opus_fetcher.py", line 142, in download_videos
    search_for_element_and_click(self.driver, By.XPATH, '//button[text()="Download"]')
    │                            │    │       │  └ 'xpath'
    │                            │    │       └ <class 'selenium.webdriver.common.by.By'>
    │                            │    └ <undetected_chromedriver.Chrome (session="7be627d1c14cd22a132de9954945d8d9")>
    │                            └ <opus_fetcher.Fetcher object at 0x7fa836668210>
    └ <function search_for_element_and_click at 0x7fa833e371a0>

  File "/home/isfluder/Desktop/automated-yt-upload/opus_fetcher.py", line 29, in search_for_element_and_click
    element.click()
    │       └ <function WebElement.click at 0x7fa833edd120>
    └ <undetected_chromedriver.webelement.WebElement (session="7be627d1c14cd22a132de9954945d8d9", element="D880EA211ED6BBB8D7041EF4...

  File "/home/isfluder/.local/lib/python3.11/site-packages/selenium/webdriver/remote/webelement.py", line 94, in click
    self._execute(Command.CLICK_ELEMENT)
    │    │        │       └ 'clickElement'
    │    │        └ <class 'selenium.webdriver.remote.command.Command'>
    │    └ <function WebElement._execute at 0x7fa833ede0c0>
    └ <undetected_chromedriver.webelement.WebElement (session="7be627d1c14cd22a132de9954945d8d9", element="D880EA211ED6BBB8D7041EF4...
  File "/home/isfluder/.local/lib/python3.11/site-packages/selenium/webdriver/remote/webelement.py", line 395, in _execute
    return self._parent.execute(command, params)
           │    │       │       │        └ {'id': 'D880EA211ED6BBB8D7041EF4CE1B2A6D_element_21'}
           │    │       │       └ 'clickElement'
           │    │       └ <function WebDriver.execute at 0x7fa833ef49a0>
           │    └ <undetected_chromedriver.Chrome (session="7be627d1c14cd22a132de9954945d8d9")>
           └ <undetected_chromedriver.webelement.WebElement (session="7be627d1c14cd22a132de9954945d8d9", element="D880EA211ED6BBB8D7041EF4...
  File "/home/isfluder/.local/lib/python3.11/site-packages/selenium/webdriver/remote/webdriver.py", line 345, in execute
    self.error_handler.check_response(response)
    │    │             │              └ {'status': 404, 'value': '{"value":{"error":"stale element reference","message":"stale element reference: stale element not f...
    │    │             └ <function ErrorHandler.check_response at 0x7fa833e99120>
    │    └ <selenium.webdriver.remote.errorhandler.ErrorHandler object at 0x7fa8337b4a50>
    └ <undetected_chromedriver.Chrome (session="7be627d1c14cd22a132de9954945d8d9")>
  File "/home/isfluder/.local/lib/python3.11/site-packages/selenium/webdriver/remote/errorhandler.py", line 229, in check_response
    raise exception_class(message, screen, stacktrace)
          │               │        │       └ ['#0 0x5583d56df4e3 <unknown>', '#1 0x5583d540ec76 <unknown>', '#2 0x5583d541353c <unknown>', '#3 0x5583d541497e <unknown>', ...
          │               │        └ None
          │               └ 'stale element reference: stale element not found\n  (Session info: chrome=114.0.5735.133)'
          └ <class 'selenium.common.exceptions.StaleElementReferenceException'>

selenium.common.exceptions.StaleElementReferenceException: Message: stale element reference: stale element not found
  (Session info: chrome=114.0.5735.133); For documentation on this error, please visit: https://www.selenium.dev/documentation/webdriver/troubleshooting/errors#stale-element-reference-exception
Stacktrace:
#0 0x5583d56df4e3 <unknown>
#1 0x5583d540ec76 <unknown>
#2 0x5583d541353c <unknown>
#3 0x5583d541497e <unknown>
#4 0x5583d5414a4c <unknown>
#5 0x5583d544c3c2 <unknown>
#6 0x5583d5441021 <unknown>
#7 0x5583d546a012 <unknown>
#8 0x5583d5440b03 <unknown>
#9 0x5583d546a1de <unknown>
#10 0x5583d548230e <unknown>
#11 0x5583d5469de3 <unknown>
#12 0x5583d543f2dd <unknown>
#13 0x5583d544034e <unknown>
#14 0x5583d569f3e4 <unknown>
#15 0x5583d56a33d7 <unknown>
#16 0x5583d56adb20 <unknown>
#17 0x5583d56a4023 <unknown>
#18 0x5583d56721aa <unknown>
#19 0x5583d56c86b8 <unknown>
#20 0x5583d56c8847 <unknown>
#21 0x5583d56d8243 <unknown>
#22 0x7f8fc1a80609 start_thread

2023-08-17T19:21:55.953293+0200 INFO Link aquired! https://clip.opus.pro/clip/P00817160Pj6[MAIN.PY]
2023-08-17T19:22:32.437728+0200 ERROR Main script ended work with exception: Message: stale element reference: stale element not found
  (Session info: chrome=114.0.5735.133); For documentation on this error, please visit: https://www.selenium.dev/documentation/webdriver/troubleshooting/errors#stale-element-reference-exception
Stacktrace:
#0 0x55f2b42344e3 <unknown>
#1 0x55f2b3f63c76 <unknown>
#2 0x55f2b3f6853c <unknown>
#3 0x55f2b3f6997e <unknown>
#4 0x55f2b3f69a4c <unknown>
#5 0x55f2b3fa13c2 <unknown>
#6 0x55f2b3f96021 <unknown>
#7 0x55f2b3fbf012 <unknown>
#8 0x55f2b3f95b03 <unknown>
#9 0x55f2b3fbf1de <unknown>
#10 0x55f2b3fd730e <unknown>
#11 0x55f2b3fbede3 <unknown>
#12 0x55f2b3f942dd <unknown>
#13 0x55f2b3f9534e <unknown>
#14 0x55f2b41f43e4 <unknown>
#15 0x55f2b41f83d7 <unknown>
#16 0x55f2b4202b20 <unknown>
#17 0x55f2b41f9023 <unknown>
#18 0x55f2b41c71aa <unknown>
#19 0x55f2b421d6b8 <unknown>
#20 0x55f2b421d847 <unknown>
#21 0x55f2b422d243 <unknown>
#22 0x7fb0f80b6609 start_thread
[MAIN.PY]
Traceback (most recent call last):

  File "/home/isfluder/Desktop/automated-yt-upload/sequence.py", line 54, in <module>
    run(['https://youtu.be/7doXTqVp16g'])
    └ <function run at 0x7fa8357a9e40>

> File "/home/isfluder/Desktop/automated-yt-upload/sequence.py", line 36, in run
    fetcher.download_videos(url=link)
    │       │                   └ 'https://clip.opus.pro/clip/P00817160Pj6'
    │       └ <function Fetcher.download_videos at 0x7fa8337a4400>
    └ <opus_fetcher.Fetcher object at 0x7fa833721750>

  File "/home/isfluder/Desktop/automated-yt-upload/opus_fetcher.py", line 142, in download_videos
    search_for_element_and_click(self.driver, By.XPATH, '//button[text()="Download"]')
    │                            │    │       │  └ 'xpath'
    │                            │    │       └ <class 'selenium.webdriver.common.by.By'>
    │                            │    └ <undetected_chromedriver.Chrome (session="1185c145af878a3682d8eabe972bccd0")>
    │                            └ <opus_fetcher.Fetcher object at 0x7fa833721750>
    └ <function search_for_element_and_click at 0x7fa833e371a0>

  File "/home/isfluder/Desktop/automated-yt-upload/opus_fetcher.py", line 29, in search_for_element_and_click
    element.click()
    │       └ <function WebElement.click at 0x7fa833edd120>
    └ <undetected_chromedriver.webelement.WebElement (session="1185c145af878a3682d8eabe972bccd0", element="753F98B7F2AB37686CCBBBB3...

  File "/home/isfluder/.local/lib/python3.11/site-packages/selenium/webdriver/remote/webelement.py", line 94, in click
    self._execute(Command.CLICK_ELEMENT)
    │    │        │       └ 'clickElement'
    │    │        └ <class 'selenium.webdriver.remote.command.Command'>
    │    └ <function WebElement._execute at 0x7fa833ede0c0>
    └ <undetected_chromedriver.webelement.WebElement (session="1185c145af878a3682d8eabe972bccd0", element="753F98B7F2AB37686CCBBBB3...
  File "/home/isfluder/.local/lib/python3.11/site-packages/selenium/webdriver/remote/webelement.py", line 395, in _execute
    return self._parent.execute(command, params)
           │    │       │       │        └ {'id': '753F98B7F2AB37686CCBBBB38E925042_element_20'}
           │    │       │       └ 'clickElement'
           │    │       └ <function WebDriver.execute at 0x7fa833ef49a0>
           │    └ <undetected_chromedriver.Chrome (session="1185c145af878a3682d8eabe972bccd0")>
           └ <undetected_chromedriver.webelement.WebElement (session="1185c145af878a3682d8eabe972bccd0", element="753F98B7F2AB37686CCBBBB3...
  File "/home/isfluder/.local/lib/python3.11/site-packages/selenium/webdriver/remote/webdriver.py", line 345, in execute
    self.error_handler.check_response(response)
    │    │             │              └ {'status': 404, 'value': '{"value":{"error":"stale element reference","message":"stale element reference: stale element not f...
    │    │             └ <function ErrorHandler.check_response at 0x7fa833e99120>
    │    └ <selenium.webdriver.remote.errorhandler.ErrorHandler object at 0x7fa8337e9750>
    └ <undetected_chromedriver.Chrome (session="1185c145af878a3682d8eabe972bccd0")>
  File "/home/isfluder/.local/lib/python3.11/site-packages/selenium/webdriver/remote/errorhandler.py", line 229, in check_response
    raise exception_class(message, screen, stacktrace)
          │               │        │       └ ['#0 0x55f2b42344e3 <unknown>', '#1 0x55f2b3f63c76 <unknown>', '#2 0x55f2b3f6853c <unknown>', '#3 0x55f2b3f6997e <unknown>', ...
          │               │        └ None
          │               └ 'stale element reference: stale element not found\n  (Session info: chrome=114.0.5735.133)'
          └ <class 'selenium.common.exceptions.StaleElementReferenceException'>

selenium.common.exceptions.StaleElementReferenceException: Message: stale element reference: stale element not found
  (Session info: chrome=114.0.5735.133); For documentation on this error, please visit: https://www.selenium.dev/documentation/webdriver/troubleshooting/errors#stale-element-reference-exception
Stacktrace:
#0 0x55f2b42344e3 <unknown>
#1 0x55f2b3f63c76 <unknown>
#2 0x55f2b3f6853c <unknown>
#3 0x55f2b3f6997e <unknown>
#4 0x55f2b3f69a4c <unknown>
#5 0x55f2b3fa13c2 <unknown>
#6 0x55f2b3f96021 <unknown>
#7 0x55f2b3fbf012 <unknown>
#8 0x55f2b3f95b03 <unknown>
#9 0x55f2b3fbf1de <unknown>
#10 0x55f2b3fd730e <unknown>
#11 0x55f2b3fbede3 <unknown>
#12 0x55f2b3f942dd <unknown>
#13 0x55f2b3f9534e <unknown>
#14 0x55f2b41f43e4 <unknown>
#15 0x55f2b41f83d7 <unknown>
#16 0x55f2b4202b20 <unknown>
#17 0x55f2b41f9023 <unknown>
#18 0x55f2b41c71aa <unknown>
#19 0x55f2b421d6b8 <unknown>
#20 0x55f2b421d847 <unknown>
#21 0x55f2b422d243 <unknown>
#22 0x7fb0f80b6609 start_thread

2023-08-17T19:25:25.147767+0200 INFO Link aquired! https://clip.opus.pro/clip/P00817160Pj6[MAIN.PY]
2023-08-17T19:26:09.274573+0200 ERROR Main script ended work with exception: <urlopen error [Errno -2] Name or service not known>[MAIN.PY]
Traceback (most recent call last):

  File "/usr/lib/python3.11/urllib/request.py", line 1348, in do_open
    h.request(req.get_method(), req.selector, req.data, headers,
    │ │       │   │             │   │         │   │     └ {'Host': 'chromedriver.storage.googleapis.com', 'User-Agent': 'Python-urllib/3.11', 'Connection': 'close'}
    │ │       │   │             │   │         │   └ <property object at 0x7fce916860c0>
    │ │       │   │             │   │         └ <urllib.request.Request object at 0x7fce83417f90>
    │ │       │   │             │   └ '/LATEST_RELEASE'
    │ │       │   │             └ <urllib.request.Request object at 0x7fce83417f90>
    │ │       │   └ <function Request.get_method at 0x7fce9168c900>
    │ │       └ <urllib.request.Request object at 0x7fce83417f90>
    │ └ <function HTTPConnection.request at 0x7fce995e4720>
    └ <http.client.HTTPSConnection object at 0x7fce834178d0>
  File "/usr/lib/python3.11/http/client.py", line 1286, in request
    self._send_request(method, url, body, headers, encode_chunked)
    │    │             │       │    │     │        └ False
    │    │             │       │    │     └ {'Host': 'chromedriver.storage.googleapis.com', 'User-Agent': 'Python-urllib/3.11', 'Connection': 'close'}
    │    │             │       │    └ None
    │    │             │       └ '/LATEST_RELEASE'
    │    │             └ 'GET'
    │    └ <function HTTPConnection._send_request at 0x7fce995e47c0>
    └ <http.client.HTTPSConnection object at 0x7fce834178d0>
  File "/usr/lib/python3.11/http/client.py", line 1332, in _send_request
    self.endheaders(body, encode_chunked=encode_chunked)
    │    │          │                    └ False
    │    │          └ None
    │    └ <function HTTPConnection.endheaders at 0x7fce995e4680>
    └ <http.client.HTTPSConnection object at 0x7fce834178d0>
  File "/usr/lib/python3.11/http/client.py", line 1281, in endheaders
    self._send_output(message_body, encode_chunked=encode_chunked)
    │    │            │                            └ False
    │    │            └ None
    │    └ <function HTTPConnection._send_output at 0x7fce995e4220>
    └ <http.client.HTTPSConnection object at 0x7fce834178d0>
  File "/usr/lib/python3.11/http/client.py", line 1041, in _send_output
    self.send(msg)
    │    │    └ b'GET /LATEST_RELEASE HTTP/1.1\r\nAccept-Encoding: identity\r\nHost: chromedriver.storage.googleapis.com\r\nUser-Agent: Pytho...
    │    └ <function HTTPConnection.send at 0x7fce995e4040>
    └ <http.client.HTTPSConnection object at 0x7fce834178d0>
  File "/usr/lib/python3.11/http/client.py", line 979, in send
    self.connect()
    │    └ <function HTTPSConnection.connect at 0x7fce99641da0>
    └ <http.client.HTTPSConnection object at 0x7fce834178d0>
  File "/usr/lib/python3.11/http/client.py", line 1451, in connect
    super().connect()
  File "/usr/lib/python3.11/http/client.py", line 945, in connect
    self.sock = self._create_connection(
    │    │      │    └ <function create_connection at 0x7fce998944a0>
    │    │      └ <http.client.HTTPSConnection object at 0x7fce834178d0>
    │    └ None
    └ <http.client.HTTPSConnection object at 0x7fce834178d0>
  File "/usr/lib/python3.11/socket.py", line 827, in create_connection
    for res in getaddrinfo(host, port, 0, SOCK_STREAM):
               │           │     │        └ <SocketKind.SOCK_STREAM: 1>
               │           │     └ 443
               │           └ 'chromedriver.storage.googleapis.com'
               └ <function getaddrinfo at 0x7fce99894680>
  File "/usr/lib/python3.11/socket.py", line 962, in getaddrinfo
    for res in _socket.getaddrinfo(host, port, family, type, proto, flags):
               │       │           │     │     │       │     │      └ 0
               │       │           │     │     │       │     └ 0
               │       │           │     │     │       └ <SocketKind.SOCK_STREAM: 1>
               │       │           │     │     └ 0
               │       │           │     └ 443
               │       │           └ 'chromedriver.storage.googleapis.com'
               │       └ <built-in function getaddrinfo>
               └ <module '_socket' (built-in)>

socket.gaierror: [Errno -2] Name or service not known


During handling of the above exception, another exception occurred:


Traceback (most recent call last):

  File "/usr/lib/python3.11/runpy.py", line 198, in _run_module_as_main
    return _run_code(code, main_globals, None,
           │         │     └ {'__name__': '__main__', '__doc__': None, '__package__': '', '__loader__': <_frozen_importlib_external.SourceFileLoader objec...
           │         └ <code object <module> at 0x7fce99cac9d0, file "/home/isfluder/.vscode/extensions/ms-python.python-2023.14.0/pythonFiles/lib/p...
           └ <function _run_code at 0x7fce99ab28e0>
  File "/usr/lib/python3.11/runpy.py", line 88, in _run_code
    exec(code, run_globals)
         │     └ {'__name__': '__main__', '__doc__': None, '__package__': '', '__loader__': <_frozen_importlib_external.SourceFileLoader objec...
         └ <code object <module> at 0x7fce99cac9d0, file "/home/isfluder/.vscode/extensions/ms-python.python-2023.14.0/pythonFiles/lib/p...

  File "/home/isfluder/.vscode/extensions/ms-python.python-2023.14.0/pythonFiles/lib/python/debugpy/adapter/../../debugpy/launcher/../../debugpy/__main__.py", line 39, in <module>
    cli.main()
    │   └ <function main at 0x7fce988b6020>
    └ <module 'debugpy.server.cli' from '/home/isfluder/.vscode/extensions/ms-python.python-2023.14.0/pythonFiles/lib/python/debugp...

  File "/home/isfluder/.vscode/extensions/ms-python.python-2023.14.0/pythonFiles/lib/python/debugpy/adapter/../../debugpy/launcher/../../debugpy/../debugpy/server/cli.py", line 430, in main
    run()
    └ <function run_file at 0x7fce988b5da0>

  File "/home/isfluder/.vscode/extensions/ms-python.python-2023.14.0/pythonFiles/lib/python/debugpy/adapter/../../debugpy/launcher/../../debugpy/../debugpy/server/cli.py", line 284, in run_file
    runpy.run_path(target, run_name="__main__")
    │     │        └ '/home/isfluder/Desktop/automated-yt-upload/sequence.py'
    │     └ <function run_path at 0x7fce98b5c9a0>
    └ <module '_pydevd_bundle.pydevd_runpy' from '/home/isfluder/.vscode/extensions/ms-python.python-2023.14.0/pythonFiles/lib/pyth...

  File "/home/isfluder/.vscode/extensions/ms-python.python-2023.14.0/pythonFiles/lib/python/debugpy/_vendored/pydevd/_pydevd_bundle/pydevd_runpy.py", line 321, in run_path
    return _run_module_code(code, init_globals, run_name,
           │                │     │             └ '__main__'
           │                │     └ None
           │                └ <code object <module> at 0x7fce98b20eb0, file "/home/isfluder/Desktop/automated-yt-upload/sequence.py", line 1>
           └ <function _run_module_code at 0x7fce98b5c5e0>

  File "/home/isfluder/.vscode/extensions/ms-python.python-2023.14.0/pythonFiles/lib/python/debugpy/_vendored/pydevd/_pydevd_bundle/pydevd_runpy.py", line 135, in _run_module_code
    _run_code(code, mod_globals, init_globals,
    │         │     │            └ None
    │         │     └ {'__name__': '__main__', '__doc__': None, '__package__': '', '__loader__': None, '__spec__': None, '__file__': '/home/isflude...
    │         └ <code object <module> at 0x7fce98b20eb0, file "/home/isfluder/Desktop/automated-yt-upload/sequence.py", line 1>
    └ <function _run_code at 0x7fce98b5c180>

  File "/home/isfluder/.vscode/extensions/ms-python.python-2023.14.0/pythonFiles/lib/python/debugpy/_vendored/pydevd/_pydevd_bundle/pydevd_runpy.py", line 124, in _run_code
    exec(code, run_globals)
         │     └ {'__name__': '__main__', '__doc__': None, '__package__': '', '__loader__': None, '__spec__': None, '__file__': '/home/isflude...
         └ <code object <module> at 0x7fce98b20eb0, file "/home/isfluder/Desktop/automated-yt-upload/sequence.py", line 1>

  File "/home/isfluder/Desktop/automated-yt-upload/sequence.py", line 54, in <module>
    run(['https://youtu.be/7doXTqVp16g'])
    └ <function run at 0x7fce914fca40>

> File "/home/isfluder/Desktop/automated-yt-upload/sequence.py", line 36, in run
    fetcher.download_videos(url=link)
    │       │                   └ 'https://clip.opus.pro/clip/P00817160Pj6'
    │       └ <function Fetcher.download_videos at 0x7fce833b0ae0>
    └ <opus_fetcher.Fetcher object at 0x7fce8333d790>

  File "/home/isfluder/Desktop/automated-yt-upload/opus_fetcher.py", line 133, in download_videos
    self.driver = chromedriver.Chrome(headless=headless, use_subprocess=False, options=self.opt)
    │    │        │            │               │                                       │    └ <selenium.webdriver.chrome.options.Options object at 0x7fce83365610>
    │    │        │            │               │                                       └ <opus_fetcher.Fetcher object at 0x7fce8333d790>
    │    │        │            │               └ False
    │    │        │            └ <class 'undetected_chromedriver.Chrome'>
    │    │        └ <module 'undetected_chromedriver' from '/home/isfluder/.local/lib/python3.11/site-packages/undetected_chromedriver/__init__.py'>
    │    └ <undetected_chromedriver.Chrome (session="3605ffa8d5f2f72356551e773a9fa33b")>
    └ <opus_fetcher.Fetcher object at 0x7fce8333d790>

  File "/home/isfluder/.local/lib/python3.11/site-packages/undetected_chromedriver/__init__.py", line 258, in __init__
    self.patcher.auto()
    │    │       └ <function Patcher.auto at 0x7fce8399da80>
    │    └ Patcher(/home/isfluder/.local/share/undetected_chromedriver/undetected_chromedriver)
    └ <undetected_chromedriver.Chrome (session="None")>
  File "/home/isfluder/.local/lib/python3.11/site-packages/undetected_chromedriver/patcher.py", line 157, in auto
    release = self.fetch_release_number()
              │    └ <function Patcher.fetch_release_number at 0x7fce8399dd00>
              └ Patcher(/home/isfluder/.local/share/undetected_chromedriver/undetected_chromedriver)
  File "/home/isfluder/.local/lib/python3.11/site-packages/undetected_chromedriver/patcher.py", line 225, in fetch_release_number
    return LooseVersion(urlopen(self.url_repo + path).read().decode())
           │            │       │    │          └ '/LATEST_RELEASE'
           │            │       │    └ 'https://chromedriver.storage.googleapis.com'
           │            │       └ Patcher(/home/isfluder/.local/share/undetected_chromedriver/undetected_chromedriver)
           │            └ <function urlopen at 0x7fce9164a020>
           └ <class 'distutils.version.LooseVersion'>
  File "/usr/lib/python3.11/urllib/request.py", line 216, in urlopen
    return opener.open(url, data, timeout)
           │      │    │    │     └ <object object at 0x7fce99c50420>
           │      │    │    └ None
           │      │    └ 'https://chromedriver.storage.googleapis.com/LATEST_RELEASE'
           │      └ <function OpenerDirector.open at 0x7fce9168d260>
           └ <urllib.request.OpenerDirector object at 0x7fce833b9f10>
  File "/usr/lib/python3.11/urllib/request.py", line 519, in open
    response = self._open(req, data)
               │    │     │    └ None
               │    │     └ <urllib.request.Request object at 0x7fce83417f90>
               │    └ <function OpenerDirector._open at 0x7fce9168d300>
               └ <urllib.request.OpenerDirector object at 0x7fce833b9f10>
  File "/usr/lib/python3.11/urllib/request.py", line 536, in _open
    result = self._call_chain(self.handle_open, protocol, protocol +
             │    │           │    │            │         └ 'https'
             │    │           │    │            └ 'https'
             │    │           │    └ {'unknown': [<urllib.request.UnknownHandler object at 0x7fce8334af10>], 'http': [<urllib.request.HTTPHandler object at 0x7fce...
             │    │           └ <urllib.request.OpenerDirector object at 0x7fce833b9f10>
             │    └ <function OpenerDirector._call_chain at 0x7fce9168d1c0>
             └ <urllib.request.OpenerDirector object at 0x7fce833b9f10>
  File "/usr/lib/python3.11/urllib/request.py", line 496, in _call_chain
    result = func(*args)
             │     └ (<urllib.request.Request object at 0x7fce83417f90>,)
             └ <bound method HTTPSHandler.https_open of <urllib.request.HTTPSHandler object at 0x7fce83a11a10>>
  File "/usr/lib/python3.11/urllib/request.py", line 1391, in https_open
    return self.do_open(http.client.HTTPSConnection, req,
           │    │       │    │      │                └ <urllib.request.Request object at 0x7fce83417f90>
           │    │       │    │      └ <class 'http.client.HTTPSConnection'>
           │    │       │    └ <module 'http.client' from '/usr/lib/python3.11/http/client.py'>
           │    │       └ <module 'http' from '/usr/lib/python3.11/http/__init__.py'>
           │    └ <function AbstractHTTPHandler.do_open at 0x7fce9168f1a0>
           └ <urllib.request.HTTPSHandler object at 0x7fce83a11a10>
  File "/usr/lib/python3.11/urllib/request.py", line 1351, in do_open
    raise URLError(err)
          └ <class 'urllib.error.URLError'>

urllib.error.URLError: <urlopen error [Errno -2] Name or service not known>
2023-08-17T19:28:14.442718+0200 INFO Link aquired! https://clip.opus.pro/clip/P00817160Pj6[MAIN.PY]
2023-08-17T19:30:03.239180+0200 ERROR Main script ended work with exception: Message: no such window: target window already closed
from unknown error: web view not found
  (Session info: chrome=114.0.5735.133)
Stacktrace:
#0 0x5599844974e3 <unknown>
#1 0x5599841c6c76 <unknown>
#2 0x5599841a0c6c <unknown>
#3 0x559984226f8f <unknown>
#4 0x559984239d66 <unknown>
#5 0x559984221de3 <unknown>
#6 0x5599841f72dd <unknown>
#7 0x5599841f834e <unknown>
#8 0x5599844573e4 <unknown>
#9 0x55998445b3d7 <unknown>
#10 0x559984465b20 <unknown>
#11 0x55998445c023 <unknown>
#12 0x55998442a1aa <unknown>
#13 0x5599844806b8 <unknown>
#14 0x559984480847 <unknown>
#15 0x559984490243 <unknown>
#16 0x7f1611198609 start_thread
[MAIN.PY]
Traceback (most recent call last):

  File "/home/isfluder/Desktop/automated-yt-upload/sequence.py", line 54, in <module>
    run(['https://youtu.be/7doXTqVp16g'])
    └ <function run at 0x7f42afd85e40>

> File "/home/isfluder/Desktop/automated-yt-upload/sequence.py", line 36, in run
    fetcher.download_videos(url=link)
    │       │                   └ 'https://clip.opus.pro/clip/P00817160Pj6'
    │       └ <function Fetcher.download_videos at 0x7f42add90400>
    └ <opus_fetcher.Fetcher object at 0x7f42ae39bd90>

  File "/home/isfluder/Desktop/automated-yt-upload/opus_fetcher.py", line 147, in download_videos
    self.register_step_1(self.email)
    │    │               │    └ 'moms-are-hot999@yopmail.com'
    │    │               └ <opus_fetcher.Fetcher object at 0x7f42ae39bd90>
    │    └ <function Fetcher.register_step_1 at 0x7f42add902c0>
    └ <opus_fetcher.Fetcher object at 0x7f42ae39bd90>

  File "/home/isfluder/Desktop/automated-yt-upload/opus_fetcher.py", line 84, in register_step_1
    search_for_element_and_send_keys(self.driver, By.ID, ':r0:', email)
    │                                │    │       │  │           └ 'moms-are-hot999@yopmail.com'
    │                                │    │       │  └ 'id'
    │                                │    │       └ <class 'selenium.webdriver.common.by.By'>
    │                                │    └ <undetected_chromedriver.Chrome (session="62b58094767fe133261899c2e635b0b0")>
    │                                └ <opus_fetcher.Fetcher object at 0x7f42ae39bd90>
    └ <function search_for_element_and_send_keys at 0x7f42ae377740>

  File "/home/isfluder/Desktop/automated-yt-upload/opus_fetcher.py", line 40, in search_for_element_and_send_keys
    element = WebDriverWait(browser, TIMEOUT).until(EC.presence_of_element_located((by, selector)))
              │             │        │              │  │                            │   └ ':r0:'
              │             │        │              │  │                            └ 'id'
              │             │        │              │  └ <function presence_of_element_located at 0x7f42ae376160>
              │             │        │              └ <module 'selenium.webdriver.support.expected_conditions' from '/home/isfluder/.local/lib/python3.11/site-packages/selenium/we...
              │             │        └ 20
              │             └ <undetected_chromedriver.Chrome (session="62b58094767fe133261899c2e635b0b0")>
              └ <class 'selenium.webdriver.support.wait.WebDriverWait'>

  File "/home/isfluder/.local/lib/python3.11/site-packages/selenium/webdriver/support/wait.py", line 86, in until
    value = method(self._driver)
            │      │    └ <undetected_chromedriver.Chrome (session="62b58094767fe133261899c2e635b0b0")>
            │      └ <selenium.webdriver.support.wait.WebDriverWait (session="62b58094767fe133261899c2e635b0b0")>
            └ <function presence_of_element_located.<locals>._predicate at 0x7f42add93c40>
  File "/home/isfluder/.local/lib/python3.11/site-packages/selenium/webdriver/support/expected_conditions.py", line 82, in _predicate
    return driver.find_element(*locator)
           │      │             └ ('id', ':r0:')
           │      └ <function WebDriver.find_element at 0x7f42ae2ddda0>
           └ <undetected_chromedriver.Chrome (session="62b58094767fe133261899c2e635b0b0")>
  File "/home/isfluder/.local/lib/python3.11/site-packages/selenium/webdriver/remote/webdriver.py", line 739, in find_element
    return self.execute(Command.FIND_ELEMENT, {"using": by, "value": value})["value"]
           │    │       │       │                       │            └ '[id=":r0:"]'
           │    │       │       │                       └ 'css selector'
           │    │       │       └ 'findElement'
           │    │       └ <class 'selenium.webdriver.remote.command.Command'>
           │    └ <function WebDriver.execute at 0x7f42ae2dc9a0>
           └ <undetected_chromedriver.Chrome (session="62b58094767fe133261899c2e635b0b0")>
  File "/home/isfluder/.local/lib/python3.11/site-packages/selenium/webdriver/remote/webdriver.py", line 345, in execute
    self.error_handler.check_response(response)
    │    │             │              └ {'status': 404, 'value': '{"value":{"error":"no such window","message":"no such window: target window already closed\\nfrom u...
    │    │             └ <function ErrorHandler.check_response at 0x7f42ae479120>
    │    └ <selenium.webdriver.remote.errorhandler.ErrorHandler object at 0x7f42adda0bd0>
    └ <undetected_chromedriver.Chrome (session="62b58094767fe133261899c2e635b0b0")>
  File "/home/isfluder/.local/lib/python3.11/site-packages/selenium/webdriver/remote/errorhandler.py", line 229, in check_response
    raise exception_class(message, screen, stacktrace)
          │               │        │       └ ['#0 0x5599844974e3 <unknown>', '#1 0x5599841c6c76 <unknown>', '#2 0x5599841a0c6c <unknown>', '#3 0x559984226f8f <unknown>', ...
          │               │        └ None
          │               └ 'no such window: target window already closed\nfrom unknown error: web view not found\n  (Session info: chrome=114.0.5735.133)'
          └ <class 'selenium.common.exceptions.NoSuchWindowException'>

selenium.common.exceptions.NoSuchWindowException: Message: no such window: target window already closed
from unknown error: web view not found
  (Session info: chrome=114.0.5735.133)
Stacktrace:
#0 0x5599844974e3 <unknown>
#1 0x5599841c6c76 <unknown>
#2 0x5599841a0c6c <unknown>
#3 0x559984226f8f <unknown>
#4 0x559984239d66 <unknown>
#5 0x559984221de3 <unknown>
#6 0x5599841f72dd <unknown>
#7 0x5599841f834e <unknown>
#8 0x5599844573e4 <unknown>
#9 0x55998445b3d7 <unknown>
#10 0x559984465b20 <unknown>
#11 0x55998445c023 <unknown>
#12 0x55998442a1aa <unknown>
#13 0x5599844806b8 <unknown>
#14 0x559984480847 <unknown>
#15 0x559984490243 <unknown>
#16 0x7f1611198609 start_thread

2023-08-17T19:30:33.900377+0200 INFO Link aquired! https://clip.opus.pro/clip/P00817160Pj6[MAIN.PY]
2023-08-17T19:32:41.802587+0200 INFO Link aquired! https://clip.opus.pro/clip/P00817160Pj6[MAIN.PY]
2023-08-19T10:50:43.369318+0200 ERROR Main script ended work with exception: Message: disconnected: not connected to DevTools
  (failed to check if window was closed: disconnected: not connected to DevTools)
  (Session info: chrome=114.0.5735.133)
Stacktrace:
#0 0x5593d8dcd4e3 <unknown>
#1 0x5593d8afcc76 <unknown>
#2 0x5593d8ae5623 <unknown>
#3 0x5593d8ae54c3 <unknown>
#4 0x5593d8afe472 <unknown>
#5 0x5593d8b6fdd5 <unknown>
#6 0x5593d8b57de3 <unknown>
#7 0x5593d8b2d2dd <unknown>
#8 0x5593d8b2e34e <unknown>
#9 0x5593d8d8d3e4 <unknown>
#10 0x5593d8d913d7 <unknown>
#11 0x5593d8d9bb20 <unknown>
#12 0x5593d8d92023 <unknown>
#13 0x5593d8d601aa <unknown>
#14 0x5593d8db66b8 <unknown>
#15 0x5593d8db6847 <unknown>
#16 0x5593d8dc6243 <unknown>
#17 0x7f3d594b8609 start_thread
[MAIN.PY]
Traceback (most recent call last):

  File "/home/isfluder/Desktop/automated-yt-upload/sequence.py", line 24, in run
    fetcher = opus_fetcher.Fetcher()
              │            └ <class 'opus_fetcher.Fetcher'>
              └ <module 'opus_fetcher' from '/home/isfluder/Desktop/automated-yt-upload/opus_fetcher.py'>

  File "/home/isfluder/Desktop/automated-yt-upload/opus_fetcher.py", line 72, in __init__
    frame = WebDriverWait(self.driver, TIMEOUT).until(EC.presence_of_element_located((By.ID, "app-iframe")))
            │             │    │       │              │  │                            │  └ 'id'
            │             │    │       │              │  │                            └ <class 'selenium.webdriver.common.by.By'>
            │             │    │       │              │  └ <function presence_of_element_located at 0x7f66fd6c2160>
            │             │    │       │              └ <module 'selenium.webdriver.support.expected_conditions' from '/home/isfluder/.local/lib/python3.11/site-packages/selenium/we...
            │             │    │       └ 20
            │             │    └ <undetected_chromedriver.Chrome (session="aba1e561ba58f986efc60f9d258db5cb")>
            │             └ <opus_fetcher.Fetcher object at 0x7f66fff90b10>
            └ <class 'selenium.webdriver.support.wait.WebDriverWait'>

  File "/home/isfluder/.local/lib/python3.11/site-packages/selenium/webdriver/support/wait.py", line 86, in until
    value = method(self._driver)
            │      │    └ <undetected_chromedriver.Chrome (session="aba1e561ba58f986efc60f9d258db5cb")>
            │      └ <selenium.webdriver.support.wait.WebDriverWait (session="aba1e561ba58f986efc60f9d258db5cb")>
            └ <function presence_of_element_located.<locals>._predicate at 0x7f66ff8893a0>
  File "/home/isfluder/.local/lib/python3.11/site-packages/selenium/webdriver/support/expected_conditions.py", line 82, in _predicate
    return driver.find_element(*locator)
           │      │             └ ('id', 'app-iframe')
           │      └ <function WebDriver.find_element at 0x7f66fd825da0>
           └ <undetected_chromedriver.Chrome (session="aba1e561ba58f986efc60f9d258db5cb")>
  File "/home/isfluder/.local/lib/python3.11/site-packages/selenium/webdriver/remote/webdriver.py", line 739, in find_element
    return self.execute(Command.FIND_ELEMENT, {"using": by, "value": value})["value"]
           │    │       │       │                       │            └ '[id="app-iframe"]'
           │    │       │       │                       └ 'css selector'
           │    │       │       └ 'findElement'
           │    │       └ <class 'selenium.webdriver.remote.command.Command'>
           │    └ <function WebDriver.execute at 0x7f66fd8249a0>
           └ <undetected_chromedriver.Chrome (session="aba1e561ba58f986efc60f9d258db5cb")>
  File "/home/isfluder/.local/lib/python3.11/site-packages/selenium/webdriver/remote/webdriver.py", line 345, in execute
    self.error_handler.check_response(response)
    │    │             │              └ {'status': 500, 'value': '{"value":{"error":"disconnected","message":"disconnected: not connected to DevTools\\n  (failed to ...
    │    │             └ <function ErrorHandler.check_response at 0x7f66fd7c5120>
    │    └ <selenium.webdriver.remote.errorhandler.ErrorHandler object at 0x7f66fd056750>
    └ <undetected_chromedriver.Chrome (session="aba1e561ba58f986efc60f9d258db5cb")>
  File "/home/isfluder/.local/lib/python3.11/site-packages/selenium/webdriver/remote/errorhandler.py", line 229, in check_response
    raise exception_class(message, screen, stacktrace)
          │               │        │       └ ['#0 0x5593d8dcd4e3 <unknown>', '#1 0x5593d8afcc76 <unknown>', '#2 0x5593d8ae5623 <unknown>', '#3 0x5593d8ae54c3 <unknown>', ...
          │               │        └ None
          │               └ 'disconnected: not connected to DevTools\n  (failed to check if window was closed: disconnected: not connected to DevTools)\n...
          └ <class 'selenium.common.exceptions.WebDriverException'>

selenium.common.exceptions.WebDriverException: Message: disconnected: not connected to DevTools
  (failed to check if window was closed: disconnected: not connected to DevTools)
  (Session info: chrome=114.0.5735.133)
Stacktrace:
#0 0x5593d8dcd4e3 <unknown>
#1 0x5593d8afcc76 <unknown>
#2 0x5593d8ae5623 <unknown>
#3 0x5593d8ae54c3 <unknown>
#4 0x5593d8afe472 <unknown>
#5 0x5593d8b6fdd5 <unknown>
#6 0x5593d8b57de3 <unknown>
#7 0x5593d8b2d2dd <unknown>
#8 0x5593d8b2e34e <unknown>
#9 0x5593d8d8d3e4 <unknown>
#10 0x5593d8d913d7 <unknown>
#11 0x5593d8d9bb20 <unknown>
#12 0x5593d8d92023 <unknown>
#13 0x5593d8d601aa <unknown>
#14 0x5593d8db66b8 <unknown>
#15 0x5593d8db6847 <unknown>
#16 0x5593d8dc6243 <unknown>
#17 0x7f3d594b8609 start_thread



During handling of the above exception, another exception occurred:


Traceback (most recent call last):

  File "/home/isfluder/Desktop/automated-yt-upload/sequence.py", line 57, in <module>
    run(['https://youtu.be/7doXTqVp16g'])
    └ <function run at 0x7f66ff0d9e40>

> File "/home/isfluder/Desktop/automated-yt-upload/sequence.py", line 47, in run
    if fetcher.wish != None:

UnboundLocalError: cannot access local variable 'fetcher' where it is not associated with a value
2023-08-19T10:53:02.468179+0200 INFO Link aquired! https://clip.opus.pro/clip/P00817160Pj6[MAIN.PY]
2023-08-19T10:53:56.289306+0200 INFO Started listening to verification code email.[MAIN.PY]
2023-08-19T10:54:01.290183+0200 INFO Found Opus login code: 804119[MAIN.PY]
2023-08-19T10:54:56.906885+0200 ERROR Main script ended work with exception: Message: no such window: target window already closed
from unknown error: web view not found
  (Session info: chrome=114.0.5735.133)
Stacktrace:
#0 0x5583da43d4e3 <unknown>
#1 0x5583da16cc76 <unknown>
#2 0x5583da146c6c <unknown>
#3 0x5583da1ccf8f <unknown>
#4 0x5583da1dfd66 <unknown>
#5 0x5583da1c7de3 <unknown>
#6 0x5583da19d2dd <unknown>
#7 0x5583da19e34e <unknown>
#8 0x5583da3fd3e4 <unknown>
#9 0x5583da4013d7 <unknown>
#10 0x5583da40bb20 <unknown>
#11 0x5583da402023 <unknown>
#12 0x5583da3d01aa <unknown>
#13 0x5583da4266b8 <unknown>
#14 0x5583da426847 <unknown>
#15 0x5583da436243 <unknown>
#16 0x7fbd5b046609 start_thread
[MAIN.PY]
Traceback (most recent call last):

  File "/home/isfluder/Desktop/automated-yt-upload/sequence.py", line 57, in <module>
    run(['https://youtu.be/7doXTqVp16g'])
    └ <function run at 0x7fe63b0d1e40>

> File "/home/isfluder/Desktop/automated-yt-upload/sequence.py", line 38, in run
    fetcher.download_videos(url=link)
    │       │                   └ 'https://clip.opus.pro/clip/P00817160Pj6'
    │       └ <function Fetcher.download_videos at 0x7fe6395ec400>
    └ <opus_fetcher.Fetcher object at 0x7fe639558cd0>

  File "/home/isfluder/Desktop/automated-yt-upload/opus_fetcher.py", line 171, in download_videos
    self.driver.execute_script("window.scrollTo(0, document.body.scrollHeight);")
    │    │      └ <function WebDriver.execute_script at 0x7fe63964cd60>
    │    └ <undetected_chromedriver.Chrome (session="9ec70d3365b33bcb51d68779d8c542e0")>
    └ <opus_fetcher.Fetcher object at 0x7fe639558cd0>

  File "/home/isfluder/.local/lib/python3.11/site-packages/selenium/webdriver/remote/webdriver.py", line 405, in execute_script
    return self.execute(command, {"script": script, "args": converted_args})["value"]
           │    │       │                   │               └ []
           │    │       │                   └ 'window.scrollTo(0, document.body.scrollHeight);'
           │    │       └ 'w3cExecuteScript'
           │    └ <function WebDriver.execute at 0x7fe63964c9a0>
           └ <undetected_chromedriver.Chrome (session="9ec70d3365b33bcb51d68779d8c542e0")>
  File "/home/isfluder/.local/lib/python3.11/site-packages/selenium/webdriver/remote/webdriver.py", line 345, in execute
    self.error_handler.check_response(response)
    │    │             │              └ {'status': 404, 'value': '{"value":{"error":"no such window","message":"no such window: target window already closed\\nfrom u...
    │    │             └ <function ErrorHandler.check_response at 0x7fe6397e5120>
    │    └ <selenium.webdriver.remote.errorhandler.ErrorHandler object at 0x7fe6395f7b90>
    └ <undetected_chromedriver.Chrome (session="9ec70d3365b33bcb51d68779d8c542e0")>
  File "/home/isfluder/.local/lib/python3.11/site-packages/selenium/webdriver/remote/errorhandler.py", line 229, in check_response
    raise exception_class(message, screen, stacktrace)
          │               │        │       └ ['#0 0x5583da43d4e3 <unknown>', '#1 0x5583da16cc76 <unknown>', '#2 0x5583da146c6c <unknown>', '#3 0x5583da1ccf8f <unknown>', ...
          │               │        └ None
          │               └ 'no such window: target window already closed\nfrom unknown error: web view not found\n  (Session info: chrome=114.0.5735.133)'
          └ <class 'selenium.common.exceptions.NoSuchWindowException'>

selenium.common.exceptions.NoSuchWindowException: Message: no such window: target window already closed
from unknown error: web view not found
  (Session info: chrome=114.0.5735.133)
Stacktrace:
#0 0x5583da43d4e3 <unknown>
#1 0x5583da16cc76 <unknown>
#2 0x5583da146c6c <unknown>
#3 0x5583da1ccf8f <unknown>
#4 0x5583da1dfd66 <unknown>
#5 0x5583da1c7de3 <unknown>
#6 0x5583da19d2dd <unknown>
#7 0x5583da19e34e <unknown>
#8 0x5583da3fd3e4 <unknown>
#9 0x5583da4013d7 <unknown>
#10 0x5583da40bb20 <unknown>
#11 0x5583da402023 <unknown>
#12 0x5583da3d01aa <unknown>
#13 0x5583da4266b8 <unknown>
#14 0x5583da426847 <unknown>
#15 0x5583da436243 <unknown>
#16 0x7fbd5b046609 start_thread

2023-08-19T10:55:01.723061+0200 ERROR Main script ended work with exception: Message: no such window: target window already closed
from unknown error: web view not found
  (Session info: chrome=114.0.5735.133)
Stacktrace:
#0 0x55a4f81694e3 <unknown>
#1 0x55a4f7e98c76 <unknown>
#2 0x55a4f7e72c6c <unknown>
#3 0x55a4f7ef8f8f <unknown>
#4 0x55a4f7f0bd66 <unknown>
#5 0x55a4f7ef3de3 <unknown>
#6 0x55a4f7ec92dd <unknown>
#7 0x55a4f7eca34e <unknown>
#8 0x55a4f81293e4 <unknown>
#9 0x55a4f812d3d7 <unknown>
#10 0x55a4f8137b20 <unknown>
#11 0x55a4f812e023 <unknown>
#12 0x55a4f80fc1aa <unknown>
#13 0x55a4f81526b8 <unknown>
#14 0x55a4f8152847 <unknown>
#15 0x55a4f8162243 <unknown>
#16 0x7f40d5029609 start_thread
[MAIN.PY]
Traceback (most recent call last):

  File "/home/isfluder/Desktop/automated-yt-upload/sequence.py", line 57, in <module>
    run(['https://youtu.be/7doXTqVp16g'])
    └ <function run at 0x7fe63b0d1e40>

> File "/home/isfluder/Desktop/automated-yt-upload/sequence.py", line 24, in run
    fetcher = opus_fetcher.Fetcher()
              │            └ <class 'opus_fetcher.Fetcher'>
              └ <module 'opus_fetcher' from '/home/isfluder/Desktop/automated-yt-upload/opus_fetcher.py'>

  File "/home/isfluder/Desktop/automated-yt-upload/opus_fetcher.py", line 72, in __init__
    frame = WebDriverWait(self.driver, TIMEOUT).until(EC.presence_of_element_located((By.ID, "app-iframe")))
            │             │    │       │              │  │                            │  └ 'id'
            │             │    │       │              │  │                            └ <class 'selenium.webdriver.common.by.By'>
            │             │    │       │              │  └ <function presence_of_element_located at 0x7fe6396e6160>
            │             │    │       │              └ <module 'selenium.webdriver.support.expected_conditions' from '/home/isfluder/.local/lib/python3.11/site-packages/selenium/we...
            │             │    │       └ 20
            │             │    └ <undetected_chromedriver.Chrome (session="46b77678b7532640e3c671f70524bd3a")>
            │             └ <opus_fetcher.Fetcher object at 0x7fe639d4cf10>
            └ <class 'selenium.webdriver.support.wait.WebDriverWait'>

  File "/home/isfluder/.local/lib/python3.11/site-packages/selenium/webdriver/support/wait.py", line 86, in until
    value = method(self._driver)
            │      │    └ <undetected_chromedriver.Chrome (session="46b77678b7532640e3c671f70524bd3a")>
            │      └ <selenium.webdriver.support.wait.WebDriverWait (session="46b77678b7532640e3c671f70524bd3a")>
            └ <function presence_of_element_located.<locals>._predicate at 0x7fe639604220>
  File "/home/isfluder/.local/lib/python3.11/site-packages/selenium/webdriver/support/expected_conditions.py", line 82, in _predicate
    return driver.find_element(*locator)
           │      │             └ ('id', 'app-iframe')
           │      └ <function WebDriver.find_element at 0x7fe63964dda0>
           └ <undetected_chromedriver.Chrome (session="46b77678b7532640e3c671f70524bd3a")>
  File "/home/isfluder/.local/lib/python3.11/site-packages/selenium/webdriver/remote/webdriver.py", line 739, in find_element
    return self.execute(Command.FIND_ELEMENT, {"using": by, "value": value})["value"]
           │    │       │       │                       │            └ '[id="app-iframe"]'
           │    │       │       │                       └ 'css selector'
           │    │       │       └ 'findElement'
           │    │       └ <class 'selenium.webdriver.remote.command.Command'>
           │    └ <function WebDriver.execute at 0x7fe63964c9a0>
           └ <undetected_chromedriver.Chrome (session="46b77678b7532640e3c671f70524bd3a")>
  File "/home/isfluder/.local/lib/python3.11/site-packages/selenium/webdriver/remote/webdriver.py", line 345, in execute
    self.error_handler.check_response(response)
    │    │             │              └ {'status': 404, 'value': '{"value":{"error":"no such window","message":"no such window: target window already closed\\nfrom u...
    │    │             └ <function ErrorHandler.check_response at 0x7fe6397e5120>
    │    └ <selenium.webdriver.remote.errorhandler.ErrorHandler object at 0x7fe6395fc1d0>
    └ <undetected_chromedriver.Chrome (session="46b77678b7532640e3c671f70524bd3a")>
  File "/home/isfluder/.local/lib/python3.11/site-packages/selenium/webdriver/remote/errorhandler.py", line 229, in check_response
    raise exception_class(message, screen, stacktrace)
          │               │        │       └ ['#0 0x55a4f81694e3 <unknown>', '#1 0x55a4f7e98c76 <unknown>', '#2 0x55a4f7e72c6c <unknown>', '#3 0x55a4f7ef8f8f <unknown>', ...
          │               │        └ None
          │               └ 'no such window: target window already closed\nfrom unknown error: web view not found\n  (Session info: chrome=114.0.5735.133)'
          └ <class 'selenium.common.exceptions.NoSuchWindowException'>

selenium.common.exceptions.NoSuchWindowException: Message: no such window: target window already closed
from unknown error: web view not found
  (Session info: chrome=114.0.5735.133)
Stacktrace:
#0 0x55a4f81694e3 <unknown>
#1 0x55a4f7e98c76 <unknown>
#2 0x55a4f7e72c6c <unknown>
#3 0x55a4f7ef8f8f <unknown>
#4 0x55a4f7f0bd66 <unknown>
#5 0x55a4f7ef3de3 <unknown>
#6 0x55a4f7ec92dd <unknown>
#7 0x55a4f7eca34e <unknown>
#8 0x55a4f81293e4 <unknown>
#9 0x55a4f812d3d7 <unknown>
#10 0x55a4f8137b20 <unknown>
#11 0x55a4f812e023 <unknown>
#12 0x55a4f80fc1aa <unknown>
#13 0x55a4f81526b8 <unknown>
#14 0x55a4f8152847 <unknown>
#15 0x55a4f8162243 <unknown>
#16 0x7f40d5029609 start_thread

2023-08-19T10:56:33.365529+0200 INFO Link aquired! https://clip.opus.pro/clip/P00817160Pj6[MAIN.PY]
2023-08-19T10:57:34.146107+0200 INFO Started listening to verification code email.[MAIN.PY]
2023-08-19T10:57:39.146862+0200 INFO Found Opus login code: 818121[MAIN.PY]
2023-08-19T11:30:45.964962+0200 INFO Bad proxy! Searching for new one...(1)[MAIN.PY]
2023-08-19T11:31:08.380484+0200 INFO Link aquired! https://clip.opus.pro/clip/P00817160Pj6[MAIN.PY]
2023-08-19T11:31:58.669390+0200 INFO Started listening to verification code email.[MAIN.PY]
2023-08-19T11:32:03.670109+0200 INFO Found Opus login code: 052851[MAIN.PY]
